2020-04-13 01:22:06,509 WARN o.a.j.t.BeanInfoSupport: Something bad happened when loading bean info for bean class org.apache.jmeter.protocol.bolt.sampler.BoltSampler
java.lang.NullPointerException: null
	at java.util.ResourceBundle.getBundleImpl(ResourceBundle.java:1326) ~[?:1.8.0_221]
	at java.util.ResourceBundle.getBundle(ResourceBundle.java:854) ~[?:1.8.0_221]
	at org.apache.jmeter.testbeans.BeanInfoSupport.<init>(BeanInfoSupport.java:127) ~[ApacheJMeter_core-5.2.1-SNAPSHOT.jar:5.2.1-SNAPSHOT]
	at org.apache.jmeter.protocol.bolt.sampler.BoltTestElementBeanInfoSupport.<init>(BoltTestElementBeanInfoSupport.java:34) ~[main/:?]
	at org.apache.jmeter.protocol.bolt.sampler.BoltSamplerBeanInfo.<init>(BoltSamplerBeanInfo.java:24) ~[main/:?]
	at sun.reflect.NativeConstructorAccessorImpl.newInstance0(Native Method) ~[?:1.8.0_221]
	at sun.reflect.NativeConstructorAccessorImpl.newInstance(NativeConstructorAccessorImpl.java:62) ~[?:1.8.0_221]
	at sun.reflect.DelegatingConstructorAccessorImpl.newInstance(DelegatingConstructorAccessorImpl.java:45) ~[?:1.8.0_221]
	at java.lang.reflect.Constructor.newInstance(Constructor.java:423) ~[?:1.8.0_221]
	at java.lang.Class.newInstance(Class.java:442) ~[?:1.8.0_221]
	at com.sun.beans.finder.InstanceFinder.instantiate(InstanceFinder.java:96) ~[?:1.8.0_221]
	at com.sun.beans.finder.InstanceFinder.find(InstanceFinder.java:66) ~[?:1.8.0_221]
	at java.beans.Introspector.findExplicitBeanInfo(Introspector.java:448) ~[?:1.8.0_221]
	at java.beans.Introspector.<init>(Introspector.java:398) ~[?:1.8.0_221]
	at java.beans.Introspector.getBeanInfo(Introspector.java:173) ~[?:1.8.0_221]
	at groovy.lang.MetaClassImpl$15.run(MetaClassImpl.java:3328) ~[groovy-all-2.4.16.jar:2.4.16]
	at java.security.AccessController.doPrivileged(Native Method) ~[?:1.8.0_221]
	at groovy.lang.MetaClassImpl.addProperties(MetaClassImpl.java:3326) ~[groovy-all-2.4.16.jar:2.4.16]
	at groovy.lang.MetaClassImpl.initialize(MetaClassImpl.java:3303) ~[groovy-all-2.4.16.jar:2.4.16]
	at org.codehaus.groovy.reflection.ClassInfo.getMetaClassUnderLock(ClassInfo.java:289) ~[groovy-all-2.4.16.jar:2.4.16]
	at org.codehaus.groovy.reflection.ClassInfo.getMetaClass(ClassInfo.java:331) ~[groovy-all-2.4.16.jar:2.4.16]
	at org.codehaus.groovy.runtime.metaclass.MetaClassRegistryImpl.getMetaClass(MetaClassRegistryImpl.java:277) ~[groovy-all-2.4.16.jar:2.4.16]
	at org.codehaus.groovy.runtime.InvokerHelper.getMetaClass(InvokerHelper.java:905) ~[groovy-all-2.4.16.jar:2.4.16]
	at org.codehaus.groovy.runtime.callsite.CallSiteArray.createCallConstructorSite(CallSiteArray.java:86) ~[groovy-all-2.4.16.jar:2.4.16]
	at org.codehaus.groovy.runtime.callsite.CallSiteArray.defaultCallConstructor(CallSiteArray.java:59) ~[groovy-all-2.4.16.jar:2.4.16]
	at org.codehaus.groovy.runtime.callsite.AbstractCallSite.callConstructor(AbstractCallSite.java:238) ~[groovy-all-2.4.16.jar:2.4.16]
	at org.codehaus.groovy.runtime.callsite.AbstractCallSite.callConstructor(AbstractCallSite.java:242) ~[groovy-all-2.4.16.jar:2.4.16]
	at org.apache.jmeter.protocol.bolt.sampler.BoltSamplerSpec.setup(BoltSamplerSpec.groovy:41) ~[test/:?]
	at sun.reflect.NativeMethodAccessorImpl.invoke0(Native Method) ~[?:1.8.0_221]
	at sun.reflect.NativeMethodAccessorImpl.invoke(NativeMethodAccessorImpl.java:62) ~[?:1.8.0_221]
	at sun.reflect.DelegatingMethodAccessorImpl.invoke(DelegatingMethodAccessorImpl.java:43) ~[?:1.8.0_221]
	at java.lang.reflect.Method.invoke(Method.java:498) ~[?:1.8.0_221]
	at org.spockframework.util.ReflectionUtil.invokeMethod(ReflectionUtil.java:200) ~[spock-core-1.2-groovy-2.4.jar:1.2]
	at org.spockframework.runtime.model.MethodInfo.invoke(MethodInfo.java:113) ~[spock-core-1.2-groovy-2.4.jar:1.2]
	at org.spockframework.runtime.BaseSpecRunner.invokeRaw(BaseSpecRunner.java:484) ~[spock-core-1.2-groovy-2.4.jar:1.2]
	at org.spockframework.runtime.BaseSpecRunner.invoke(BaseSpecRunner.java:467) ~[spock-core-1.2-groovy-2.4.jar:1.2]
	at org.spockframework.runtime.BaseSpecRunner.doRunSetup(BaseSpecRunner.java:399) ~[spock-core-1.2-groovy-2.4.jar:1.2]
	at org.spockframework.runtime.BaseSpecRunner$8.invoke(BaseSpecRunner.java:380) ~[spock-core-1.2-groovy-2.4.jar:1.2]
	at org.spockframework.runtime.BaseSpecRunner.invokeRaw(BaseSpecRunner.java:484) ~[spock-core-1.2-groovy-2.4.jar:1.2]
	at org.spockframework.runtime.BaseSpecRunner.invoke(BaseSpecRunner.java:467) ~[spock-core-1.2-groovy-2.4.jar:1.2]
	at org.spockframework.runtime.BaseSpecRunner.runSetup(BaseSpecRunner.java:373) ~[spock-core-1.2-groovy-2.4.jar:1.2]
	at org.spockframework.runtime.BaseSpecRunner.runSetup(BaseSpecRunner.java:368) ~[spock-core-1.2-groovy-2.4.jar:1.2]
	at org.spockframework.runtime.BaseSpecRunner.doRunIteration(BaseSpecRunner.java:321) ~[spock-core-1.2-groovy-2.4.jar:1.2]
	at org.spockframework.runtime.BaseSpecRunner$6.invoke(BaseSpecRunner.java:306) ~[spock-core-1.2-groovy-2.4.jar:1.2]
	at org.spockframework.runtime.BaseSpecRunner.invokeRaw(BaseSpecRunner.java:484) ~[spock-core-1.2-groovy-2.4.jar:1.2]
	at org.spockframework.runtime.BaseSpecRunner.invoke(BaseSpecRunner.java:467) ~[spock-core-1.2-groovy-2.4.jar:1.2]
	at org.spockframework.runtime.BaseSpecRunner.runIteration(BaseSpecRunner.java:285) ~[spock-core-1.2-groovy-2.4.jar:1.2]
	at org.spockframework.runtime.BaseSpecRunner.initializeAndRunIteration(BaseSpecRunner.java:275) ~[spock-core-1.2-groovy-2.4.jar:1.2]
	at org.spockframework.runtime.BaseSpecRunner.runSimpleFeature(BaseSpecRunner.java:266) ~[spock-core-1.2-groovy-2.4.jar:1.2]
	at org.spockframework.runtime.BaseSpecRunner.doRunFeature(BaseSpecRunner.java:260) ~[spock-core-1.2-groovy-2.4.jar:1.2]
	at org.spockframework.runtime.BaseSpecRunner$5.invoke(BaseSpecRunner.java:243) ~[spock-core-1.2-groovy-2.4.jar:1.2]
	at org.spockframework.runtime.BaseSpecRunner.invokeRaw(BaseSpecRunner.java:484) ~[spock-core-1.2-groovy-2.4.jar:1.2]
	at org.spockframework.runtime.BaseSpecRunner.invoke(BaseSpecRunner.java:467) ~[spock-core-1.2-groovy-2.4.jar:1.2]
	at org.spockframework.runtime.BaseSpecRunner.runFeature(BaseSpecRunner.java:235) ~[spock-core-1.2-groovy-2.4.jar:1.2]
	at org.spockframework.runtime.BaseSpecRunner.runFeatures(BaseSpecRunner.java:185) ~[spock-core-1.2-groovy-2.4.jar:1.2]
	at org.spockframework.runtime.BaseSpecRunner.doRunSpec(BaseSpecRunner.java:95) ~[spock-core-1.2-groovy-2.4.jar:1.2]
	at org.spockframework.runtime.BaseSpecRunner$1.invoke(BaseSpecRunner.java:81) ~[spock-core-1.2-groovy-2.4.jar:1.2]
	at org.spockframework.runtime.BaseSpecRunner.invokeRaw(BaseSpecRunner.java:484) ~[spock-core-1.2-groovy-2.4.jar:1.2]
	at org.spockframework.runtime.BaseSpecRunner.invoke(BaseSpecRunner.java:467) ~[spock-core-1.2-groovy-2.4.jar:1.2]
	at org.spockframework.runtime.BaseSpecRunner.runSpec(BaseSpecRunner.java:73) ~[spock-core-1.2-groovy-2.4.jar:1.2]
	at org.spockframework.runtime.BaseSpecRunner.run(BaseSpecRunner.java:64) ~[spock-core-1.2-groovy-2.4.jar:1.2]
	at org.spockframework.runtime.Sputnik.run(Sputnik.java:63) ~[spock-core-1.2-groovy-2.4.jar:1.2]
	at org.junit.runner.JUnitCore.run(JUnitCore.java:137) ~[junit-4.12.jar:4.12]
	at org.junit.runner.JUnitCore.run(JUnitCore.java:115) ~[junit-4.12.jar:4.12]
	at org.junit.vintage.engine.execution.RunnerExecutor.execute(RunnerExecutor.java:40) ~[junit-vintage-engine-5.5.1.jar:5.5.1]
	at java.util.stream.ForEachOps$ForEachOp$OfRef.accept(ForEachOps.java:184) ~[?:1.8.0_221]
	at java.util.stream.ReferencePipeline$3$1.accept(ReferencePipeline.java:193) ~[?:1.8.0_221]
	at java.util.Iterator.forEachRemaining(Iterator.java:116) ~[?:1.8.0_221]
	at java.util.Spliterators$IteratorSpliterator.forEachRemaining(Spliterators.java:1801) ~[?:1.8.0_221]
	at java.util.stream.AbstractPipeline.copyInto(AbstractPipeline.java:482) ~[?:1.8.0_221]
	at java.util.stream.AbstractPipeline.wrapAndCopyInto(AbstractPipeline.java:472) ~[?:1.8.0_221]
	at java.util.stream.ForEachOps$ForEachOp.evaluateSequential(ForEachOps.java:151) ~[?:1.8.0_221]
	at java.util.stream.ForEachOps$ForEachOp$OfRef.evaluateSequential(ForEachOps.java:174) ~[?:1.8.0_221]
	at java.util.stream.AbstractPipeline.evaluate(AbstractPipeline.java:234) ~[?:1.8.0_221]
	at java.util.stream.ReferencePipeline.forEach(ReferencePipeline.java:418) ~[?:1.8.0_221]
	at org.junit.vintage.engine.VintageTestEngine.executeAllChildren(VintageTestEngine.java:80) ~[junit-vintage-engine-5.5.1.jar:5.5.1]
	at org.junit.vintage.engine.VintageTestEngine.execute(VintageTestEngine.java:71) ~[junit-vintage-engine-5.5.1.jar:5.5.1]
	at org.junit.platform.launcher.core.DefaultLauncher.execute(DefaultLauncher.java:220) ~[junit-platform-launcher-1.3.1.jar:1.3.1]
	at org.junit.platform.launcher.core.DefaultLauncher.lambda$execute$6(DefaultLauncher.java:188) ~[junit-platform-launcher-1.3.1.jar:1.3.1]
	at org.junit.platform.launcher.core.DefaultLauncher.withInterceptedStreams(DefaultLauncher.java:202) [junit-platform-launcher-1.3.1.jar:1.3.1]
	at org.junit.platform.launcher.core.DefaultLauncher.execute(DefaultLauncher.java:181) [junit-platform-launcher-1.3.1.jar:1.3.1]
	at org.junit.platform.launcher.core.DefaultLauncher.execute(DefaultLauncher.java:128) [junit-platform-launcher-1.3.1.jar:1.3.1]
	at org.gradle.api.internal.tasks.testing.junitplatform.JUnitPlatformTestClassProcessor$CollectAllTestClassesExecutor.processAllTestClasses(JUnitPlatformTestClassProcessor.java:99) [gradle-testing-junit-platform-6.0.1.jar:6.0.1]
	at org.gradle.api.internal.tasks.testing.junitplatform.JUnitPlatformTestClassProcessor$CollectAllTestClassesExecutor.access$000(JUnitPlatformTestClassProcessor.java:79) [gradle-testing-junit-platform-6.0.1.jar:6.0.1]
	at org.gradle.api.internal.tasks.testing.junitplatform.JUnitPlatformTestClassProcessor.stop(JUnitPlatformTestClassProcessor.java:75) [gradle-testing-junit-platform-6.0.1.jar:6.0.1]
	at org.gradle.api.internal.tasks.testing.SuiteTestClassProcessor.stop(SuiteTestClassProcessor.java:61) [gradle-testing-base-6.0.1.jar:6.0.1]
	at sun.reflect.NativeMethodAccessorImpl.invoke0(Native Method) ~[?:1.8.0_221]
	at sun.reflect.NativeMethodAccessorImpl.invoke(NativeMethodAccessorImpl.java:62) ~[?:1.8.0_221]
	at sun.reflect.DelegatingMethodAccessorImpl.invoke(DelegatingMethodAccessorImpl.java:43) ~[?:1.8.0_221]
	at java.lang.reflect.Method.invoke(Method.java:498) ~[?:1.8.0_221]
	at org.gradle.internal.dispatch.ReflectionDispatch.dispatch(ReflectionDispatch.java:36) [gradle-messaging-6.0.1.jar:6.0.1]
	at org.gradle.internal.dispatch.ReflectionDispatch.dispatch(ReflectionDispatch.java:24) [gradle-messaging-6.0.1.jar:6.0.1]
	at org.gradle.internal.dispatch.ContextClassLoaderDispatch.dispatch(ContextClassLoaderDispatch.java:33) [gradle-messaging-6.0.1.jar:6.0.1]
	at org.gradle.internal.dispatch.ProxyDispatchAdapter$DispatchingInvocationHandler.invoke(ProxyDispatchAdapter.java:94) [gradle-messaging-6.0.1.jar:6.0.1]
	at com.sun.proxy.$Proxy2.stop(Unknown Source) [?:?]
	at org.gradle.api.internal.tasks.testing.worker.TestWorker.stop(TestWorker.java:132) [gradle-testing-base-6.0.1.jar:6.0.1]
	at sun.reflect.NativeMethodAccessorImpl.invoke0(Native Method) ~[?:1.8.0_221]
	at sun.reflect.NativeMethodAccessorImpl.invoke(NativeMethodAccessorImpl.java:62) ~[?:1.8.0_221]
	at sun.reflect.DelegatingMethodAccessorImpl.invoke(DelegatingMethodAccessorImpl.java:43) ~[?:1.8.0_221]
	at java.lang.reflect.Method.invoke(Method.java:498) ~[?:1.8.0_221]
	at org.gradle.internal.dispatch.ReflectionDispatch.dispatch(ReflectionDispatch.java:36) [gradle-messaging-6.0.1.jar:6.0.1]
	at org.gradle.internal.dispatch.ReflectionDispatch.dispatch(ReflectionDispatch.java:24) [gradle-messaging-6.0.1.jar:6.0.1]
	at org.gradle.internal.remote.internal.hub.MessageHubBackedObjectConnection$DispatchWrapper.dispatch(MessageHubBackedObjectConnection.java:182) [gradle-messaging-6.0.1.jar:6.0.1]
	at org.gradle.internal.remote.internal.hub.MessageHubBackedObjectConnection$DispatchWrapper.dispatch(MessageHubBackedObjectConnection.java:164) [gradle-messaging-6.0.1.jar:6.0.1]
	at org.gradle.internal.remote.internal.hub.MessageHub$Handler.run(MessageHub.java:412) [gradle-messaging-6.0.1.jar:6.0.1]
	at org.gradle.internal.concurrent.ExecutorPolicy$CatchAndRecordFailures.onExecute(ExecutorPolicy.java:64) [gradle-base-services-6.0.1.jar:6.0.1]
	at org.gradle.internal.concurrent.ManagedExecutorImpl$1.run(ManagedExecutorImpl.java:48) [gradle-base-services-6.0.1.jar:6.0.1]
	at java.util.concurrent.ThreadPoolExecutor.runWorker(ThreadPoolExecutor.java:1149) [?:1.8.0_221]
	at java.util.concurrent.ThreadPoolExecutor$Worker.run(ThreadPoolExecutor.java:624) [?:1.8.0_221]
	at org.gradle.internal.concurrent.ThreadFactoryImpl$ManagedThreadRunnable.run(ThreadFactoryImpl.java:56) [gradle-base-services-6.0.1.jar:6.0.1]
	at java.lang.Thread.run(Thread.java:748) [?:1.8.0_221]
2020-04-13 01:22:07,240 WARN o.a.j.t.BeanInfoSupport: Something bad happened when loading bean info for bean class org.apache.jmeter.protocol.bolt.config.BoltConnectionElement
java.lang.NullPointerException: null
	at java.util.ResourceBundle.getBundleImpl(ResourceBundle.java:1326) ~[?:1.8.0_221]
	at java.util.ResourceBundle.getBundle(ResourceBundle.java:854) ~[?:1.8.0_221]
	at org.apache.jmeter.testbeans.BeanInfoSupport.<init>(BeanInfoSupport.java:127) ~[ApacheJMeter_core-5.2.1-SNAPSHOT.jar:5.2.1-SNAPSHOT]
	at org.apache.jmeter.protocol.bolt.config.BoltConnectionElementBeanInfo.<init>(BoltConnectionElementBeanInfo.java:35) ~[main/:?]
	at sun.reflect.NativeConstructorAccessorImpl.newInstance0(Native Method) ~[?:1.8.0_221]
	at sun.reflect.NativeConstructorAccessorImpl.newInstance(NativeConstructorAccessorImpl.java:62) ~[?:1.8.0_221]
	at sun.reflect.DelegatingConstructorAccessorImpl.newInstance(DelegatingConstructorAccessorImpl.java:45) ~[?:1.8.0_221]
	at java.lang.reflect.Constructor.newInstance(Constructor.java:423) ~[?:1.8.0_221]
	at java.lang.Class.newInstance(Class.java:442) ~[?:1.8.0_221]
	at com.sun.beans.finder.InstanceFinder.instantiate(InstanceFinder.java:96) ~[?:1.8.0_221]
	at com.sun.beans.finder.InstanceFinder.find(InstanceFinder.java:66) ~[?:1.8.0_221]
	at java.beans.Introspector.findExplicitBeanInfo(Introspector.java:448) ~[?:1.8.0_221]
	at java.beans.Introspector.<init>(Introspector.java:398) ~[?:1.8.0_221]
	at java.beans.Introspector.getBeanInfo(Introspector.java:173) ~[?:1.8.0_221]
	at groovy.lang.MetaClassImpl$15.run(MetaClassImpl.java:3328) ~[groovy-all-2.4.16.jar:2.4.16]
	at java.security.AccessController.doPrivileged(Native Method) ~[?:1.8.0_221]
	at groovy.lang.MetaClassImpl.addProperties(MetaClassImpl.java:3326) ~[groovy-all-2.4.16.jar:2.4.16]
	at groovy.lang.MetaClassImpl.initialize(MetaClassImpl.java:3303) ~[groovy-all-2.4.16.jar:2.4.16]
	at org.codehaus.groovy.reflection.ClassInfo.getMetaClassUnderLock(ClassInfo.java:289) ~[groovy-all-2.4.16.jar:2.4.16]
	at org.codehaus.groovy.reflection.ClassInfo.getMetaClass(ClassInfo.java:331) ~[groovy-all-2.4.16.jar:2.4.16]
	at org.codehaus.groovy.runtime.metaclass.MetaClassRegistryImpl.getMetaClass(MetaClassRegistryImpl.java:277) ~[groovy-all-2.4.16.jar:2.4.16]
	at org.codehaus.groovy.runtime.InvokerHelper.getMetaClass(InvokerHelper.java:905) ~[groovy-all-2.4.16.jar:2.4.16]
	at org.codehaus.groovy.runtime.callsite.CallSiteArray.createCallConstructorSite(CallSiteArray.java:86) ~[groovy-all-2.4.16.jar:2.4.16]
	at org.codehaus.groovy.runtime.callsite.CallSiteArray.defaultCallConstructor(CallSiteArray.java:59) ~[groovy-all-2.4.16.jar:2.4.16]
	at org.codehaus.groovy.runtime.callsite.AbstractCallSite.callConstructor(AbstractCallSite.java:238) ~[groovy-all-2.4.16.jar:2.4.16]
	at org.codehaus.groovy.runtime.callsite.AbstractCallSite.callConstructor(AbstractCallSite.java:242) ~[groovy-all-2.4.16.jar:2.4.16]
	at org.apache.jmeter.protocol.bolt.sampler.BoltSamplerSpec.setup(BoltSamplerSpec.groovy:44) ~[test/:?]
	at sun.reflect.NativeMethodAccessorImpl.invoke0(Native Method) ~[?:1.8.0_221]
	at sun.reflect.NativeMethodAccessorImpl.invoke(NativeMethodAccessorImpl.java:62) ~[?:1.8.0_221]
	at sun.reflect.DelegatingMethodAccessorImpl.invoke(DelegatingMethodAccessorImpl.java:43) ~[?:1.8.0_221]
	at java.lang.reflect.Method.invoke(Method.java:498) ~[?:1.8.0_221]
	at org.spockframework.util.ReflectionUtil.invokeMethod(ReflectionUtil.java:200) ~[spock-core-1.2-groovy-2.4.jar:1.2]
	at org.spockframework.runtime.model.MethodInfo.invoke(MethodInfo.java:113) ~[spock-core-1.2-groovy-2.4.jar:1.2]
	at org.spockframework.runtime.BaseSpecRunner.invokeRaw(BaseSpecRunner.java:484) ~[spock-core-1.2-groovy-2.4.jar:1.2]
	at org.spockframework.runtime.BaseSpecRunner.invoke(BaseSpecRunner.java:467) ~[spock-core-1.2-groovy-2.4.jar:1.2]
	at org.spockframework.runtime.BaseSpecRunner.doRunSetup(BaseSpecRunner.java:399) ~[spock-core-1.2-groovy-2.4.jar:1.2]
	at org.spockframework.runtime.BaseSpecRunner$8.invoke(BaseSpecRunner.java:380) ~[spock-core-1.2-groovy-2.4.jar:1.2]
	at org.spockframework.runtime.BaseSpecRunner.invokeRaw(BaseSpecRunner.java:484) ~[spock-core-1.2-groovy-2.4.jar:1.2]
	at org.spockframework.runtime.BaseSpecRunner.invoke(BaseSpecRunner.java:467) ~[spock-core-1.2-groovy-2.4.jar:1.2]
	at org.spockframework.runtime.BaseSpecRunner.runSetup(BaseSpecRunner.java:373) ~[spock-core-1.2-groovy-2.4.jar:1.2]
	at org.spockframework.runtime.BaseSpecRunner.runSetup(BaseSpecRunner.java:368) ~[spock-core-1.2-groovy-2.4.jar:1.2]
	at org.spockframework.runtime.BaseSpecRunner.doRunIteration(BaseSpecRunner.java:321) ~[spock-core-1.2-groovy-2.4.jar:1.2]
	at org.spockframework.runtime.BaseSpecRunner$6.invoke(BaseSpecRunner.java:306) ~[spock-core-1.2-groovy-2.4.jar:1.2]
	at org.spockframework.runtime.BaseSpecRunner.invokeRaw(BaseSpecRunner.java:484) ~[spock-core-1.2-groovy-2.4.jar:1.2]
	at org.spockframework.runtime.BaseSpecRunner.invoke(BaseSpecRunner.java:467) ~[spock-core-1.2-groovy-2.4.jar:1.2]
	at org.spockframework.runtime.BaseSpecRunner.runIteration(BaseSpecRunner.java:285) ~[spock-core-1.2-groovy-2.4.jar:1.2]
	at org.spockframework.runtime.BaseSpecRunner.initializeAndRunIteration(BaseSpecRunner.java:275) ~[spock-core-1.2-groovy-2.4.jar:1.2]
	at org.spockframework.runtime.BaseSpecRunner.runSimpleFeature(BaseSpecRunner.java:266) ~[spock-core-1.2-groovy-2.4.jar:1.2]
	at org.spockframework.runtime.BaseSpecRunner.doRunFeature(BaseSpecRunner.java:260) ~[spock-core-1.2-groovy-2.4.jar:1.2]
	at org.spockframework.runtime.BaseSpecRunner$5.invoke(BaseSpecRunner.java:243) ~[spock-core-1.2-groovy-2.4.jar:1.2]
	at org.spockframework.runtime.BaseSpecRunner.invokeRaw(BaseSpecRunner.java:484) ~[spock-core-1.2-groovy-2.4.jar:1.2]
	at org.spockframework.runtime.BaseSpecRunner.invoke(BaseSpecRunner.java:467) ~[spock-core-1.2-groovy-2.4.jar:1.2]
	at org.spockframework.runtime.BaseSpecRunner.runFeature(BaseSpecRunner.java:235) ~[spock-core-1.2-groovy-2.4.jar:1.2]
	at org.spockframework.runtime.BaseSpecRunner.runFeatures(BaseSpecRunner.java:185) ~[spock-core-1.2-groovy-2.4.jar:1.2]
	at org.spockframework.runtime.BaseSpecRunner.doRunSpec(BaseSpecRunner.java:95) ~[spock-core-1.2-groovy-2.4.jar:1.2]
	at org.spockframework.runtime.BaseSpecRunner$1.invoke(BaseSpecRunner.java:81) ~[spock-core-1.2-groovy-2.4.jar:1.2]
	at org.spockframework.runtime.BaseSpecRunner.invokeRaw(BaseSpecRunner.java:484) ~[spock-core-1.2-groovy-2.4.jar:1.2]
	at org.spockframework.runtime.BaseSpecRunner.invoke(BaseSpecRunner.java:467) ~[spock-core-1.2-groovy-2.4.jar:1.2]
	at org.spockframework.runtime.BaseSpecRunner.runSpec(BaseSpecRunner.java:73) ~[spock-core-1.2-groovy-2.4.jar:1.2]
	at org.spockframework.runtime.BaseSpecRunner.run(BaseSpecRunner.java:64) ~[spock-core-1.2-groovy-2.4.jar:1.2]
	at org.spockframework.runtime.Sputnik.run(Sputnik.java:63) ~[spock-core-1.2-groovy-2.4.jar:1.2]
	at org.junit.runner.JUnitCore.run(JUnitCore.java:137) ~[junit-4.12.jar:4.12]
	at org.junit.runner.JUnitCore.run(JUnitCore.java:115) ~[junit-4.12.jar:4.12]
	at org.junit.vintage.engine.execution.RunnerExecutor.execute(RunnerExecutor.java:40) ~[junit-vintage-engine-5.5.1.jar:5.5.1]
	at java.util.stream.ForEachOps$ForEachOp$OfRef.accept(ForEachOps.java:184) ~[?:1.8.0_221]
	at java.util.stream.ReferencePipeline$3$1.accept(ReferencePipeline.java:193) ~[?:1.8.0_221]
	at java.util.Iterator.forEachRemaining(Iterator.java:116) ~[?:1.8.0_221]
	at java.util.Spliterators$IteratorSpliterator.forEachRemaining(Spliterators.java:1801) ~[?:1.8.0_221]
	at java.util.stream.AbstractPipeline.copyInto(AbstractPipeline.java:482) ~[?:1.8.0_221]
	at java.util.stream.AbstractPipeline.wrapAndCopyInto(AbstractPipeline.java:472) ~[?:1.8.0_221]
	at java.util.stream.ForEachOps$ForEachOp.evaluateSequential(ForEachOps.java:151) ~[?:1.8.0_221]
	at java.util.stream.ForEachOps$ForEachOp$OfRef.evaluateSequential(ForEachOps.java:174) ~[?:1.8.0_221]
	at java.util.stream.AbstractPipeline.evaluate(AbstractPipeline.java:234) ~[?:1.8.0_221]
	at java.util.stream.ReferencePipeline.forEach(ReferencePipeline.java:418) ~[?:1.8.0_221]
	at org.junit.vintage.engine.VintageTestEngine.executeAllChildren(VintageTestEngine.java:80) ~[junit-vintage-engine-5.5.1.jar:5.5.1]
	at org.junit.vintage.engine.VintageTestEngine.execute(VintageTestEngine.java:71) ~[junit-vintage-engine-5.5.1.jar:5.5.1]
	at org.junit.platform.launcher.core.DefaultLauncher.execute(DefaultLauncher.java:220) ~[junit-platform-launcher-1.3.1.jar:1.3.1]
	at org.junit.platform.launcher.core.DefaultLauncher.lambda$execute$6(DefaultLauncher.java:188) ~[junit-platform-launcher-1.3.1.jar:1.3.1]
	at org.junit.platform.launcher.core.DefaultLauncher.withInterceptedStreams(DefaultLauncher.java:202) [junit-platform-launcher-1.3.1.jar:1.3.1]
	at org.junit.platform.launcher.core.DefaultLauncher.execute(DefaultLauncher.java:181) [junit-platform-launcher-1.3.1.jar:1.3.1]
	at org.junit.platform.launcher.core.DefaultLauncher.execute(DefaultLauncher.java:128) [junit-platform-launcher-1.3.1.jar:1.3.1]
	at org.gradle.api.internal.tasks.testing.junitplatform.JUnitPlatformTestClassProcessor$CollectAllTestClassesExecutor.processAllTestClasses(JUnitPlatformTestClassProcessor.java:99) [gradle-testing-junit-platform-6.0.1.jar:6.0.1]
	at org.gradle.api.internal.tasks.testing.junitplatform.JUnitPlatformTestClassProcessor$CollectAllTestClassesExecutor.access$000(JUnitPlatformTestClassProcessor.java:79) [gradle-testing-junit-platform-6.0.1.jar:6.0.1]
	at org.gradle.api.internal.tasks.testing.junitplatform.JUnitPlatformTestClassProcessor.stop(JUnitPlatformTestClassProcessor.java:75) [gradle-testing-junit-platform-6.0.1.jar:6.0.1]
	at org.gradle.api.internal.tasks.testing.SuiteTestClassProcessor.stop(SuiteTestClassProcessor.java:61) [gradle-testing-base-6.0.1.jar:6.0.1]
	at sun.reflect.NativeMethodAccessorImpl.invoke0(Native Method) ~[?:1.8.0_221]
	at sun.reflect.NativeMethodAccessorImpl.invoke(NativeMethodAccessorImpl.java:62) ~[?:1.8.0_221]
	at sun.reflect.DelegatingMethodAccessorImpl.invoke(DelegatingMethodAccessorImpl.java:43) ~[?:1.8.0_221]
	at java.lang.reflect.Method.invoke(Method.java:498) ~[?:1.8.0_221]
	at org.gradle.internal.dispatch.ReflectionDispatch.dispatch(ReflectionDispatch.java:36) [gradle-messaging-6.0.1.jar:6.0.1]
	at org.gradle.internal.dispatch.ReflectionDispatch.dispatch(ReflectionDispatch.java:24) [gradle-messaging-6.0.1.jar:6.0.1]
	at org.gradle.internal.dispatch.ContextClassLoaderDispatch.dispatch(ContextClassLoaderDispatch.java:33) [gradle-messaging-6.0.1.jar:6.0.1]
	at org.gradle.internal.dispatch.ProxyDispatchAdapter$DispatchingInvocationHandler.invoke(ProxyDispatchAdapter.java:94) [gradle-messaging-6.0.1.jar:6.0.1]
	at com.sun.proxy.$Proxy2.stop(Unknown Source) [?:?]
	at org.gradle.api.internal.tasks.testing.worker.TestWorker.stop(TestWorker.java:132) [gradle-testing-base-6.0.1.jar:6.0.1]
	at sun.reflect.NativeMethodAccessorImpl.invoke0(Native Method) ~[?:1.8.0_221]
	at sun.reflect.NativeMethodAccessorImpl.invoke(NativeMethodAccessorImpl.java:62) ~[?:1.8.0_221]
	at sun.reflect.DelegatingMethodAccessorImpl.invoke(DelegatingMethodAccessorImpl.java:43) ~[?:1.8.0_221]
	at java.lang.reflect.Method.invoke(Method.java:498) ~[?:1.8.0_221]
	at org.gradle.internal.dispatch.ReflectionDispatch.dispatch(ReflectionDispatch.java:36) [gradle-messaging-6.0.1.jar:6.0.1]
	at org.gradle.internal.dispatch.ReflectionDispatch.dispatch(ReflectionDispatch.java:24) [gradle-messaging-6.0.1.jar:6.0.1]
	at org.gradle.internal.remote.internal.hub.MessageHubBackedObjectConnection$DispatchWrapper.dispatch(MessageHubBackedObjectConnection.java:182) [gradle-messaging-6.0.1.jar:6.0.1]
	at org.gradle.internal.remote.internal.hub.MessageHubBackedObjectConnection$DispatchWrapper.dispatch(MessageHubBackedObjectConnection.java:164) [gradle-messaging-6.0.1.jar:6.0.1]
	at org.gradle.internal.remote.internal.hub.MessageHub$Handler.run(MessageHub.java:412) [gradle-messaging-6.0.1.jar:6.0.1]
	at org.gradle.internal.concurrent.ExecutorPolicy$CatchAndRecordFailures.onExecute(ExecutorPolicy.java:64) [gradle-base-services-6.0.1.jar:6.0.1]
	at org.gradle.internal.concurrent.ManagedExecutorImpl$1.run(ManagedExecutorImpl.java:48) [gradle-base-services-6.0.1.jar:6.0.1]
	at java.util.concurrent.ThreadPoolExecutor.runWorker(ThreadPoolExecutor.java:1149) [?:1.8.0_221]
	at java.util.concurrent.ThreadPoolExecutor$Worker.run(ThreadPoolExecutor.java:624) [?:1.8.0_221]
	at org.gradle.internal.concurrent.ThreadFactoryImpl$ManagedThreadRunnable.run(ThreadFactoryImpl.java:56) [gradle-base-services-6.0.1.jar:6.0.1]
	at java.lang.Thread.run(Thread.java:748) [?:1.8.0_221]
2020-04-13 01:22:07,254 WARN o.a.j.u.JMeterUtils: Exception 'null' occurred when fetching String property:'START.MS'
2020-04-13 01:22:07,255 WARN o.a.j.u.JMeterUtils: Exception 'null' occurred when fetching String property:'START.YMD'
2020-04-13 01:22:07,255 WARN o.a.j.u.JMeterUtils: Exception 'null' occurred when fetching String property:'START.HMS'
2020-04-13 01:22:07,255 WARN o.a.j.u.JMeterUtils: Exception 'null' occurred when fetching String property:'TESTSTART.MS'
2020-04-13 01:22:07,467 WARN o.a.j.u.JMeterUtils: Exception 'null' occurred when fetching String property:'sampleresult.default.encoding', defaulting to: ISO-8859-1
2020-04-13 01:22:07,467 WARN o.a.j.u.JMeterUtils: Exception 'null' occurred when fetching boolean property:'subresults.disable_renaming', defaulting to: false
2020-04-13 01:22:07,469 WARN o.a.j.u.JMeterUtils: Exception 'null' occurred when fetching boolean property:'sampleresult.timestamp.start', defaulting to: false
2020-04-13 01:22:07,469 WARN o.a.j.u.JMeterUtils: Exception 'null' occurred when fetching boolean property:'sampleresult.useNanoTime', defaulting to: true
2020-04-13 01:22:07,469 WARN o.a.j.u.JMeterUtils: Exception 'null' occurred when fetching int property:'sampleresult.nanoThreadSleep', defaulting to: 5000
2020-04-13 01:22:07,470 INFO o.a.j.s.SampleResult: Note: Sample TimeStamps are END times
2020-04-13 01:22:07,470 INFO o.a.j.s.SampleResult: sampleresult.default.encoding is set to ISO-8859-1
2020-04-13 01:22:07,471 INFO o.a.j.s.SampleResult: sampleresult.useNanoTime=true
2020-04-13 01:22:07,471 INFO o.a.j.s.SampleResult: sampleresult.nanoThreadSleep=5000
2020-04-13 01:22:07,584 WARN o.a.j.u.JMeterUtils: Exception 'null' occurred when fetching String property:'START.MS'
2020-04-13 01:22:07,584 WARN o.a.j.u.JMeterUtils: Exception 'null' occurred when fetching String property:'START.YMD'
2020-04-13 01:22:07,584 WARN o.a.j.u.JMeterUtils: Exception 'null' occurred when fetching String property:'START.HMS'
2020-04-13 01:22:07,584 WARN o.a.j.u.JMeterUtils: Exception 'null' occurred when fetching String property:'TESTSTART.MS'
2020-04-13 01:22:07,663 WARN o.a.j.u.JMeterUtils: Exception 'null' occurred when fetching String property:'START.MS'
2020-04-13 01:22:07,663 WARN o.a.j.u.JMeterUtils: Exception 'null' occurred when fetching String property:'START.YMD'
2020-04-13 01:22:07,663 WARN o.a.j.u.JMeterUtils: Exception 'null' occurred when fetching String property:'START.HMS'
2020-04-13 01:22:07,663 WARN o.a.j.u.JMeterUtils: Exception 'null' occurred when fetching String property:'TESTSTART.MS'
2020-04-13 01:22:07,699 WARN o.a.j.u.JMeterUtils: Exception 'null' occurred when fetching String property:'START.MS'
2020-04-13 01:22:07,700 WARN o.a.j.u.JMeterUtils: Exception 'null' occurred when fetching String property:'START.YMD'
2020-04-13 01:22:07,700 WARN o.a.j.u.JMeterUtils: Exception 'null' occurred when fetching String property:'START.HMS'
2020-04-13 01:22:07,700 WARN o.a.j.u.JMeterUtils: Exception 'null' occurred when fetching String property:'TESTSTART.MS'
