2020-04-13 01:21:33,338 INFO o.a.j.u.JMeterUtils: Setting Locale to pt_BR
2020-04-13 01:21:34,502 INFO o.a.j.s.SampleResult: Note: Sample TimeStamps are START times
2020-04-13 01:21:34,503 INFO o.a.j.s.SampleResult: sampleresult.default.encoding is set to ISO-8859-1
2020-04-13 01:21:34,503 INFO o.a.j.s.SampleResult: sampleresult.useNanoTime=true
2020-04-13 01:21:34,504 INFO o.a.j.s.SampleResult: sampleresult.nanoThreadSleep=5000
2020-04-13 01:21:39,374 ERROR o.a.j.a.LogErrorHandler: Fatal Exception parsing document, message:Content is not allowed in prolog.
2020-04-13 01:21:39,378 ERROR o.a.j.a.LogErrorHandler: Fatal Exception parsing document, message:DOCTYPE is disallowed when the feature "http://apache.org/xml/features/disallow-doctype-decl" set to true.
2020-04-13 01:21:39,397 ERROR o.a.j.a.LogErrorHandler: Fatal Exception parsing document, message:The end-tag for element type "note" must end with a '>' delimiter.
2020-04-13 01:21:39,831 DEBUG o.a.j.j.JMeterTestCase: isError() true isFailure() false
2020-04-13 01:21:39,831 DEBUG o.a.j.j.JMeterTestCase: failure fatal: line=21 col=1 Content is not allowed in trailing section.
2020-04-13 01:21:39,833 DEBUG o.a.j.j.JMeterTestCase: isError() false isFailure() true
2020-04-13 01:21:39,833 DEBUG o.a.j.j.JMeterTestCase: failure FileName is required
2020-04-13 01:21:39,845 DEBUG o.a.j.j.JMeterTestCase: isError() false isFailure() false
2020-04-13 01:21:39,846 DEBUG o.a.j.j.JMeterTestCase: failure null
2020-04-13 01:21:39,882 DEBUG o.a.j.j.JMeterTestCase: isError() true isFailure() false
2020-04-13 01:21:39,882 DEBUG o.a.j.j.JMeterTestCase: failure error: line=1 col=92 schema_reference.4: Failed to read schema document 'xtestfiles/XMLSchema-fail.xsd', because 1) could not find the document; 2) the document could not be read; 3) the root element of the document is not <xsd:schema>.
2020-04-13 01:21:39,889 DEBUG o.a.j.j.JMeterTestCase: isError() true isFailure() false
2020-04-13 01:21:39,889 DEBUG o.a.j.j.JMeterTestCase: failure error: line=1 col=92 schema_reference.4: Failed to read schema document 'testfiles/XMLSchema-fail.xsd', because 1) could not find the document; 2) the document could not be read; 3) the root element of the document is not <xsd:schema>.
2020-04-13 01:21:39,890 DEBUG o.a.j.j.JMeterTestCase: isError() false isFailure() true
2020-04-13 01:21:39,891 DEBUG o.a.j.j.JMeterTestCase: failure Response was null
2020-04-13 01:21:39,902 DEBUG o.a.j.j.JMeterTestCase: xisError() false isFailure() false
2020-04-13 01:21:39,902 DEBUG o.a.j.j.JMeterTestCase: failure null
2020-04-13 01:21:39,903 DEBUG o.a.j.j.JMeterTestCase: isError() false isFailure() true
2020-04-13 01:21:39,903 DEBUG o.a.j.j.JMeterTestCase: failure Response was null
2020-04-13 01:21:39,908 DEBUG o.a.j.j.JMeterTestCase: isError() true isFailure() false
2020-04-13 01:21:39,909 DEBUG o.a.j.j.JMeterTestCase: failure fatal: Premature end of file.
2020-04-13 01:21:42,224 WARN o.a.j.a.g.XPath2Panel: Exception while validating XPath.
org.apache.xpath.domapi.XPathStylesheetDOM3Exception: O prefixo deve ser resolvido para um espaço de nomes: b
	at org.apache.xpath.compiler.XPathParser.errorForDOM3(XPathParser.java:655) ~[xalan-2.7.2.jar:?]
	at org.apache.xpath.compiler.Lexer.mapNSTokens(Lexer.java:647) ~[xalan-2.7.2.jar:?]
	at org.apache.xpath.compiler.Lexer.tokenize(Lexer.java:274) ~[xalan-2.7.2.jar:?]
	at org.apache.xpath.compiler.Lexer.tokenize(Lexer.java:98) ~[xalan-2.7.2.jar:?]
	at org.apache.xpath.compiler.XPathParser.initXPath(XPathParser.java:112) ~[xalan-2.7.2.jar:?]
	at org.apache.xpath.XPath.<init>(XPath.java:178) ~[xalan-2.7.2.jar:2.7.2]
	at org.apache.xpath.XPathAPI.eval(XPathAPI.java:277) ~[xalan-2.7.2.jar:2.7.2]
	at org.apache.jmeter.util.XPathUtil.validateXPath2(XPathUtil.java:603) ~[ApacheJMeter_core-5.2.1-SNAPSHOT.jar:5.2.1-SNAPSHOT]
	at org.apache.jmeter.assertions.gui.XPath2Panel.validXPath(XPath2Panel.java:242) ~[main/:?]
	at org.apache.jmeter.assertions.XPath2AssertionTest.testValidateXPath2(XPath2AssertionTest.java:238) ~[test/:?]
	at sun.reflect.NativeMethodAccessorImpl.invoke0(Native Method) ~[?:1.8.0_221]
	at sun.reflect.NativeMethodAccessorImpl.invoke(NativeMethodAccessorImpl.java:62) ~[?:1.8.0_221]
	at sun.reflect.DelegatingMethodAccessorImpl.invoke(DelegatingMethodAccessorImpl.java:43) ~[?:1.8.0_221]
	at java.lang.reflect.Method.invoke(Method.java:498) ~[?:1.8.0_221]
	at org.junit.platform.commons.util.ReflectionUtils.invokeMethod(ReflectionUtils.java:675) ~[junit-platform-commons-1.5.1.jar:1.5.1]
	at org.junit.jupiter.engine.execution.MethodInvocation.proceed(MethodInvocation.java:60) ~[junit-jupiter-engine-5.5.1.jar:5.5.1]
	at org.junit.jupiter.engine.execution.InvocationInterceptorChain$ValidatingInvocation.proceed(InvocationInterceptorChain.java:125) ~[junit-jupiter-engine-5.5.1.jar:5.5.1]
	at org.junit.jupiter.engine.extension.TimeoutInvocation.proceed(TimeoutInvocation.java:46) ~[junit-jupiter-engine-5.5.1.jar:5.5.1]
	at org.junit.jupiter.engine.extension.TimeoutExtension.intercept(TimeoutExtension.java:132) ~[junit-jupiter-engine-5.5.1.jar:5.5.1]
	at org.junit.jupiter.engine.extension.TimeoutExtension.interceptTestableMethod(TimeoutExtension.java:124) ~[junit-jupiter-engine-5.5.1.jar:5.5.1]
	at org.junit.jupiter.engine.extension.TimeoutExtension.interceptTestMethod(TimeoutExtension.java:74) ~[junit-jupiter-engine-5.5.1.jar:5.5.1]
	at org.junit.jupiter.engine.execution.ExecutableInvoker$ReflectiveInterceptorCall.lambda$ofVoidMethod$0(ExecutableInvoker.java:115) ~[junit-jupiter-engine-5.5.1.jar:5.5.1]
	at org.junit.jupiter.engine.execution.ExecutableInvoker.lambda$invoke$0(ExecutableInvoker.java:105) ~[junit-jupiter-engine-5.5.1.jar:5.5.1]
	at org.junit.jupiter.engine.execution.InvocationInterceptorChain$InterceptedInvocation.proceed(InvocationInterceptorChain.java:104) ~[junit-jupiter-engine-5.5.1.jar:5.5.1]
	at org.junit.jupiter.engine.execution.InvocationInterceptorChain.proceed(InvocationInterceptorChain.java:62) ~[junit-jupiter-engine-5.5.1.jar:5.5.1]
	at org.junit.jupiter.engine.execution.InvocationInterceptorChain.chainAndInvoke(InvocationInterceptorChain.java:43) ~[junit-jupiter-engine-5.5.1.jar:5.5.1]
	at org.junit.jupiter.engine.execution.InvocationInterceptorChain.invoke(InvocationInterceptorChain.java:35) ~[junit-jupiter-engine-5.5.1.jar:5.5.1]
	at org.junit.jupiter.engine.execution.ExecutableInvoker.invoke(ExecutableInvoker.java:104) ~[junit-jupiter-engine-5.5.1.jar:5.5.1]
	at org.junit.jupiter.engine.execution.ExecutableInvoker.invoke(ExecutableInvoker.java:98) ~[junit-jupiter-engine-5.5.1.jar:5.5.1]
	at org.junit.jupiter.engine.descriptor.TestMethodTestDescriptor.lambda$invokeTestMethod$6(TestMethodTestDescriptor.java:202) ~[junit-jupiter-engine-5.5.1.jar:5.5.1]
	at org.junit.platform.engine.support.hierarchical.ThrowableCollector.execute(ThrowableCollector.java:73) ~[junit-platform-engine-1.5.1.jar:1.5.1]
	at org.junit.jupiter.engine.descriptor.TestMethodTestDescriptor.invokeTestMethod(TestMethodTestDescriptor.java:198) ~[junit-jupiter-engine-5.5.1.jar:5.5.1]
	at org.junit.jupiter.engine.descriptor.TestMethodTestDescriptor.execute(TestMethodTestDescriptor.java:135) ~[junit-jupiter-engine-5.5.1.jar:5.5.1]
	at org.junit.jupiter.engine.descriptor.TestMethodTestDescriptor.execute(TestMethodTestDescriptor.java:69) ~[junit-jupiter-engine-5.5.1.jar:5.5.1]
	at org.junit.platform.engine.support.hierarchical.NodeTestTask.lambda$executeRecursively$5(NodeTestTask.java:135) ~[junit-platform-engine-1.5.1.jar:1.5.1]
	at org.junit.platform.engine.support.hierarchical.ThrowableCollector.execute(ThrowableCollector.java:73) ~[junit-platform-engine-1.5.1.jar:1.5.1]
	at org.junit.platform.engine.support.hierarchical.NodeTestTask.lambda$executeRecursively$7(NodeTestTask.java:125) ~[junit-platform-engine-1.5.1.jar:1.5.1]
	at org.junit.platform.engine.support.hierarchical.Node.around(Node.java:135) ~[junit-platform-engine-1.5.1.jar:1.5.1]
	at org.junit.platform.engine.support.hierarchical.NodeTestTask.lambda$executeRecursively$8(NodeTestTask.java:123) ~[junit-platform-engine-1.5.1.jar:1.5.1]
	at org.junit.platform.engine.support.hierarchical.ThrowableCollector.execute(ThrowableCollector.java:73) ~[junit-platform-engine-1.5.1.jar:1.5.1]
	at org.junit.platform.engine.support.hierarchical.NodeTestTask.executeRecursively(NodeTestTask.java:122) ~[junit-platform-engine-1.5.1.jar:1.5.1]
	at org.junit.platform.engine.support.hierarchical.NodeTestTask.execute(NodeTestTask.java:80) ~[junit-platform-engine-1.5.1.jar:1.5.1]
	at org.junit.platform.engine.support.hierarchical.ForkJoinPoolHierarchicalTestExecutorService$ExclusiveTask.compute(ForkJoinPoolHierarchicalTestExecutorService.java:171) ~[junit-platform-engine-1.5.1.jar:1.5.1]
	at org.junit.platform.engine.support.hierarchical.ForkJoinPoolHierarchicalTestExecutorService.executeNonConcurrentTasks(ForkJoinPoolHierarchicalTestExecutorService.java:141) ~[junit-platform-engine-1.5.1.jar:1.5.1]
	at org.junit.platform.engine.support.hierarchical.ForkJoinPoolHierarchicalTestExecutorService.invokeAll(ForkJoinPoolHierarchicalTestExecutorService.java:121) ~[junit-platform-engine-1.5.1.jar:1.5.1]
	at org.junit.platform.engine.support.hierarchical.NodeTestTask.lambda$executeRecursively$5(NodeTestTask.java:139) ~[junit-platform-engine-1.5.1.jar:1.5.1]
	at org.junit.platform.engine.support.hierarchical.ThrowableCollector.execute(ThrowableCollector.java:73) ~[junit-platform-engine-1.5.1.jar:1.5.1]
	at org.junit.platform.engine.support.hierarchical.NodeTestTask.lambda$executeRecursively$7(NodeTestTask.java:125) ~[junit-platform-engine-1.5.1.jar:1.5.1]
	at org.junit.platform.engine.support.hierarchical.Node.around(Node.java:135) ~[junit-platform-engine-1.5.1.jar:1.5.1]
	at org.junit.platform.engine.support.hierarchical.NodeTestTask.lambda$executeRecursively$8(NodeTestTask.java:123) ~[junit-platform-engine-1.5.1.jar:1.5.1]
	at org.junit.platform.engine.support.hierarchical.ThrowableCollector.execute(ThrowableCollector.java:73) ~[junit-platform-engine-1.5.1.jar:1.5.1]
	at org.junit.platform.engine.support.hierarchical.NodeTestTask.executeRecursively(NodeTestTask.java:122) ~[junit-platform-engine-1.5.1.jar:1.5.1]
	at org.junit.platform.engine.support.hierarchical.NodeTestTask.execute(NodeTestTask.java:80) ~[junit-platform-engine-1.5.1.jar:1.5.1]
	at org.junit.platform.engine.support.hierarchical.ForkJoinPoolHierarchicalTestExecutorService$ExclusiveTask.compute(ForkJoinPoolHierarchicalTestExecutorService.java:171) ~[junit-platform-engine-1.5.1.jar:1.5.1]
	at org.junit.platform.engine.support.hierarchical.ForkJoinPoolHierarchicalTestExecutorService.executeNonConcurrentTasks(ForkJoinPoolHierarchicalTestExecutorService.java:141) ~[junit-platform-engine-1.5.1.jar:1.5.1]
	at org.junit.platform.engine.support.hierarchical.ForkJoinPoolHierarchicalTestExecutorService.invokeAll(ForkJoinPoolHierarchicalTestExecutorService.java:121) ~[junit-platform-engine-1.5.1.jar:1.5.1]
	at org.junit.platform.engine.support.hierarchical.NodeTestTask.lambda$executeRecursively$5(NodeTestTask.java:139) ~[junit-platform-engine-1.5.1.jar:1.5.1]
	at org.junit.platform.engine.support.hierarchical.ThrowableCollector.execute(ThrowableCollector.java:73) ~[junit-platform-engine-1.5.1.jar:1.5.1]
	at org.junit.platform.engine.support.hierarchical.NodeTestTask.lambda$executeRecursively$7(NodeTestTask.java:125) ~[junit-platform-engine-1.5.1.jar:1.5.1]
	at org.junit.platform.engine.support.hierarchical.Node.around(Node.java:135) ~[junit-platform-engine-1.5.1.jar:1.5.1]
	at org.junit.platform.engine.support.hierarchical.NodeTestTask.lambda$executeRecursively$8(NodeTestTask.java:123) ~[junit-platform-engine-1.5.1.jar:1.5.1]
	at org.junit.platform.engine.support.hierarchical.ThrowableCollector.execute(ThrowableCollector.java:73) [junit-platform-engine-1.5.1.jar:1.5.1]
	at org.junit.platform.engine.support.hierarchical.NodeTestTask.executeRecursively(NodeTestTask.java:122) [junit-platform-engine-1.5.1.jar:1.5.1]
	at org.junit.platform.engine.support.hierarchical.NodeTestTask.execute(NodeTestTask.java:80) [junit-platform-engine-1.5.1.jar:1.5.1]
	at org.junit.platform.engine.support.hierarchical.ForkJoinPoolHierarchicalTestExecutorService$ExclusiveTask.compute(ForkJoinPoolHierarchicalTestExecutorService.java:171) [junit-platform-engine-1.5.1.jar:1.5.1]
	at java.util.concurrent.RecursiveAction.exec(RecursiveAction.java:189) [?:1.8.0_221]
	at java.util.concurrent.ForkJoinTask.doExec(ForkJoinTask.java:289) [?:1.8.0_221]
	at java.util.concurrent.ForkJoinPool$WorkQueue.runTask(ForkJoinPool.java:1056) [?:1.8.0_221]
	at java.util.concurrent.ForkJoinPool.runWorker(ForkJoinPool.java:1692) [?:1.8.0_221]
	at java.util.concurrent.ForkJoinWorkerThread.run(ForkJoinWorkerThread.java:157) [?:1.8.0_221]
2020-04-13 01:21:42,562 WARN o.a.j.u.XPathUtil: Type=Val=true Tol=false. org.xml.sax.SAXParseException; lineNumber: 1; columnNumber: 832; Element type "illegal" must be declared.
2020-04-13 01:21:42,587 DEBUG o.a.j.j.JMeterTestCase: isError() false isFailure() true
2020-04-13 01:21:42,587 DEBUG o.a.j.j.JMeterTestCase: failure message: Specified XPath was found... Turn off negate if this is not desired
2020-04-13 01:21:42,822 DEBUG o.a.j.j.JMeterTestCase: isError() false isFailure() false
2020-04-13 01:21:42,822 DEBUG o.a.j.j.JMeterTestCase: failure message: Nodes Matched for count(//error)=1
2020-04-13 01:21:42,827 DEBUG o.a.j.j.JMeterTestCase: isError() false isFailure() true
2020-04-13 01:21:42,827 DEBUG o.a.j.j.JMeterTestCase: failure message: Cannot understand: count(//error)
2020-04-13 01:21:42,840 DEBUG o.a.j.j.JMeterTestCase: isError() false isFailure() false
2020-04-13 01:21:42,840 DEBUG o.a.j.j.JMeterTestCase: failure message: No Nodes Matched for count(//error)=2
2020-04-13 01:21:42,845 DEBUG o.a.j.j.JMeterTestCase: isError() false isFailure() false
2020-04-13 01:21:42,845 DEBUG o.a.j.j.JMeterTestCase: failure message: No Nodes Matched for count(//*[code=1])=1
2020-04-13 01:21:42,849 DEBUG o.a.j.j.JMeterTestCase: isError() false isFailure() true
2020-04-13 01:21:42,849 DEBUG o.a.j.j.JMeterTestCase: failure message: No Nodes Matched for count(//error)=1
2020-04-13 01:21:42,854 DEBUG o.a.j.j.JMeterTestCase: isError() false isFailure() true
2020-04-13 01:21:42,854 DEBUG o.a.j.j.JMeterTestCase: failure message: No Nodes Matched for count(//*[code=2])=1
2020-04-13 01:21:42,859 DEBUG o.a.j.j.JMeterTestCase: isError() false isFailure() false
2020-04-13 01:21:42,859 DEBUG o.a.j.j.JMeterTestCase: failure message: 
2020-04-13 01:21:42,864 DEBUG o.a.j.j.JMeterTestCase: isError() false isFailure() false
2020-04-13 01:21:42,865 DEBUG o.a.j.j.JMeterTestCase: failure message: No Nodes Matched //*[code=2]
2020-04-13 01:21:42,869 DEBUG o.a.j.j.JMeterTestCase: isError() false isFailure() true
2020-04-13 01:21:42,869 DEBUG o.a.j.j.JMeterTestCase: failure message: Nodes Matched for count(//error)=2
2020-04-13 01:21:42,903 DEBUG o.a.j.j.JMeterTestCase: isError() false isFailure() false
2020-04-13 01:21:42,903 DEBUG o.a.j.j.JMeterTestCase: failure message: 
2020-04-13 01:21:42,908 DEBUG o.a.j.j.JMeterTestCase: isError() false isFailure() true
2020-04-13 01:21:42,908 DEBUG o.a.j.j.JMeterTestCase: failure message: Specified XPath was found... Turn off negate if this is not desired
2020-04-13 01:21:42,913 DEBUG o.a.j.j.JMeterTestCase: isError() false isFailure() true
2020-04-13 01:21:42,913 DEBUG o.a.j.j.JMeterTestCase: failure message: No Nodes Matched //x
2020-04-13 01:21:42,915 DEBUG o.a.j.j.JMeterTestCase: isError() false isFailure() true
2020-04-13 01:21:42,915 DEBUG o.a.j.j.JMeterTestCase: failure message: Response was null
2020-04-13 01:21:42,920 DEBUG o.a.j.j.JMeterTestCase: isError() false isFailure() true
2020-04-13 01:21:42,920 DEBUG o.a.j.j.JMeterTestCase: failure message: No Nodes Matched for count(//*[code=2])=1
2020-04-13 01:21:42,964 DEBUG o.a.j.j.JMeterTestCase: isError() false isFailure() true
2020-04-13 01:21:42,964 DEBUG o.a.j.j.JMeterTestCase: failure message: Nodes Matched for count(//*[code=1])=1
2020-04-13 01:21:42,975 DEBUG o.a.j.j.JMeterTestCase: isError() false isFailure() true
2020-04-13 01:21:42,975 DEBUG o.a.j.j.JMeterTestCase: failure message: Response was null
2020-04-13 01:21:42,978 ERROR o.a.j.u.XPathUtil: Type=Val=false Tol=false. org.xml.sax.SAXParseException; Premature end of file.
2020-04-13 01:21:42,978 DEBUG o.a.j.j.JMeterTestCase: isError() true isFailure() false
2020-04-13 01:21:42,979 DEBUG o.a.j.j.JMeterTestCase: failure message: SAXException: Premature end of file.
2020-04-13 01:21:42,982 ERROR o.a.j.u.XPathUtil: Type=Val=false Tol=false. org.xml.sax.SAXParseException; lineNumber: 1; columnNumber: 80; The element type "b" must be terminated by the matching end-tag "</b>".
2020-04-13 01:21:42,991 DEBUG o.a.j.j.JMeterTestCase: isError() true isFailure() false
2020-04-13 01:21:42,991 DEBUG o.a.j.j.JMeterTestCase: failure message: TransformerException: Não foi possível localizar a função: cou for: cou(//error)=1
2020-04-13 01:21:42,996 WARN o.a.j.u.XPathUtil: Type=Val=true Tol=false. org.xml.sax.SAXParseException; lineNumber: 1; columnNumber: 27; Document root element "company-xmlext-query-ret", must match DOCTYPE root "null".
2020-04-13 01:21:43,131 INFO o.a.j.s.FileServer: Default base='C:\Users\Carlos\Downloads\apache-jmeter-5.2.1_src\apache-jmeter-5.2.1\src\components'
2020-04-13 01:21:43,137 INFO o.a.j.s.FileServer: Stored: ../.././bin/testfiles/testquoted.csv
2020-04-13 01:21:43,175 ERROR o.a.j.c.CSVDataSet: java.io.IOException: Missing trailing quote-char in quoted field:["d4
Previous line is malformed]
2020-04-13 01:21:43,177 INFO o.a.j.s.FileServer: Close: ../.././bin/testfiles/testquoted.csv
2020-04-13 01:21:43,179 INFO o.a.j.s.FileServer: Stored: No.such.filename
2020-04-13 01:21:43,180 INFO o.a.j.s.FileServer: Stored: ../.././bin/testfiles/testempty.csv
2020-04-13 01:21:43,181 INFO o.a.j.s.FileServer: Close: ../.././bin/testfiles/testempty.csv
2020-04-13 01:21:43,182 INFO o.a.j.s.FileServer: Stored: ../.././bin/testfiles/testutf8.csv
2020-04-13 01:21:43,183 INFO o.a.j.s.FileServer: Close: ../.././bin/testfiles/testutf8.csv
2020-04-13 01:21:43,258 INFO o.a.j.s.FileServer: Stored: ../.././bin/testfiles/unit/TestCVSDataSet.csv Alias: ../.././bin/testfiles/unit/TestCVSDataSet.csv@abc
2020-04-13 01:21:43,259 INFO o.a.j.s.FileServer: Stored: ../.././bin/testfiles/unit/TestCVSDataSet.csv
2020-04-13 01:21:43,260 INFO o.a.j.s.FileServer: Close: ../.././bin/testfiles/unit/TestCVSDataSet.csv@abc
2020-04-13 01:21:43,260 INFO o.a.j.s.FileServer: Close: ../.././bin/testfiles/unit/TestCVSDataSet.csv
2020-04-13 01:21:43,264 INFO o.a.j.s.FileServer: Stored: ../.././bin/testfiles/testheader.csv
2020-04-13 01:21:43,269 INFO o.a.j.s.FileServer: Close: ../.././bin/testfiles/testheader.csv
2020-04-13 01:21:43,271 INFO o.a.j.s.FileServer: Stored: ../.././bin/testfiles/testheader.csv
2020-04-13 01:21:43,272 INFO o.a.j.s.FileServer: Close: ../.././bin/testfiles/testheader.csv
2020-04-13 01:21:43,321 WARN o.a.j.c.RandomVariableConfig: Cannot parse random seed: 'abcd' in element 
2020-04-13 01:21:43,324 ERROR o.a.j.c.RandomVariableConfig: maximum(0) must be >= minimum(10)
2020-04-13 01:21:43,324 WARN o.a.j.c.RandomVariableConfig: Cannot parse random seed: 'abcd' in element 
2020-04-13 01:21:43,326 WARN o.a.j.c.RandomVariableConfig: Cannot parse random seed: 'abcd' in element 
2020-04-13 01:21:43,329 DEBUG o.a.j.j.JMeterTestCase: Testing Generic Controller
2020-04-13 01:21:44,480 DEBUG o.a.j.j.JMeterTestCase: Testing Interleave Controller 2
2020-04-13 01:21:44,485 DEBUG o.a.j.j.JMeterTestCase: Testing Interleave Controller 3
2020-04-13 01:21:44,486 DEBUG o.a.j.j.JMeterTestCase: Testing Interleave Controller 4
2020-04-13 01:21:44,487 DEBUG o.a.j.j.JMeterTestCase: Testing Interleave Controller 5
2020-04-13 01:21:44,488 DEBUG o.a.j.j.JMeterTestCase: Testing Interleave Controller 6
2020-04-13 01:21:44,489 DEBUG o.a.j.j.JMeterTestCase: Testing Interleave Controller 1
2020-04-13 01:21:44,504 INFO o.a.j.e.u.CompoundVariable: Note: Function class names must contain the string: '.functions.'
2020-04-13 01:21:44,504 INFO o.a.j.e.u.CompoundVariable: Note: Function class names must not contain the string: '.gui.'
2020-04-13 01:21:44,511 WARN o.a.j.e.u.CompoundVariable: Did not find any functions
2020-04-13 01:21:44,529 DEBUG o.a.j.j.JMeterTestCase: Testing RandomController
2020-04-13 01:21:44,579 WARN o.a.j.t.TestCompiler: Unexpected duplicate for class org.apache.jmeter.control.LoopController and class org.apache.jmeter.control.TransactionController
2020-04-13 01:21:44,580 WARN o.a.j.t.TestCompiler: Unexpected duplicate for class org.apache.jmeter.control.TransactionController and class org.apache.jmeter.sampler.DebugSampler
2020-04-13 01:21:44,580 INFO o.a.j.t.JMeterThread: Thread started: ForkJoinPool-1-worker-1
2020-04-13 01:21:44,650 INFO o.a.j.s.SampleEvent: List of sample_variables: []
2020-04-13 01:21:44,651 INFO o.a.j.t.JMeterThread: Stop Thread detected by thread: null
2020-04-13 01:21:44,651 INFO o.a.j.t.JMeterThread: Thread finished: null
2020-04-13 01:21:44,903 WARN o.a.j.e.HtmlExtractor: : Error while generating result. java.lang.IllegalArgumentException: Extractor implementation:UNKNOWN is unknown
2020-04-13 01:21:45,258 WARN o.a.j.e.HtmlExtractor: : Error while generating result. java.lang.IllegalArgumentException: Extractor implementation:UNKNOWN is unknown
2020-04-13 01:21:45,399 WARN o.a.j.e.XPath2Extractor: Exception while processing '/age:ag/head/title', message:net.sf.saxon.s9api.SaxonApiException: Namespace prefix 'age' has not been declared
2020-04-13 01:21:45,472 WARN o.a.j.e.XPath2Extractor: No variable 'result' found to process by XPathExtractor '', skipping processing
2020-04-13 01:21:45,578 WARN o.a.j.e.XPath2Extractor: Exception while processing '/book/preface[@title='xyz']', message:-1
2020-04-13 01:21:45,770 WARN o.a.j.e.XPathExtractor: No variable 'result' found to process by XPathExtractor '', skipping processing
2020-04-13 01:21:45,793 ERROR o.a.j.u.XPathUtil: Type=Val=false Tol=false. org.xml.sax.SAXParseException; lineNumber: 1; columnNumber: 4; XML document structures must start and end within the same entity.
2020-04-13 01:21:45,793 WARN o.a.j.e.XPathExtractor: SAXException while processing (//test). XML document structures must start and end within the same entity.
2020-04-13 01:21:45,800 WARN o.a.j.e.XPathExtractor: TransformerException while processing (<). Era esperado um caminho de localização, mas o seguinte token foi encontrado:  <
2020-04-13 01:21:45,803 ERROR o.a.j.u.XPathUtil: Type=Val=false Tol=false. org.xml.sax.SAXParseException; lineNumber: 1; columnNumber: 1; Content is not allowed in prolog.
2020-04-13 01:21:45,803 WARN o.a.j.e.XPathExtractor: SAXException while processing (//test). Content is not allowed in prolog.
2020-04-13 01:21:45,808 INFO o.a.j.g.a.t.TemplateManager: Reading templates from: C:\Users\Carlos\Downloads\apache-jmeter-5.2.1_src\apache-jmeter-5.2.1\src\components\..\..\.\bin\templates\templates.xml
2020-04-13 01:21:49,298 INFO o.a.j.t.p.PreciseThroughputTimerTest: testExactNumberOfSamples is using seed 9167251713642218808
2020-04-13 01:21:49,576 WARN o.a.j.t.SyncTimer: SyncTimer  timeouted waiting for users after: 2000ms
2020-04-13 01:21:49,777 WARN o.a.j.t.SyncTimer: SyncTimer  timeouted waiting for users after: 0ms
2020-04-13 01:21:49,985 WARN o.a.j.t.SyncTimer: SyncTimer  timeouted waiting for users after: 200ms
2020-04-13 01:21:51,521 INFO o.e.j.u.log: Logging initialized @27133ms to org.eclipse.jetty.util.log.Slf4jLog
2020-04-13 01:21:51,963 INFO o.e.j.s.Server: jetty-9.4.19.v20190610; built: 2019-06-10T16:30:51.723Z; git: afcf563148970e98786327af5e07c261fda175d3; jvm 1.8.0_221-b11
2020-04-13 01:21:52,049 INFO o.e.j.s.h.ContextHandler: Started o.e.j.s.ServletContextHandler@3028fd4b{/__admin,null,AVAILABLE}
2020-04-13 01:21:52,055 INFO o.e.j.s.h.ContextHandler: Started o.e.j.s.ServletContextHandler@6c9f4114{/,null,AVAILABLE}
2020-04-13 01:21:52,092 INFO o.e.j.s.AbstractConnector: Started NetworkTrafficServerConnector@b41cce7{HTTP/1.1,[http/1.1]}{0.0.0.0:55423}
2020-04-13 01:21:52,093 INFO o.e.j.s.Server: Started @27708ms
2020-04-13 01:21:52,439 INFO o.a.j.v.b.i.HttpMetricsSender: Destroying 
2020-04-13 01:21:52,675 INFO o.e.j.s.h.C.ROOT: RequestHandlerClass from context returned com.github.tomakehurst.wiremock.http.StubRequestHandler. Normalized mapped under returned 'null'
2020-04-13 01:21:53,330 INFO o.a.j.v.b.i.HttpMetricsSender: Destroying 
2020-04-13 01:21:53,378 INFO o.a.j.v.b.i.HttpMetricsSender: Destroying 
2020-04-13 01:21:53,423 INFO o.a.j.v.b.i.HttpMetricsSender: Destroying 
2020-04-13 01:21:53,503 INFO o.e.j.s.AbstractConnector: Stopped NetworkTrafficServerConnector@b41cce7{HTTP/1.1,[http/1.1]}{0.0.0.0:0}
2020-04-13 01:21:53,506 INFO o.e.j.s.h.ContextHandler: Stopped o.e.j.s.ServletContextHandler@6c9f4114{/,null,UNAVAILABLE}
2020-04-13 01:21:53,506 INFO o.e.j.s.h.ContextHandler: Stopped o.e.j.s.ServletContextHandler@3028fd4b{/__admin,null,UNAVAILABLE}
2020-04-13 01:21:54,270 ERROR o.a.j.e.j.j.JMESPathExtractor: Error processing JSON content in , message: Unable to compile expression "$.k": syntax error token recognition error at: '$' at position 0, syntax error extraneous input '.' expecting {'!', '(', '*', '[', '{', '[?', '@', '`', RAW_STRING, JSON_CONSTANT, NAME, STRING} at position 1
2020-04-13 01:21:54,278 ERROR o.a.j.e.j.j.JMESPathExtractor: Error processing JSON content in , message: Unable to compile expression "$.k": syntax error token recognition error at: '$' at position 0, syntax error extraneous input '.' expecting {'!', '(', '*', '[', '{', '[?', '@', '`', RAW_STRING, JSON_CONSTANT, NAME, STRING} at position 1
2020-04-13 01:21:54,733 ERROR o.a.j.s.SampleResult: sampleEnd called twice
java.lang.Throwable: Invalid call sequence
	at org.apache.jmeter.samplers.SampleResult.sampleEnd(SampleResult.java:1146) ~[ApacheJMeter_core-5.2.1-SNAPSHOT.jar:5.2.1-SNAPSHOT]
	at org.apache.jmeter.samplers.SampleResult$sampleEnd$0.call(Unknown Source) ~[?:?]
	at org.codehaus.groovy.runtime.callsite.CallSiteArray.defaultCall(CallSiteArray.java:47) ~[groovy-all-2.4.16.jar:2.4.16]
	at org.codehaus.groovy.runtime.callsite.AbstractCallSite.call(AbstractCallSite.java:116) ~[groovy-all-2.4.16.jar:2.4.16]
	at org.codehaus.groovy.runtime.callsite.AbstractCallSite.call(AbstractCallSite.java:120) ~[groovy-all-2.4.16.jar:2.4.16]
	at org.apache.jmeter.assertions.CompareAssertionSpec.simpleResult(CompareAssertionSpec.groovy:74) ~[test/:?]
	at sun.reflect.NativeMethodAccessorImpl.invoke0(Native Method) ~[?:1.8.0_221]
	at sun.reflect.NativeMethodAccessorImpl.invoke(NativeMethodAccessorImpl.java:62) ~[?:1.8.0_221]
	at sun.reflect.DelegatingMethodAccessorImpl.invoke(DelegatingMethodAccessorImpl.java:43) ~[?:1.8.0_221]
	at java.lang.reflect.Method.invoke(Method.java:498) ~[?:1.8.0_221]
	at org.codehaus.groovy.runtime.callsite.PogoMetaMethodSite$PogoCachedMethodSiteNoUnwrap.invoke(PogoMetaMethodSite.java:190) ~[groovy-all-2.4.16.jar:2.4.16]
	at org.codehaus.groovy.runtime.callsite.PogoMetaMethodSite.callCurrent(PogoMetaMethodSite.java:59) ~[groovy-all-2.4.16.jar:2.4.16]
	at org.codehaus.groovy.runtime.callsite.CallSiteArray.defaultCallCurrent(CallSiteArray.java:51) ~[groovy-all-2.4.16.jar:2.4.16]
	at org.codehaus.groovy.runtime.callsite.AbstractCallSite.callCurrent(AbstractCallSite.java:157) ~[groovy-all-2.4.16.jar:2.4.16]
	at org.codehaus.groovy.runtime.callsite.AbstractCallSite.callCurrent(AbstractCallSite.java:177) ~[groovy-all-2.4.16.jar:2.4.16]
	at org.apache.jmeter.assertions.CompareAssertionSpec.$spock_feature_0_1(CompareAssertionSpec.groovy:47) ~[test/:?]
	at sun.reflect.NativeMethodAccessorImpl.invoke0(Native Method) ~[?:1.8.0_221]
	at sun.reflect.NativeMethodAccessorImpl.invoke(NativeMethodAccessorImpl.java:62) ~[?:1.8.0_221]
	at sun.reflect.DelegatingMethodAccessorImpl.invoke(DelegatingMethodAccessorImpl.java:43) ~[?:1.8.0_221]
	at java.lang.reflect.Method.invoke(Method.java:498) ~[?:1.8.0_221]
	at org.spockframework.util.ReflectionUtil.invokeMethod(ReflectionUtil.java:200) ~[spock-core-1.2-groovy-2.4.jar:1.2]
	at org.spockframework.runtime.model.MethodInfo.invoke(MethodInfo.java:113) ~[spock-core-1.2-groovy-2.4.jar:1.2]
	at org.spockframework.runtime.BaseSpecRunner.invokeRaw(BaseSpecRunner.java:484) ~[spock-core-1.2-groovy-2.4.jar:1.2]
	at org.spockframework.runtime.BaseSpecRunner.invoke(BaseSpecRunner.java:467) ~[spock-core-1.2-groovy-2.4.jar:1.2]
	at org.spockframework.runtime.BaseSpecRunner.runFeatureMethod(BaseSpecRunner.java:408) ~[spock-core-1.2-groovy-2.4.jar:1.2]
	at org.spockframework.runtime.BaseSpecRunner.doRunIteration(BaseSpecRunner.java:322) ~[spock-core-1.2-groovy-2.4.jar:1.2]
	at org.spockframework.runtime.BaseSpecRunner$6.invoke(BaseSpecRunner.java:306) ~[spock-core-1.2-groovy-2.4.jar:1.2]
	at org.spockframework.runtime.BaseSpecRunner.invokeRaw(BaseSpecRunner.java:484) ~[spock-core-1.2-groovy-2.4.jar:1.2]
	at org.spockframework.runtime.BaseSpecRunner.invoke(BaseSpecRunner.java:467) ~[spock-core-1.2-groovy-2.4.jar:1.2]
	at org.spockframework.runtime.BaseSpecRunner.runIteration(BaseSpecRunner.java:285) ~[spock-core-1.2-groovy-2.4.jar:1.2]
	at org.spockframework.runtime.BaseSpecRunner.initializeAndRunIteration(BaseSpecRunner.java:275) ~[spock-core-1.2-groovy-2.4.jar:1.2]
	at org.spockframework.runtime.ParameterizedSpecRunner.runIterations(ParameterizedSpecRunner.java:139) ~[spock-core-1.2-groovy-2.4.jar:1.2]
	at org.spockframework.runtime.ParameterizedSpecRunner.runParameterizedFeature(ParameterizedSpecRunner.java:41) ~[spock-core-1.2-groovy-2.4.jar:1.2]
	at org.spockframework.runtime.BaseSpecRunner.doRunFeature(BaseSpecRunner.java:259) ~[spock-core-1.2-groovy-2.4.jar:1.2]
	at org.spockframework.runtime.BaseSpecRunner$5.invoke(BaseSpecRunner.java:243) ~[spock-core-1.2-groovy-2.4.jar:1.2]
	at org.spockframework.runtime.BaseSpecRunner.invokeRaw(BaseSpecRunner.java:484) ~[spock-core-1.2-groovy-2.4.jar:1.2]
	at org.spockframework.runtime.BaseSpecRunner.invoke(BaseSpecRunner.java:467) ~[spock-core-1.2-groovy-2.4.jar:1.2]
	at org.spockframework.runtime.BaseSpecRunner.runFeature(BaseSpecRunner.java:235) ~[spock-core-1.2-groovy-2.4.jar:1.2]
	at org.spockframework.runtime.BaseSpecRunner.runFeatures(BaseSpecRunner.java:185) ~[spock-core-1.2-groovy-2.4.jar:1.2]
	at org.spockframework.runtime.BaseSpecRunner.doRunSpec(BaseSpecRunner.java:95) ~[spock-core-1.2-groovy-2.4.jar:1.2]
	at org.spockframework.runtime.BaseSpecRunner$1.invoke(BaseSpecRunner.java:81) ~[spock-core-1.2-groovy-2.4.jar:1.2]
	at org.spockframework.runtime.BaseSpecRunner.invokeRaw(BaseSpecRunner.java:484) ~[spock-core-1.2-groovy-2.4.jar:1.2]
	at org.spockframework.runtime.BaseSpecRunner.invoke(BaseSpecRunner.java:467) ~[spock-core-1.2-groovy-2.4.jar:1.2]
	at org.spockframework.runtime.BaseSpecRunner.runSpec(BaseSpecRunner.java:73) ~[spock-core-1.2-groovy-2.4.jar:1.2]
	at org.spockframework.runtime.BaseSpecRunner.run(BaseSpecRunner.java:64) ~[spock-core-1.2-groovy-2.4.jar:1.2]
	at org.spockframework.runtime.Sputnik.run(Sputnik.java:63) ~[spock-core-1.2-groovy-2.4.jar:1.2]
	at org.junit.runner.JUnitCore.run(JUnitCore.java:137) ~[junit-4.12.jar:4.12]
	at org.junit.runner.JUnitCore.run(JUnitCore.java:115) ~[junit-4.12.jar:4.12]
	at org.junit.vintage.engine.execution.RunnerExecutor.execute(RunnerExecutor.java:40) ~[junit-vintage-engine-5.5.1.jar:5.5.1]
	at java.util.stream.ForEachOps$ForEachOp$OfRef.accept(ForEachOps.java:184) ~[?:1.8.0_221]
	at java.util.stream.ReferencePipeline$3$1.accept(ReferencePipeline.java:193) ~[?:1.8.0_221]
	at java.util.Iterator.forEachRemaining(Iterator.java:116) ~[?:1.8.0_221]
	at java.util.Spliterators$IteratorSpliterator.forEachRemaining(Spliterators.java:1801) ~[?:1.8.0_221]
	at java.util.stream.AbstractPipeline.copyInto(AbstractPipeline.java:482) ~[?:1.8.0_221]
	at java.util.stream.AbstractPipeline.wrapAndCopyInto(AbstractPipeline.java:472) ~[?:1.8.0_221]
	at java.util.stream.ForEachOps$ForEachOp.evaluateSequential(ForEachOps.java:151) ~[?:1.8.0_221]
	at java.util.stream.ForEachOps$ForEachOp$OfRef.evaluateSequential(ForEachOps.java:174) ~[?:1.8.0_221]
	at java.util.stream.AbstractPipeline.evaluate(AbstractPipeline.java:234) ~[?:1.8.0_221]
	at java.util.stream.ReferencePipeline.forEach(ReferencePipeline.java:418) ~[?:1.8.0_221]
	at org.junit.vintage.engine.VintageTestEngine.executeAllChildren(VintageTestEngine.java:80) ~[junit-vintage-engine-5.5.1.jar:5.5.1]
	at org.junit.vintage.engine.VintageTestEngine.execute(VintageTestEngine.java:71) ~[junit-vintage-engine-5.5.1.jar:5.5.1]
	at org.junit.platform.launcher.core.DefaultLauncher.execute(DefaultLauncher.java:220) ~[junit-platform-launcher-1.3.1.jar:1.3.1]
	at org.junit.platform.launcher.core.DefaultLauncher.lambda$execute$6(DefaultLauncher.java:188) ~[junit-platform-launcher-1.3.1.jar:1.3.1]
	at org.junit.platform.launcher.core.DefaultLauncher.withInterceptedStreams(DefaultLauncher.java:202) [junit-platform-launcher-1.3.1.jar:1.3.1]
	at org.junit.platform.launcher.core.DefaultLauncher.execute(DefaultLauncher.java:181) [junit-platform-launcher-1.3.1.jar:1.3.1]
	at org.junit.platform.launcher.core.DefaultLauncher.execute(DefaultLauncher.java:128) [junit-platform-launcher-1.3.1.jar:1.3.1]
	at org.gradle.api.internal.tasks.testing.junitplatform.JUnitPlatformTestClassProcessor$CollectAllTestClassesExecutor.processAllTestClasses(JUnitPlatformTestClassProcessor.java:99) [gradle-testing-junit-platform-6.0.1.jar:6.0.1]
	at org.gradle.api.internal.tasks.testing.junitplatform.JUnitPlatformTestClassProcessor$CollectAllTestClassesExecutor.access$000(JUnitPlatformTestClassProcessor.java:79) [gradle-testing-junit-platform-6.0.1.jar:6.0.1]
	at org.gradle.api.internal.tasks.testing.junitplatform.JUnitPlatformTestClassProcessor.stop(JUnitPlatformTestClassProcessor.java:75) [gradle-testing-junit-platform-6.0.1.jar:6.0.1]
	at org.gradle.api.internal.tasks.testing.SuiteTestClassProcessor.stop(SuiteTestClassProcessor.java:61) [gradle-testing-base-6.0.1.jar:6.0.1]
	at sun.reflect.NativeMethodAccessorImpl.invoke0(Native Method) ~[?:1.8.0_221]
	at sun.reflect.NativeMethodAccessorImpl.invoke(NativeMethodAccessorImpl.java:62) ~[?:1.8.0_221]
	at sun.reflect.DelegatingMethodAccessorImpl.invoke(DelegatingMethodAccessorImpl.java:43) ~[?:1.8.0_221]
	at java.lang.reflect.Method.invoke(Method.java:498) ~[?:1.8.0_221]
	at org.gradle.internal.dispatch.ReflectionDispatch.dispatch(ReflectionDispatch.java:36) [gradle-messaging-6.0.1.jar:6.0.1]
	at org.gradle.internal.dispatch.ReflectionDispatch.dispatch(ReflectionDispatch.java:24) [gradle-messaging-6.0.1.jar:6.0.1]
	at org.gradle.internal.dispatch.ContextClassLoaderDispatch.dispatch(ContextClassLoaderDispatch.java:33) [gradle-messaging-6.0.1.jar:6.0.1]
	at org.gradle.internal.dispatch.ProxyDispatchAdapter$DispatchingInvocationHandler.invoke(ProxyDispatchAdapter.java:94) [gradle-messaging-6.0.1.jar:6.0.1]
	at com.sun.proxy.$Proxy2.stop(Unknown Source) [?:?]
	at org.gradle.api.internal.tasks.testing.worker.TestWorker.stop(TestWorker.java:132) [gradle-testing-base-6.0.1.jar:6.0.1]
	at sun.reflect.NativeMethodAccessorImpl.invoke0(Native Method) ~[?:1.8.0_221]
	at sun.reflect.NativeMethodAccessorImpl.invoke(NativeMethodAccessorImpl.java:62) ~[?:1.8.0_221]
	at sun.reflect.DelegatingMethodAccessorImpl.invoke(DelegatingMethodAccessorImpl.java:43) ~[?:1.8.0_221]
	at java.lang.reflect.Method.invoke(Method.java:498) ~[?:1.8.0_221]
	at org.gradle.internal.dispatch.ReflectionDispatch.dispatch(ReflectionDispatch.java:36) [gradle-messaging-6.0.1.jar:6.0.1]
	at org.gradle.internal.dispatch.ReflectionDispatch.dispatch(ReflectionDispatch.java:24) [gradle-messaging-6.0.1.jar:6.0.1]
	at org.gradle.internal.remote.internal.hub.MessageHubBackedObjectConnection$DispatchWrapper.dispatch(MessageHubBackedObjectConnection.java:182) [gradle-messaging-6.0.1.jar:6.0.1]
	at org.gradle.internal.remote.internal.hub.MessageHubBackedObjectConnection$DispatchWrapper.dispatch(MessageHubBackedObjectConnection.java:164) [gradle-messaging-6.0.1.jar:6.0.1]
	at org.gradle.internal.remote.internal.hub.MessageHub$Handler.run(MessageHub.java:412) [gradle-messaging-6.0.1.jar:6.0.1]
	at org.gradle.internal.concurrent.ExecutorPolicy$CatchAndRecordFailures.onExecute(ExecutorPolicy.java:64) [gradle-base-services-6.0.1.jar:6.0.1]
	at org.gradle.internal.concurrent.ManagedExecutorImpl$1.run(ManagedExecutorImpl.java:48) [gradle-base-services-6.0.1.jar:6.0.1]
	at java.util.concurrent.ThreadPoolExecutor.runWorker(ThreadPoolExecutor.java:1149) [?:1.8.0_221]
	at java.util.concurrent.ThreadPoolExecutor$Worker.run(ThreadPoolExecutor.java:624) [?:1.8.0_221]
	at org.gradle.internal.concurrent.ThreadFactoryImpl$ManagedThreadRunnable.run(ThreadFactoryImpl.java:56) [gradle-base-services-6.0.1.jar:6.0.1]
	at java.lang.Thread.run(Thread.java:748) [?:1.8.0_221]
2020-04-13 01:21:54,770 ERROR o.a.j.s.SampleResult: sampleEnd called twice
java.lang.Throwable: Invalid call sequence
	at org.apache.jmeter.samplers.SampleResult.sampleEnd(SampleResult.java:1146) ~[ApacheJMeter_core-5.2.1-SNAPSHOT.jar:5.2.1-SNAPSHOT]
	at org.apache.jmeter.samplers.SampleResult$sampleEnd$0.call(Unknown Source) ~[?:?]
	at org.apache.jmeter.assertions.CompareAssertionSpec.simpleResult(CompareAssertionSpec.groovy:74) ~[test/:?]
	at sun.reflect.NativeMethodAccessorImpl.invoke0(Native Method) ~[?:1.8.0_221]
	at sun.reflect.NativeMethodAccessorImpl.invoke(NativeMethodAccessorImpl.java:62) ~[?:1.8.0_221]
	at sun.reflect.DelegatingMethodAccessorImpl.invoke(DelegatingMethodAccessorImpl.java:43) ~[?:1.8.0_221]
	at java.lang.reflect.Method.invoke(Method.java:498) ~[?:1.8.0_221]
	at org.codehaus.groovy.runtime.callsite.PogoMetaMethodSite$PogoCachedMethodSiteNoUnwrap.invoke(PogoMetaMethodSite.java:190) ~[groovy-all-2.4.16.jar:2.4.16]
	at org.codehaus.groovy.runtime.callsite.PogoMetaMethodSite.callCurrent(PogoMetaMethodSite.java:59) ~[groovy-all-2.4.16.jar:2.4.16]
	at org.codehaus.groovy.runtime.callsite.CallSiteArray.defaultCallCurrent(CallSiteArray.java:51) ~[groovy-all-2.4.16.jar:2.4.16]
	at org.codehaus.groovy.runtime.callsite.AbstractCallSite.callCurrent(AbstractCallSite.java:157) ~[groovy-all-2.4.16.jar:2.4.16]
	at org.codehaus.groovy.runtime.callsite.AbstractCallSite.callCurrent(AbstractCallSite.java:177) ~[groovy-all-2.4.16.jar:2.4.16]
	at org.apache.jmeter.assertions.CompareAssertionSpec.$spock_feature_0_1(CompareAssertionSpec.groovy:58) ~[test/:?]
	at sun.reflect.NativeMethodAccessorImpl.invoke0(Native Method) ~[?:1.8.0_221]
	at sun.reflect.NativeMethodAccessorImpl.invoke(NativeMethodAccessorImpl.java:62) ~[?:1.8.0_221]
	at sun.reflect.DelegatingMethodAccessorImpl.invoke(DelegatingMethodAccessorImpl.java:43) ~[?:1.8.0_221]
	at java.lang.reflect.Method.invoke(Method.java:498) ~[?:1.8.0_221]
	at org.spockframework.util.ReflectionUtil.invokeMethod(ReflectionUtil.java:200) ~[spock-core-1.2-groovy-2.4.jar:1.2]
	at org.spockframework.runtime.model.MethodInfo.invoke(MethodInfo.java:113) ~[spock-core-1.2-groovy-2.4.jar:1.2]
	at org.spockframework.runtime.BaseSpecRunner.invokeRaw(BaseSpecRunner.java:484) ~[spock-core-1.2-groovy-2.4.jar:1.2]
	at org.spockframework.runtime.BaseSpecRunner.invoke(BaseSpecRunner.java:467) ~[spock-core-1.2-groovy-2.4.jar:1.2]
	at org.spockframework.runtime.BaseSpecRunner.runFeatureMethod(BaseSpecRunner.java:408) ~[spock-core-1.2-groovy-2.4.jar:1.2]
	at org.spockframework.runtime.BaseSpecRunner.doRunIteration(BaseSpecRunner.java:322) ~[spock-core-1.2-groovy-2.4.jar:1.2]
	at org.spockframework.runtime.BaseSpecRunner$6.invoke(BaseSpecRunner.java:306) ~[spock-core-1.2-groovy-2.4.jar:1.2]
	at org.spockframework.runtime.BaseSpecRunner.invokeRaw(BaseSpecRunner.java:484) ~[spock-core-1.2-groovy-2.4.jar:1.2]
	at org.spockframework.runtime.BaseSpecRunner.invoke(BaseSpecRunner.java:467) ~[spock-core-1.2-groovy-2.4.jar:1.2]
	at org.spockframework.runtime.BaseSpecRunner.runIteration(BaseSpecRunner.java:285) ~[spock-core-1.2-groovy-2.4.jar:1.2]
	at org.spockframework.runtime.BaseSpecRunner.initializeAndRunIteration(BaseSpecRunner.java:275) ~[spock-core-1.2-groovy-2.4.jar:1.2]
	at org.spockframework.runtime.ParameterizedSpecRunner.runIterations(ParameterizedSpecRunner.java:139) ~[spock-core-1.2-groovy-2.4.jar:1.2]
	at org.spockframework.runtime.ParameterizedSpecRunner.runParameterizedFeature(ParameterizedSpecRunner.java:41) ~[spock-core-1.2-groovy-2.4.jar:1.2]
	at org.spockframework.runtime.BaseSpecRunner.doRunFeature(BaseSpecRunner.java:259) ~[spock-core-1.2-groovy-2.4.jar:1.2]
	at org.spockframework.runtime.BaseSpecRunner$5.invoke(BaseSpecRunner.java:243) ~[spock-core-1.2-groovy-2.4.jar:1.2]
	at org.spockframework.runtime.BaseSpecRunner.invokeRaw(BaseSpecRunner.java:484) ~[spock-core-1.2-groovy-2.4.jar:1.2]
	at org.spockframework.runtime.BaseSpecRunner.invoke(BaseSpecRunner.java:467) ~[spock-core-1.2-groovy-2.4.jar:1.2]
	at org.spockframework.runtime.BaseSpecRunner.runFeature(BaseSpecRunner.java:235) ~[spock-core-1.2-groovy-2.4.jar:1.2]
	at org.spockframework.runtime.BaseSpecRunner.runFeatures(BaseSpecRunner.java:185) ~[spock-core-1.2-groovy-2.4.jar:1.2]
	at org.spockframework.runtime.BaseSpecRunner.doRunSpec(BaseSpecRunner.java:95) ~[spock-core-1.2-groovy-2.4.jar:1.2]
	at org.spockframework.runtime.BaseSpecRunner$1.invoke(BaseSpecRunner.java:81) ~[spock-core-1.2-groovy-2.4.jar:1.2]
	at org.spockframework.runtime.BaseSpecRunner.invokeRaw(BaseSpecRunner.java:484) ~[spock-core-1.2-groovy-2.4.jar:1.2]
	at org.spockframework.runtime.BaseSpecRunner.invoke(BaseSpecRunner.java:467) ~[spock-core-1.2-groovy-2.4.jar:1.2]
	at org.spockframework.runtime.BaseSpecRunner.runSpec(BaseSpecRunner.java:73) ~[spock-core-1.2-groovy-2.4.jar:1.2]
	at org.spockframework.runtime.BaseSpecRunner.run(BaseSpecRunner.java:64) ~[spock-core-1.2-groovy-2.4.jar:1.2]
	at org.spockframework.runtime.Sputnik.run(Sputnik.java:63) ~[spock-core-1.2-groovy-2.4.jar:1.2]
	at org.junit.runner.JUnitCore.run(JUnitCore.java:137) ~[junit-4.12.jar:4.12]
	at org.junit.runner.JUnitCore.run(JUnitCore.java:115) ~[junit-4.12.jar:4.12]
	at org.junit.vintage.engine.execution.RunnerExecutor.execute(RunnerExecutor.java:40) ~[junit-vintage-engine-5.5.1.jar:5.5.1]
	at java.util.stream.ForEachOps$ForEachOp$OfRef.accept(ForEachOps.java:184) ~[?:1.8.0_221]
	at java.util.stream.ReferencePipeline$3$1.accept(ReferencePipeline.java:193) ~[?:1.8.0_221]
	at java.util.Iterator.forEachRemaining(Iterator.java:116) ~[?:1.8.0_221]
	at java.util.Spliterators$IteratorSpliterator.forEachRemaining(Spliterators.java:1801) ~[?:1.8.0_221]
	at java.util.stream.AbstractPipeline.copyInto(AbstractPipeline.java:482) ~[?:1.8.0_221]
	at java.util.stream.AbstractPipeline.wrapAndCopyInto(AbstractPipeline.java:472) ~[?:1.8.0_221]
	at java.util.stream.ForEachOps$ForEachOp.evaluateSequential(ForEachOps.java:151) ~[?:1.8.0_221]
	at java.util.stream.ForEachOps$ForEachOp$OfRef.evaluateSequential(ForEachOps.java:174) ~[?:1.8.0_221]
	at java.util.stream.AbstractPipeline.evaluate(AbstractPipeline.java:234) ~[?:1.8.0_221]
	at java.util.stream.ReferencePipeline.forEach(ReferencePipeline.java:418) ~[?:1.8.0_221]
	at org.junit.vintage.engine.VintageTestEngine.executeAllChildren(VintageTestEngine.java:80) ~[junit-vintage-engine-5.5.1.jar:5.5.1]
	at org.junit.vintage.engine.VintageTestEngine.execute(VintageTestEngine.java:71) ~[junit-vintage-engine-5.5.1.jar:5.5.1]
	at org.junit.platform.launcher.core.DefaultLauncher.execute(DefaultLauncher.java:220) ~[junit-platform-launcher-1.3.1.jar:1.3.1]
	at org.junit.platform.launcher.core.DefaultLauncher.lambda$execute$6(DefaultLauncher.java:188) ~[junit-platform-launcher-1.3.1.jar:1.3.1]
	at org.junit.platform.launcher.core.DefaultLauncher.withInterceptedStreams(DefaultLauncher.java:202) [junit-platform-launcher-1.3.1.jar:1.3.1]
	at org.junit.platform.launcher.core.DefaultLauncher.execute(DefaultLauncher.java:181) [junit-platform-launcher-1.3.1.jar:1.3.1]
	at org.junit.platform.launcher.core.DefaultLauncher.execute(DefaultLauncher.java:128) [junit-platform-launcher-1.3.1.jar:1.3.1]
	at org.gradle.api.internal.tasks.testing.junitplatform.JUnitPlatformTestClassProcessor$CollectAllTestClassesExecutor.processAllTestClasses(JUnitPlatformTestClassProcessor.java:99) [gradle-testing-junit-platform-6.0.1.jar:6.0.1]
	at org.gradle.api.internal.tasks.testing.junitplatform.JUnitPlatformTestClassProcessor$CollectAllTestClassesExecutor.access$000(JUnitPlatformTestClassProcessor.java:79) [gradle-testing-junit-platform-6.0.1.jar:6.0.1]
	at org.gradle.api.internal.tasks.testing.junitplatform.JUnitPlatformTestClassProcessor.stop(JUnitPlatformTestClassProcessor.java:75) [gradle-testing-junit-platform-6.0.1.jar:6.0.1]
	at org.gradle.api.internal.tasks.testing.SuiteTestClassProcessor.stop(SuiteTestClassProcessor.java:61) [gradle-testing-base-6.0.1.jar:6.0.1]
	at sun.reflect.NativeMethodAccessorImpl.invoke0(Native Method) ~[?:1.8.0_221]
	at sun.reflect.NativeMethodAccessorImpl.invoke(NativeMethodAccessorImpl.java:62) ~[?:1.8.0_221]
	at sun.reflect.DelegatingMethodAccessorImpl.invoke(DelegatingMethodAccessorImpl.java:43) ~[?:1.8.0_221]
	at java.lang.reflect.Method.invoke(Method.java:498) ~[?:1.8.0_221]
	at org.gradle.internal.dispatch.ReflectionDispatch.dispatch(ReflectionDispatch.java:36) [gradle-messaging-6.0.1.jar:6.0.1]
	at org.gradle.internal.dispatch.ReflectionDispatch.dispatch(ReflectionDispatch.java:24) [gradle-messaging-6.0.1.jar:6.0.1]
	at org.gradle.internal.dispatch.ContextClassLoaderDispatch.dispatch(ContextClassLoaderDispatch.java:33) [gradle-messaging-6.0.1.jar:6.0.1]
	at org.gradle.internal.dispatch.ProxyDispatchAdapter$DispatchingInvocationHandler.invoke(ProxyDispatchAdapter.java:94) [gradle-messaging-6.0.1.jar:6.0.1]
	at com.sun.proxy.$Proxy2.stop(Unknown Source) [?:?]
	at org.gradle.api.internal.tasks.testing.worker.TestWorker.stop(TestWorker.java:132) [gradle-testing-base-6.0.1.jar:6.0.1]
	at sun.reflect.NativeMethodAccessorImpl.invoke0(Native Method) ~[?:1.8.0_221]
	at sun.reflect.NativeMethodAccessorImpl.invoke(NativeMethodAccessorImpl.java:62) ~[?:1.8.0_221]
	at sun.reflect.DelegatingMethodAccessorImpl.invoke(DelegatingMethodAccessorImpl.java:43) ~[?:1.8.0_221]
	at java.lang.reflect.Method.invoke(Method.java:498) ~[?:1.8.0_221]
	at org.gradle.internal.dispatch.ReflectionDispatch.dispatch(ReflectionDispatch.java:36) [gradle-messaging-6.0.1.jar:6.0.1]
	at org.gradle.internal.dispatch.ReflectionDispatch.dispatch(ReflectionDispatch.java:24) [gradle-messaging-6.0.1.jar:6.0.1]
	at org.gradle.internal.remote.internal.hub.MessageHubBackedObjectConnection$DispatchWrapper.dispatch(MessageHubBackedObjectConnection.java:182) [gradle-messaging-6.0.1.jar:6.0.1]
	at org.gradle.internal.remote.internal.hub.MessageHubBackedObjectConnection$DispatchWrapper.dispatch(MessageHubBackedObjectConnection.java:164) [gradle-messaging-6.0.1.jar:6.0.1]
	at org.gradle.internal.remote.internal.hub.MessageHub$Handler.run(MessageHub.java:412) [gradle-messaging-6.0.1.jar:6.0.1]
	at org.gradle.internal.concurrent.ExecutorPolicy$CatchAndRecordFailures.onExecute(ExecutorPolicy.java:64) [gradle-base-services-6.0.1.jar:6.0.1]
	at org.gradle.internal.concurrent.ManagedExecutorImpl$1.run(ManagedExecutorImpl.java:48) [gradle-base-services-6.0.1.jar:6.0.1]
	at java.util.concurrent.ThreadPoolExecutor.runWorker(ThreadPoolExecutor.java:1149) [?:1.8.0_221]
	at java.util.concurrent.ThreadPoolExecutor$Worker.run(ThreadPoolExecutor.java:624) [?:1.8.0_221]
	at org.gradle.internal.concurrent.ThreadFactoryImpl$ManagedThreadRunnable.run(ThreadFactoryImpl.java:56) [gradle-base-services-6.0.1.jar:6.0.1]
	at java.lang.Thread.run(Thread.java:748) [?:1.8.0_221]
2020-04-13 01:21:54,783 ERROR o.a.j.s.SampleResult: sampleEnd called twice
java.lang.Throwable: Invalid call sequence
	at org.apache.jmeter.samplers.SampleResult.sampleEnd(SampleResult.java:1146) ~[ApacheJMeter_core-5.2.1-SNAPSHOT.jar:5.2.1-SNAPSHOT]
	at org.apache.jmeter.samplers.SampleResult$sampleEnd$0.call(Unknown Source) ~[?:?]
	at org.apache.jmeter.assertions.CompareAssertionSpec.simpleResult(CompareAssertionSpec.groovy:74) ~[test/:?]
	at sun.reflect.NativeMethodAccessorImpl.invoke0(Native Method) ~[?:1.8.0_221]
	at sun.reflect.NativeMethodAccessorImpl.invoke(NativeMethodAccessorImpl.java:62) ~[?:1.8.0_221]
	at sun.reflect.DelegatingMethodAccessorImpl.invoke(DelegatingMethodAccessorImpl.java:43) ~[?:1.8.0_221]
	at java.lang.reflect.Method.invoke(Method.java:498) ~[?:1.8.0_221]
	at org.codehaus.groovy.runtime.callsite.PogoMetaMethodSite$PogoCachedMethodSiteNoUnwrap.invoke(PogoMetaMethodSite.java:190) ~[groovy-all-2.4.16.jar:2.4.16]
	at org.codehaus.groovy.runtime.callsite.PogoMetaMethodSite.callCurrent(PogoMetaMethodSite.java:59) ~[groovy-all-2.4.16.jar:2.4.16]
	at org.codehaus.groovy.runtime.callsite.AbstractCallSite.callCurrent(AbstractCallSite.java:177) ~[groovy-all-2.4.16.jar:2.4.16]
	at org.apache.jmeter.assertions.CompareAssertionSpec.$spock_feature_0_1(CompareAssertionSpec.groovy:47) ~[test/:?]
	at sun.reflect.NativeMethodAccessorImpl.invoke0(Native Method) ~[?:1.8.0_221]
	at sun.reflect.NativeMethodAccessorImpl.invoke(NativeMethodAccessorImpl.java:62) ~[?:1.8.0_221]
	at sun.reflect.DelegatingMethodAccessorImpl.invoke(DelegatingMethodAccessorImpl.java:43) ~[?:1.8.0_221]
	at java.lang.reflect.Method.invoke(Method.java:498) ~[?:1.8.0_221]
	at org.spockframework.util.ReflectionUtil.invokeMethod(ReflectionUtil.java:200) ~[spock-core-1.2-groovy-2.4.jar:1.2]
	at org.spockframework.runtime.model.MethodInfo.invoke(MethodInfo.java:113) ~[spock-core-1.2-groovy-2.4.jar:1.2]
	at org.spockframework.runtime.BaseSpecRunner.invokeRaw(BaseSpecRunner.java:484) ~[spock-core-1.2-groovy-2.4.jar:1.2]
	at org.spockframework.runtime.BaseSpecRunner.invoke(BaseSpecRunner.java:467) ~[spock-core-1.2-groovy-2.4.jar:1.2]
	at org.spockframework.runtime.BaseSpecRunner.runFeatureMethod(BaseSpecRunner.java:408) ~[spock-core-1.2-groovy-2.4.jar:1.2]
	at org.spockframework.runtime.BaseSpecRunner.doRunIteration(BaseSpecRunner.java:322) ~[spock-core-1.2-groovy-2.4.jar:1.2]
	at org.spockframework.runtime.BaseSpecRunner$6.invoke(BaseSpecRunner.java:306) ~[spock-core-1.2-groovy-2.4.jar:1.2]
	at org.spockframework.runtime.BaseSpecRunner.invokeRaw(BaseSpecRunner.java:484) ~[spock-core-1.2-groovy-2.4.jar:1.2]
	at org.spockframework.runtime.BaseSpecRunner.invoke(BaseSpecRunner.java:467) ~[spock-core-1.2-groovy-2.4.jar:1.2]
	at org.spockframework.runtime.BaseSpecRunner.runIteration(BaseSpecRunner.java:285) ~[spock-core-1.2-groovy-2.4.jar:1.2]
	at org.spockframework.runtime.BaseSpecRunner.initializeAndRunIteration(BaseSpecRunner.java:275) ~[spock-core-1.2-groovy-2.4.jar:1.2]
	at org.spockframework.runtime.ParameterizedSpecRunner.runIterations(ParameterizedSpecRunner.java:139) ~[spock-core-1.2-groovy-2.4.jar:1.2]
	at org.spockframework.runtime.ParameterizedSpecRunner.runParameterizedFeature(ParameterizedSpecRunner.java:41) ~[spock-core-1.2-groovy-2.4.jar:1.2]
	at org.spockframework.runtime.BaseSpecRunner.doRunFeature(BaseSpecRunner.java:259) ~[spock-core-1.2-groovy-2.4.jar:1.2]
	at org.spockframework.runtime.BaseSpecRunner$5.invoke(BaseSpecRunner.java:243) ~[spock-core-1.2-groovy-2.4.jar:1.2]
	at org.spockframework.runtime.BaseSpecRunner.invokeRaw(BaseSpecRunner.java:484) ~[spock-core-1.2-groovy-2.4.jar:1.2]
	at org.spockframework.runtime.BaseSpecRunner.invoke(BaseSpecRunner.java:467) ~[spock-core-1.2-groovy-2.4.jar:1.2]
	at org.spockframework.runtime.BaseSpecRunner.runFeature(BaseSpecRunner.java:235) ~[spock-core-1.2-groovy-2.4.jar:1.2]
	at org.spockframework.runtime.BaseSpecRunner.runFeatures(BaseSpecRunner.java:185) ~[spock-core-1.2-groovy-2.4.jar:1.2]
	at org.spockframework.runtime.BaseSpecRunner.doRunSpec(BaseSpecRunner.java:95) ~[spock-core-1.2-groovy-2.4.jar:1.2]
	at org.spockframework.runtime.BaseSpecRunner$1.invoke(BaseSpecRunner.java:81) ~[spock-core-1.2-groovy-2.4.jar:1.2]
	at org.spockframework.runtime.BaseSpecRunner.invokeRaw(BaseSpecRunner.java:484) ~[spock-core-1.2-groovy-2.4.jar:1.2]
	at org.spockframework.runtime.BaseSpecRunner.invoke(BaseSpecRunner.java:467) ~[spock-core-1.2-groovy-2.4.jar:1.2]
	at org.spockframework.runtime.BaseSpecRunner.runSpec(BaseSpecRunner.java:73) ~[spock-core-1.2-groovy-2.4.jar:1.2]
	at org.spockframework.runtime.BaseSpecRunner.run(BaseSpecRunner.java:64) ~[spock-core-1.2-groovy-2.4.jar:1.2]
	at org.spockframework.runtime.Sputnik.run(Sputnik.java:63) ~[spock-core-1.2-groovy-2.4.jar:1.2]
	at org.junit.runner.JUnitCore.run(JUnitCore.java:137) ~[junit-4.12.jar:4.12]
	at org.junit.runner.JUnitCore.run(JUnitCore.java:115) ~[junit-4.12.jar:4.12]
	at org.junit.vintage.engine.execution.RunnerExecutor.execute(RunnerExecutor.java:40) ~[junit-vintage-engine-5.5.1.jar:5.5.1]
	at java.util.stream.ForEachOps$ForEachOp$OfRef.accept(ForEachOps.java:184) ~[?:1.8.0_221]
	at java.util.stream.ReferencePipeline$3$1.accept(ReferencePipeline.java:193) ~[?:1.8.0_221]
	at java.util.Iterator.forEachRemaining(Iterator.java:116) ~[?:1.8.0_221]
	at java.util.Spliterators$IteratorSpliterator.forEachRemaining(Spliterators.java:1801) ~[?:1.8.0_221]
	at java.util.stream.AbstractPipeline.copyInto(AbstractPipeline.java:482) ~[?:1.8.0_221]
	at java.util.stream.AbstractPipeline.wrapAndCopyInto(AbstractPipeline.java:472) ~[?:1.8.0_221]
	at java.util.stream.ForEachOps$ForEachOp.evaluateSequential(ForEachOps.java:151) ~[?:1.8.0_221]
	at java.util.stream.ForEachOps$ForEachOp$OfRef.evaluateSequential(ForEachOps.java:174) ~[?:1.8.0_221]
	at java.util.stream.AbstractPipeline.evaluate(AbstractPipeline.java:234) ~[?:1.8.0_221]
	at java.util.stream.ReferencePipeline.forEach(ReferencePipeline.java:418) ~[?:1.8.0_221]
	at org.junit.vintage.engine.VintageTestEngine.executeAllChildren(VintageTestEngine.java:80) ~[junit-vintage-engine-5.5.1.jar:5.5.1]
	at org.junit.vintage.engine.VintageTestEngine.execute(VintageTestEngine.java:71) ~[junit-vintage-engine-5.5.1.jar:5.5.1]
	at org.junit.platform.launcher.core.DefaultLauncher.execute(DefaultLauncher.java:220) ~[junit-platform-launcher-1.3.1.jar:1.3.1]
	at org.junit.platform.launcher.core.DefaultLauncher.lambda$execute$6(DefaultLauncher.java:188) ~[junit-platform-launcher-1.3.1.jar:1.3.1]
	at org.junit.platform.launcher.core.DefaultLauncher.withInterceptedStreams(DefaultLauncher.java:202) [junit-platform-launcher-1.3.1.jar:1.3.1]
	at org.junit.platform.launcher.core.DefaultLauncher.execute(DefaultLauncher.java:181) [junit-platform-launcher-1.3.1.jar:1.3.1]
	at org.junit.platform.launcher.core.DefaultLauncher.execute(DefaultLauncher.java:128) [junit-platform-launcher-1.3.1.jar:1.3.1]
	at org.gradle.api.internal.tasks.testing.junitplatform.JUnitPlatformTestClassProcessor$CollectAllTestClassesExecutor.processAllTestClasses(JUnitPlatformTestClassProcessor.java:99) [gradle-testing-junit-platform-6.0.1.jar:6.0.1]
	at org.gradle.api.internal.tasks.testing.junitplatform.JUnitPlatformTestClassProcessor$CollectAllTestClassesExecutor.access$000(JUnitPlatformTestClassProcessor.java:79) [gradle-testing-junit-platform-6.0.1.jar:6.0.1]
	at org.gradle.api.internal.tasks.testing.junitplatform.JUnitPlatformTestClassProcessor.stop(JUnitPlatformTestClassProcessor.java:75) [gradle-testing-junit-platform-6.0.1.jar:6.0.1]
	at org.gradle.api.internal.tasks.testing.SuiteTestClassProcessor.stop(SuiteTestClassProcessor.java:61) [gradle-testing-base-6.0.1.jar:6.0.1]
	at sun.reflect.NativeMethodAccessorImpl.invoke0(Native Method) ~[?:1.8.0_221]
	at sun.reflect.NativeMethodAccessorImpl.invoke(NativeMethodAccessorImpl.java:62) ~[?:1.8.0_221]
	at sun.reflect.DelegatingMethodAccessorImpl.invoke(DelegatingMethodAccessorImpl.java:43) ~[?:1.8.0_221]
	at java.lang.reflect.Method.invoke(Method.java:498) ~[?:1.8.0_221]
	at org.gradle.internal.dispatch.ReflectionDispatch.dispatch(ReflectionDispatch.java:36) [gradle-messaging-6.0.1.jar:6.0.1]
	at org.gradle.internal.dispatch.ReflectionDispatch.dispatch(ReflectionDispatch.java:24) [gradle-messaging-6.0.1.jar:6.0.1]
	at org.gradle.internal.dispatch.ContextClassLoaderDispatch.dispatch(ContextClassLoaderDispatch.java:33) [gradle-messaging-6.0.1.jar:6.0.1]
	at org.gradle.internal.dispatch.ProxyDispatchAdapter$DispatchingInvocationHandler.invoke(ProxyDispatchAdapter.java:94) [gradle-messaging-6.0.1.jar:6.0.1]
	at com.sun.proxy.$Proxy2.stop(Unknown Source) [?:?]
	at org.gradle.api.internal.tasks.testing.worker.TestWorker.stop(TestWorker.java:132) [gradle-testing-base-6.0.1.jar:6.0.1]
	at sun.reflect.NativeMethodAccessorImpl.invoke0(Native Method) ~[?:1.8.0_221]
	at sun.reflect.NativeMethodAccessorImpl.invoke(NativeMethodAccessorImpl.java:62) ~[?:1.8.0_221]
	at sun.reflect.DelegatingMethodAccessorImpl.invoke(DelegatingMethodAccessorImpl.java:43) ~[?:1.8.0_221]
	at java.lang.reflect.Method.invoke(Method.java:498) ~[?:1.8.0_221]
	at org.gradle.internal.dispatch.ReflectionDispatch.dispatch(ReflectionDispatch.java:36) [gradle-messaging-6.0.1.jar:6.0.1]
	at org.gradle.internal.dispatch.ReflectionDispatch.dispatch(ReflectionDispatch.java:24) [gradle-messaging-6.0.1.jar:6.0.1]
	at org.gradle.internal.remote.internal.hub.MessageHubBackedObjectConnection$DispatchWrapper.dispatch(MessageHubBackedObjectConnection.java:182) [gradle-messaging-6.0.1.jar:6.0.1]
	at org.gradle.internal.remote.internal.hub.MessageHubBackedObjectConnection$DispatchWrapper.dispatch(MessageHubBackedObjectConnection.java:164) [gradle-messaging-6.0.1.jar:6.0.1]
	at org.gradle.internal.remote.internal.hub.MessageHub$Handler.run(MessageHub.java:412) [gradle-messaging-6.0.1.jar:6.0.1]
	at org.gradle.internal.concurrent.ExecutorPolicy$CatchAndRecordFailures.onExecute(ExecutorPolicy.java:64) [gradle-base-services-6.0.1.jar:6.0.1]
	at org.gradle.internal.concurrent.ManagedExecutorImpl$1.run(ManagedExecutorImpl.java:48) [gradle-base-services-6.0.1.jar:6.0.1]
	at java.util.concurrent.ThreadPoolExecutor.runWorker(ThreadPoolExecutor.java:1149) [?:1.8.0_221]
	at java.util.concurrent.ThreadPoolExecutor$Worker.run(ThreadPoolExecutor.java:624) [?:1.8.0_221]
	at org.gradle.internal.concurrent.ThreadFactoryImpl$ManagedThreadRunnable.run(ThreadFactoryImpl.java:56) [gradle-base-services-6.0.1.jar:6.0.1]
	at java.lang.Thread.run(Thread.java:748) [?:1.8.0_221]
2020-04-13 01:21:54,794 ERROR o.a.j.s.SampleResult: sampleEnd called twice
java.lang.Throwable: Invalid call sequence
	at org.apache.jmeter.samplers.SampleResult.sampleEnd(SampleResult.java:1146) ~[ApacheJMeter_core-5.2.1-SNAPSHOT.jar:5.2.1-SNAPSHOT]
	at org.apache.jmeter.samplers.SampleResult$sampleEnd$0.call(Unknown Source) ~[?:?]
	at org.apache.jmeter.assertions.CompareAssertionSpec.simpleResult(CompareAssertionSpec.groovy:74) ~[test/:?]
	at sun.reflect.NativeMethodAccessorImpl.invoke0(Native Method) ~[?:1.8.0_221]
	at sun.reflect.NativeMethodAccessorImpl.invoke(NativeMethodAccessorImpl.java:62) ~[?:1.8.0_221]
	at sun.reflect.DelegatingMethodAccessorImpl.invoke(DelegatingMethodAccessorImpl.java:43) ~[?:1.8.0_221]
	at java.lang.reflect.Method.invoke(Method.java:498) ~[?:1.8.0_221]
	at org.codehaus.groovy.runtime.callsite.PogoMetaMethodSite$PogoCachedMethodSiteNoUnwrap.invoke(PogoMetaMethodSite.java:190) ~[groovy-all-2.4.16.jar:2.4.16]
	at org.codehaus.groovy.runtime.callsite.PogoMetaMethodSite.callCurrent(PogoMetaMethodSite.java:59) ~[groovy-all-2.4.16.jar:2.4.16]
	at org.codehaus.groovy.runtime.callsite.AbstractCallSite.callCurrent(AbstractCallSite.java:177) ~[groovy-all-2.4.16.jar:2.4.16]
	at org.apache.jmeter.assertions.CompareAssertionSpec.$spock_feature_0_1(CompareAssertionSpec.groovy:58) ~[test/:?]
	at sun.reflect.NativeMethodAccessorImpl.invoke0(Native Method) ~[?:1.8.0_221]
	at sun.reflect.NativeMethodAccessorImpl.invoke(NativeMethodAccessorImpl.java:62) ~[?:1.8.0_221]
	at sun.reflect.DelegatingMethodAccessorImpl.invoke(DelegatingMethodAccessorImpl.java:43) ~[?:1.8.0_221]
	at java.lang.reflect.Method.invoke(Method.java:498) ~[?:1.8.0_221]
	at org.spockframework.util.ReflectionUtil.invokeMethod(ReflectionUtil.java:200) ~[spock-core-1.2-groovy-2.4.jar:1.2]
	at org.spockframework.runtime.model.MethodInfo.invoke(MethodInfo.java:113) ~[spock-core-1.2-groovy-2.4.jar:1.2]
	at org.spockframework.runtime.BaseSpecRunner.invokeRaw(BaseSpecRunner.java:484) ~[spock-core-1.2-groovy-2.4.jar:1.2]
	at org.spockframework.runtime.BaseSpecRunner.invoke(BaseSpecRunner.java:467) ~[spock-core-1.2-groovy-2.4.jar:1.2]
	at org.spockframework.runtime.BaseSpecRunner.runFeatureMethod(BaseSpecRunner.java:408) ~[spock-core-1.2-groovy-2.4.jar:1.2]
	at org.spockframework.runtime.BaseSpecRunner.doRunIteration(BaseSpecRunner.java:322) ~[spock-core-1.2-groovy-2.4.jar:1.2]
	at org.spockframework.runtime.BaseSpecRunner$6.invoke(BaseSpecRunner.java:306) ~[spock-core-1.2-groovy-2.4.jar:1.2]
	at org.spockframework.runtime.BaseSpecRunner.invokeRaw(BaseSpecRunner.java:484) ~[spock-core-1.2-groovy-2.4.jar:1.2]
	at org.spockframework.runtime.BaseSpecRunner.invoke(BaseSpecRunner.java:467) ~[spock-core-1.2-groovy-2.4.jar:1.2]
	at org.spockframework.runtime.BaseSpecRunner.runIteration(BaseSpecRunner.java:285) ~[spock-core-1.2-groovy-2.4.jar:1.2]
	at org.spockframework.runtime.BaseSpecRunner.initializeAndRunIteration(BaseSpecRunner.java:275) ~[spock-core-1.2-groovy-2.4.jar:1.2]
	at org.spockframework.runtime.ParameterizedSpecRunner.runIterations(ParameterizedSpecRunner.java:139) ~[spock-core-1.2-groovy-2.4.jar:1.2]
	at org.spockframework.runtime.ParameterizedSpecRunner.runParameterizedFeature(ParameterizedSpecRunner.java:41) ~[spock-core-1.2-groovy-2.4.jar:1.2]
	at org.spockframework.runtime.BaseSpecRunner.doRunFeature(BaseSpecRunner.java:259) ~[spock-core-1.2-groovy-2.4.jar:1.2]
	at org.spockframework.runtime.BaseSpecRunner$5.invoke(BaseSpecRunner.java:243) ~[spock-core-1.2-groovy-2.4.jar:1.2]
	at org.spockframework.runtime.BaseSpecRunner.invokeRaw(BaseSpecRunner.java:484) ~[spock-core-1.2-groovy-2.4.jar:1.2]
	at org.spockframework.runtime.BaseSpecRunner.invoke(BaseSpecRunner.java:467) ~[spock-core-1.2-groovy-2.4.jar:1.2]
	at org.spockframework.runtime.BaseSpecRunner.runFeature(BaseSpecRunner.java:235) ~[spock-core-1.2-groovy-2.4.jar:1.2]
	at org.spockframework.runtime.BaseSpecRunner.runFeatures(BaseSpecRunner.java:185) ~[spock-core-1.2-groovy-2.4.jar:1.2]
	at org.spockframework.runtime.BaseSpecRunner.doRunSpec(BaseSpecRunner.java:95) ~[spock-core-1.2-groovy-2.4.jar:1.2]
	at org.spockframework.runtime.BaseSpecRunner$1.invoke(BaseSpecRunner.java:81) ~[spock-core-1.2-groovy-2.4.jar:1.2]
	at org.spockframework.runtime.BaseSpecRunner.invokeRaw(BaseSpecRunner.java:484) ~[spock-core-1.2-groovy-2.4.jar:1.2]
	at org.spockframework.runtime.BaseSpecRunner.invoke(BaseSpecRunner.java:467) ~[spock-core-1.2-groovy-2.4.jar:1.2]
	at org.spockframework.runtime.BaseSpecRunner.runSpec(BaseSpecRunner.java:73) ~[spock-core-1.2-groovy-2.4.jar:1.2]
	at org.spockframework.runtime.BaseSpecRunner.run(BaseSpecRunner.java:64) ~[spock-core-1.2-groovy-2.4.jar:1.2]
	at org.spockframework.runtime.Sputnik.run(Sputnik.java:63) ~[spock-core-1.2-groovy-2.4.jar:1.2]
	at org.junit.runner.JUnitCore.run(JUnitCore.java:137) ~[junit-4.12.jar:4.12]
	at org.junit.runner.JUnitCore.run(JUnitCore.java:115) ~[junit-4.12.jar:4.12]
	at org.junit.vintage.engine.execution.RunnerExecutor.execute(RunnerExecutor.java:40) ~[junit-vintage-engine-5.5.1.jar:5.5.1]
	at java.util.stream.ForEachOps$ForEachOp$OfRef.accept(ForEachOps.java:184) ~[?:1.8.0_221]
	at java.util.stream.ReferencePipeline$3$1.accept(ReferencePipeline.java:193) ~[?:1.8.0_221]
	at java.util.Iterator.forEachRemaining(Iterator.java:116) ~[?:1.8.0_221]
	at java.util.Spliterators$IteratorSpliterator.forEachRemaining(Spliterators.java:1801) ~[?:1.8.0_221]
	at java.util.stream.AbstractPipeline.copyInto(AbstractPipeline.java:482) ~[?:1.8.0_221]
	at java.util.stream.AbstractPipeline.wrapAndCopyInto(AbstractPipeline.java:472) ~[?:1.8.0_221]
	at java.util.stream.ForEachOps$ForEachOp.evaluateSequential(ForEachOps.java:151) ~[?:1.8.0_221]
	at java.util.stream.ForEachOps$ForEachOp$OfRef.evaluateSequential(ForEachOps.java:174) ~[?:1.8.0_221]
	at java.util.stream.AbstractPipeline.evaluate(AbstractPipeline.java:234) ~[?:1.8.0_221]
	at java.util.stream.ReferencePipeline.forEach(ReferencePipeline.java:418) ~[?:1.8.0_221]
	at org.junit.vintage.engine.VintageTestEngine.executeAllChildren(VintageTestEngine.java:80) ~[junit-vintage-engine-5.5.1.jar:5.5.1]
	at org.junit.vintage.engine.VintageTestEngine.execute(VintageTestEngine.java:71) ~[junit-vintage-engine-5.5.1.jar:5.5.1]
	at org.junit.platform.launcher.core.DefaultLauncher.execute(DefaultLauncher.java:220) ~[junit-platform-launcher-1.3.1.jar:1.3.1]
	at org.junit.platform.launcher.core.DefaultLauncher.lambda$execute$6(DefaultLauncher.java:188) ~[junit-platform-launcher-1.3.1.jar:1.3.1]
	at org.junit.platform.launcher.core.DefaultLauncher.withInterceptedStreams(DefaultLauncher.java:202) [junit-platform-launcher-1.3.1.jar:1.3.1]
	at org.junit.platform.launcher.core.DefaultLauncher.execute(DefaultLauncher.java:181) [junit-platform-launcher-1.3.1.jar:1.3.1]
	at org.junit.platform.launcher.core.DefaultLauncher.execute(DefaultLauncher.java:128) [junit-platform-launcher-1.3.1.jar:1.3.1]
	at org.gradle.api.internal.tasks.testing.junitplatform.JUnitPlatformTestClassProcessor$CollectAllTestClassesExecutor.processAllTestClasses(JUnitPlatformTestClassProcessor.java:99) [gradle-testing-junit-platform-6.0.1.jar:6.0.1]
	at org.gradle.api.internal.tasks.testing.junitplatform.JUnitPlatformTestClassProcessor$CollectAllTestClassesExecutor.access$000(JUnitPlatformTestClassProcessor.java:79) [gradle-testing-junit-platform-6.0.1.jar:6.0.1]
	at org.gradle.api.internal.tasks.testing.junitplatform.JUnitPlatformTestClassProcessor.stop(JUnitPlatformTestClassProcessor.java:75) [gradle-testing-junit-platform-6.0.1.jar:6.0.1]
	at org.gradle.api.internal.tasks.testing.SuiteTestClassProcessor.stop(SuiteTestClassProcessor.java:61) [gradle-testing-base-6.0.1.jar:6.0.1]
	at sun.reflect.NativeMethodAccessorImpl.invoke0(Native Method) ~[?:1.8.0_221]
	at sun.reflect.NativeMethodAccessorImpl.invoke(NativeMethodAccessorImpl.java:62) ~[?:1.8.0_221]
	at sun.reflect.DelegatingMethodAccessorImpl.invoke(DelegatingMethodAccessorImpl.java:43) ~[?:1.8.0_221]
	at java.lang.reflect.Method.invoke(Method.java:498) ~[?:1.8.0_221]
	at org.gradle.internal.dispatch.ReflectionDispatch.dispatch(ReflectionDispatch.java:36) [gradle-messaging-6.0.1.jar:6.0.1]
	at org.gradle.internal.dispatch.ReflectionDispatch.dispatch(ReflectionDispatch.java:24) [gradle-messaging-6.0.1.jar:6.0.1]
	at org.gradle.internal.dispatch.ContextClassLoaderDispatch.dispatch(ContextClassLoaderDispatch.java:33) [gradle-messaging-6.0.1.jar:6.0.1]
	at org.gradle.internal.dispatch.ProxyDispatchAdapter$DispatchingInvocationHandler.invoke(ProxyDispatchAdapter.java:94) [gradle-messaging-6.0.1.jar:6.0.1]
	at com.sun.proxy.$Proxy2.stop(Unknown Source) [?:?]
	at org.gradle.api.internal.tasks.testing.worker.TestWorker.stop(TestWorker.java:132) [gradle-testing-base-6.0.1.jar:6.0.1]
	at sun.reflect.NativeMethodAccessorImpl.invoke0(Native Method) ~[?:1.8.0_221]
	at sun.reflect.NativeMethodAccessorImpl.invoke(NativeMethodAccessorImpl.java:62) ~[?:1.8.0_221]
	at sun.reflect.DelegatingMethodAccessorImpl.invoke(DelegatingMethodAccessorImpl.java:43) ~[?:1.8.0_221]
	at java.lang.reflect.Method.invoke(Method.java:498) ~[?:1.8.0_221]
	at org.gradle.internal.dispatch.ReflectionDispatch.dispatch(ReflectionDispatch.java:36) [gradle-messaging-6.0.1.jar:6.0.1]
	at org.gradle.internal.dispatch.ReflectionDispatch.dispatch(ReflectionDispatch.java:24) [gradle-messaging-6.0.1.jar:6.0.1]
	at org.gradle.internal.remote.internal.hub.MessageHubBackedObjectConnection$DispatchWrapper.dispatch(MessageHubBackedObjectConnection.java:182) [gradle-messaging-6.0.1.jar:6.0.1]
	at org.gradle.internal.remote.internal.hub.MessageHubBackedObjectConnection$DispatchWrapper.dispatch(MessageHubBackedObjectConnection.java:164) [gradle-messaging-6.0.1.jar:6.0.1]
	at org.gradle.internal.remote.internal.hub.MessageHub$Handler.run(MessageHub.java:412) [gradle-messaging-6.0.1.jar:6.0.1]
	at org.gradle.internal.concurrent.ExecutorPolicy$CatchAndRecordFailures.onExecute(ExecutorPolicy.java:64) [gradle-base-services-6.0.1.jar:6.0.1]
	at org.gradle.internal.concurrent.ManagedExecutorImpl$1.run(ManagedExecutorImpl.java:48) [gradle-base-services-6.0.1.jar:6.0.1]
	at java.util.concurrent.ThreadPoolExecutor.runWorker(ThreadPoolExecutor.java:1149) [?:1.8.0_221]
	at java.util.concurrent.ThreadPoolExecutor$Worker.run(ThreadPoolExecutor.java:624) [?:1.8.0_221]
	at org.gradle.internal.concurrent.ThreadFactoryImpl$ManagedThreadRunnable.run(ThreadFactoryImpl.java:56) [gradle-base-services-6.0.1.jar:6.0.1]
	at java.lang.Thread.run(Thread.java:748) [?:1.8.0_221]
2020-04-13 01:21:54,804 ERROR o.a.j.s.SampleResult: sampleEnd called twice
java.lang.Throwable: Invalid call sequence
	at org.apache.jmeter.samplers.SampleResult.sampleEnd(SampleResult.java:1146) ~[ApacheJMeter_core-5.2.1-SNAPSHOT.jar:5.2.1-SNAPSHOT]
	at org.apache.jmeter.samplers.SampleResult$sampleEnd$0.call(Unknown Source) ~[?:?]
	at org.apache.jmeter.assertions.CompareAssertionSpec.simpleResult(CompareAssertionSpec.groovy:74) ~[test/:?]
	at sun.reflect.NativeMethodAccessorImpl.invoke0(Native Method) ~[?:1.8.0_221]
	at sun.reflect.NativeMethodAccessorImpl.invoke(NativeMethodAccessorImpl.java:62) ~[?:1.8.0_221]
	at sun.reflect.DelegatingMethodAccessorImpl.invoke(DelegatingMethodAccessorImpl.java:43) ~[?:1.8.0_221]
	at java.lang.reflect.Method.invoke(Method.java:498) ~[?:1.8.0_221]
	at org.codehaus.groovy.runtime.callsite.PogoMetaMethodSite$PogoCachedMethodSiteNoUnwrap.invoke(PogoMetaMethodSite.java:190) ~[groovy-all-2.4.16.jar:2.4.16]
	at org.codehaus.groovy.runtime.callsite.PogoMetaMethodSite.callCurrent(PogoMetaMethodSite.java:59) ~[groovy-all-2.4.16.jar:2.4.16]
	at org.codehaus.groovy.runtime.callsite.AbstractCallSite.callCurrent(AbstractCallSite.java:177) ~[groovy-all-2.4.16.jar:2.4.16]
	at org.apache.jmeter.assertions.CompareAssertionSpec.$spock_feature_0_1(CompareAssertionSpec.groovy:47) ~[test/:?]
	at sun.reflect.NativeMethodAccessorImpl.invoke0(Native Method) ~[?:1.8.0_221]
	at sun.reflect.NativeMethodAccessorImpl.invoke(NativeMethodAccessorImpl.java:62) ~[?:1.8.0_221]
	at sun.reflect.DelegatingMethodAccessorImpl.invoke(DelegatingMethodAccessorImpl.java:43) ~[?:1.8.0_221]
	at java.lang.reflect.Method.invoke(Method.java:498) ~[?:1.8.0_221]
	at org.spockframework.util.ReflectionUtil.invokeMethod(ReflectionUtil.java:200) ~[spock-core-1.2-groovy-2.4.jar:1.2]
	at org.spockframework.runtime.model.MethodInfo.invoke(MethodInfo.java:113) ~[spock-core-1.2-groovy-2.4.jar:1.2]
	at org.spockframework.runtime.BaseSpecRunner.invokeRaw(BaseSpecRunner.java:484) ~[spock-core-1.2-groovy-2.4.jar:1.2]
	at org.spockframework.runtime.BaseSpecRunner.invoke(BaseSpecRunner.java:467) ~[spock-core-1.2-groovy-2.4.jar:1.2]
	at org.spockframework.runtime.BaseSpecRunner.runFeatureMethod(BaseSpecRunner.java:408) ~[spock-core-1.2-groovy-2.4.jar:1.2]
	at org.spockframework.runtime.BaseSpecRunner.doRunIteration(BaseSpecRunner.java:322) ~[spock-core-1.2-groovy-2.4.jar:1.2]
	at org.spockframework.runtime.BaseSpecRunner$6.invoke(BaseSpecRunner.java:306) ~[spock-core-1.2-groovy-2.4.jar:1.2]
	at org.spockframework.runtime.BaseSpecRunner.invokeRaw(BaseSpecRunner.java:484) ~[spock-core-1.2-groovy-2.4.jar:1.2]
	at org.spockframework.runtime.BaseSpecRunner.invoke(BaseSpecRunner.java:467) ~[spock-core-1.2-groovy-2.4.jar:1.2]
	at org.spockframework.runtime.BaseSpecRunner.runIteration(BaseSpecRunner.java:285) ~[spock-core-1.2-groovy-2.4.jar:1.2]
	at org.spockframework.runtime.BaseSpecRunner.initializeAndRunIteration(BaseSpecRunner.java:275) ~[spock-core-1.2-groovy-2.4.jar:1.2]
	at org.spockframework.runtime.ParameterizedSpecRunner.runIterations(ParameterizedSpecRunner.java:139) ~[spock-core-1.2-groovy-2.4.jar:1.2]
	at org.spockframework.runtime.ParameterizedSpecRunner.runParameterizedFeature(ParameterizedSpecRunner.java:41) ~[spock-core-1.2-groovy-2.4.jar:1.2]
	at org.spockframework.runtime.BaseSpecRunner.doRunFeature(BaseSpecRunner.java:259) ~[spock-core-1.2-groovy-2.4.jar:1.2]
	at org.spockframework.runtime.BaseSpecRunner$5.invoke(BaseSpecRunner.java:243) ~[spock-core-1.2-groovy-2.4.jar:1.2]
	at org.spockframework.runtime.BaseSpecRunner.invokeRaw(BaseSpecRunner.java:484) ~[spock-core-1.2-groovy-2.4.jar:1.2]
	at org.spockframework.runtime.BaseSpecRunner.invoke(BaseSpecRunner.java:467) ~[spock-core-1.2-groovy-2.4.jar:1.2]
	at org.spockframework.runtime.BaseSpecRunner.runFeature(BaseSpecRunner.java:235) ~[spock-core-1.2-groovy-2.4.jar:1.2]
	at org.spockframework.runtime.BaseSpecRunner.runFeatures(BaseSpecRunner.java:185) ~[spock-core-1.2-groovy-2.4.jar:1.2]
	at org.spockframework.runtime.BaseSpecRunner.doRunSpec(BaseSpecRunner.java:95) ~[spock-core-1.2-groovy-2.4.jar:1.2]
	at org.spockframework.runtime.BaseSpecRunner$1.invoke(BaseSpecRunner.java:81) ~[spock-core-1.2-groovy-2.4.jar:1.2]
	at org.spockframework.runtime.BaseSpecRunner.invokeRaw(BaseSpecRunner.java:484) ~[spock-core-1.2-groovy-2.4.jar:1.2]
	at org.spockframework.runtime.BaseSpecRunner.invoke(BaseSpecRunner.java:467) ~[spock-core-1.2-groovy-2.4.jar:1.2]
	at org.spockframework.runtime.BaseSpecRunner.runSpec(BaseSpecRunner.java:73) ~[spock-core-1.2-groovy-2.4.jar:1.2]
	at org.spockframework.runtime.BaseSpecRunner.run(BaseSpecRunner.java:64) ~[spock-core-1.2-groovy-2.4.jar:1.2]
	at org.spockframework.runtime.Sputnik.run(Sputnik.java:63) ~[spock-core-1.2-groovy-2.4.jar:1.2]
	at org.junit.runner.JUnitCore.run(JUnitCore.java:137) ~[junit-4.12.jar:4.12]
	at org.junit.runner.JUnitCore.run(JUnitCore.java:115) ~[junit-4.12.jar:4.12]
	at org.junit.vintage.engine.execution.RunnerExecutor.execute(RunnerExecutor.java:40) ~[junit-vintage-engine-5.5.1.jar:5.5.1]
	at java.util.stream.ForEachOps$ForEachOp$OfRef.accept(ForEachOps.java:184) ~[?:1.8.0_221]
	at java.util.stream.ReferencePipeline$3$1.accept(ReferencePipeline.java:193) ~[?:1.8.0_221]
	at java.util.Iterator.forEachRemaining(Iterator.java:116) ~[?:1.8.0_221]
	at java.util.Spliterators$IteratorSpliterator.forEachRemaining(Spliterators.java:1801) ~[?:1.8.0_221]
	at java.util.stream.AbstractPipeline.copyInto(AbstractPipeline.java:482) ~[?:1.8.0_221]
	at java.util.stream.AbstractPipeline.wrapAndCopyInto(AbstractPipeline.java:472) ~[?:1.8.0_221]
	at java.util.stream.ForEachOps$ForEachOp.evaluateSequential(ForEachOps.java:151) ~[?:1.8.0_221]
	at java.util.stream.ForEachOps$ForEachOp$OfRef.evaluateSequential(ForEachOps.java:174) ~[?:1.8.0_221]
	at java.util.stream.AbstractPipeline.evaluate(AbstractPipeline.java:234) ~[?:1.8.0_221]
	at java.util.stream.ReferencePipeline.forEach(ReferencePipeline.java:418) ~[?:1.8.0_221]
	at org.junit.vintage.engine.VintageTestEngine.executeAllChildren(VintageTestEngine.java:80) ~[junit-vintage-engine-5.5.1.jar:5.5.1]
	at org.junit.vintage.engine.VintageTestEngine.execute(VintageTestEngine.java:71) ~[junit-vintage-engine-5.5.1.jar:5.5.1]
	at org.junit.platform.launcher.core.DefaultLauncher.execute(DefaultLauncher.java:220) ~[junit-platform-launcher-1.3.1.jar:1.3.1]
	at org.junit.platform.launcher.core.DefaultLauncher.lambda$execute$6(DefaultLauncher.java:188) ~[junit-platform-launcher-1.3.1.jar:1.3.1]
	at org.junit.platform.launcher.core.DefaultLauncher.withInterceptedStreams(DefaultLauncher.java:202) [junit-platform-launcher-1.3.1.jar:1.3.1]
	at org.junit.platform.launcher.core.DefaultLauncher.execute(DefaultLauncher.java:181) [junit-platform-launcher-1.3.1.jar:1.3.1]
	at org.junit.platform.launcher.core.DefaultLauncher.execute(DefaultLauncher.java:128) [junit-platform-launcher-1.3.1.jar:1.3.1]
	at org.gradle.api.internal.tasks.testing.junitplatform.JUnitPlatformTestClassProcessor$CollectAllTestClassesExecutor.processAllTestClasses(JUnitPlatformTestClassProcessor.java:99) [gradle-testing-junit-platform-6.0.1.jar:6.0.1]
	at org.gradle.api.internal.tasks.testing.junitplatform.JUnitPlatformTestClassProcessor$CollectAllTestClassesExecutor.access$000(JUnitPlatformTestClassProcessor.java:79) [gradle-testing-junit-platform-6.0.1.jar:6.0.1]
	at org.gradle.api.internal.tasks.testing.junitplatform.JUnitPlatformTestClassProcessor.stop(JUnitPlatformTestClassProcessor.java:75) [gradle-testing-junit-platform-6.0.1.jar:6.0.1]
	at org.gradle.api.internal.tasks.testing.SuiteTestClassProcessor.stop(SuiteTestClassProcessor.java:61) [gradle-testing-base-6.0.1.jar:6.0.1]
	at sun.reflect.NativeMethodAccessorImpl.invoke0(Native Method) ~[?:1.8.0_221]
	at sun.reflect.NativeMethodAccessorImpl.invoke(NativeMethodAccessorImpl.java:62) ~[?:1.8.0_221]
	at sun.reflect.DelegatingMethodAccessorImpl.invoke(DelegatingMethodAccessorImpl.java:43) ~[?:1.8.0_221]
	at java.lang.reflect.Method.invoke(Method.java:498) ~[?:1.8.0_221]
	at org.gradle.internal.dispatch.ReflectionDispatch.dispatch(ReflectionDispatch.java:36) [gradle-messaging-6.0.1.jar:6.0.1]
	at org.gradle.internal.dispatch.ReflectionDispatch.dispatch(ReflectionDispatch.java:24) [gradle-messaging-6.0.1.jar:6.0.1]
	at org.gradle.internal.dispatch.ContextClassLoaderDispatch.dispatch(ContextClassLoaderDispatch.java:33) [gradle-messaging-6.0.1.jar:6.0.1]
	at org.gradle.internal.dispatch.ProxyDispatchAdapter$DispatchingInvocationHandler.invoke(ProxyDispatchAdapter.java:94) [gradle-messaging-6.0.1.jar:6.0.1]
	at com.sun.proxy.$Proxy2.stop(Unknown Source) [?:?]
	at org.gradle.api.internal.tasks.testing.worker.TestWorker.stop(TestWorker.java:132) [gradle-testing-base-6.0.1.jar:6.0.1]
	at sun.reflect.NativeMethodAccessorImpl.invoke0(Native Method) ~[?:1.8.0_221]
	at sun.reflect.NativeMethodAccessorImpl.invoke(NativeMethodAccessorImpl.java:62) ~[?:1.8.0_221]
	at sun.reflect.DelegatingMethodAccessorImpl.invoke(DelegatingMethodAccessorImpl.java:43) ~[?:1.8.0_221]
	at java.lang.reflect.Method.invoke(Method.java:498) ~[?:1.8.0_221]
	at org.gradle.internal.dispatch.ReflectionDispatch.dispatch(ReflectionDispatch.java:36) [gradle-messaging-6.0.1.jar:6.0.1]
	at org.gradle.internal.dispatch.ReflectionDispatch.dispatch(ReflectionDispatch.java:24) [gradle-messaging-6.0.1.jar:6.0.1]
	at org.gradle.internal.remote.internal.hub.MessageHubBackedObjectConnection$DispatchWrapper.dispatch(MessageHubBackedObjectConnection.java:182) [gradle-messaging-6.0.1.jar:6.0.1]
	at org.gradle.internal.remote.internal.hub.MessageHubBackedObjectConnection$DispatchWrapper.dispatch(MessageHubBackedObjectConnection.java:164) [gradle-messaging-6.0.1.jar:6.0.1]
	at org.gradle.internal.remote.internal.hub.MessageHub$Handler.run(MessageHub.java:412) [gradle-messaging-6.0.1.jar:6.0.1]
	at org.gradle.internal.concurrent.ExecutorPolicy$CatchAndRecordFailures.onExecute(ExecutorPolicy.java:64) [gradle-base-services-6.0.1.jar:6.0.1]
	at org.gradle.internal.concurrent.ManagedExecutorImpl$1.run(ManagedExecutorImpl.java:48) [gradle-base-services-6.0.1.jar:6.0.1]
	at java.util.concurrent.ThreadPoolExecutor.runWorker(ThreadPoolExecutor.java:1149) [?:1.8.0_221]
	at java.util.concurrent.ThreadPoolExecutor$Worker.run(ThreadPoolExecutor.java:624) [?:1.8.0_221]
	at org.gradle.internal.concurrent.ThreadFactoryImpl$ManagedThreadRunnable.run(ThreadFactoryImpl.java:56) [gradle-base-services-6.0.1.jar:6.0.1]
	at java.lang.Thread.run(Thread.java:748) [?:1.8.0_221]
2020-04-13 01:21:54,813 ERROR o.a.j.s.SampleResult: sampleEnd called twice
java.lang.Throwable: Invalid call sequence
	at org.apache.jmeter.samplers.SampleResult.sampleEnd(SampleResult.java:1146) ~[ApacheJMeter_core-5.2.1-SNAPSHOT.jar:5.2.1-SNAPSHOT]
	at org.apache.jmeter.samplers.SampleResult$sampleEnd$0.call(Unknown Source) ~[?:?]
	at org.apache.jmeter.assertions.CompareAssertionSpec.simpleResult(CompareAssertionSpec.groovy:74) ~[test/:?]
	at sun.reflect.NativeMethodAccessorImpl.invoke0(Native Method) ~[?:1.8.0_221]
	at sun.reflect.NativeMethodAccessorImpl.invoke(NativeMethodAccessorImpl.java:62) ~[?:1.8.0_221]
	at sun.reflect.DelegatingMethodAccessorImpl.invoke(DelegatingMethodAccessorImpl.java:43) ~[?:1.8.0_221]
	at java.lang.reflect.Method.invoke(Method.java:498) ~[?:1.8.0_221]
	at org.codehaus.groovy.runtime.callsite.PogoMetaMethodSite$PogoCachedMethodSiteNoUnwrap.invoke(PogoMetaMethodSite.java:190) ~[groovy-all-2.4.16.jar:2.4.16]
	at org.codehaus.groovy.runtime.callsite.PogoMetaMethodSite.callCurrent(PogoMetaMethodSite.java:59) ~[groovy-all-2.4.16.jar:2.4.16]
	at org.codehaus.groovy.runtime.callsite.AbstractCallSite.callCurrent(AbstractCallSite.java:177) ~[groovy-all-2.4.16.jar:2.4.16]
	at org.apache.jmeter.assertions.CompareAssertionSpec.$spock_feature_0_1(CompareAssertionSpec.groovy:58) ~[test/:?]
	at sun.reflect.NativeMethodAccessorImpl.invoke0(Native Method) ~[?:1.8.0_221]
	at sun.reflect.NativeMethodAccessorImpl.invoke(NativeMethodAccessorImpl.java:62) ~[?:1.8.0_221]
	at sun.reflect.DelegatingMethodAccessorImpl.invoke(DelegatingMethodAccessorImpl.java:43) ~[?:1.8.0_221]
	at java.lang.reflect.Method.invoke(Method.java:498) ~[?:1.8.0_221]
	at org.spockframework.util.ReflectionUtil.invokeMethod(ReflectionUtil.java:200) ~[spock-core-1.2-groovy-2.4.jar:1.2]
	at org.spockframework.runtime.model.MethodInfo.invoke(MethodInfo.java:113) ~[spock-core-1.2-groovy-2.4.jar:1.2]
	at org.spockframework.runtime.BaseSpecRunner.invokeRaw(BaseSpecRunner.java:484) ~[spock-core-1.2-groovy-2.4.jar:1.2]
	at org.spockframework.runtime.BaseSpecRunner.invoke(BaseSpecRunner.java:467) ~[spock-core-1.2-groovy-2.4.jar:1.2]
	at org.spockframework.runtime.BaseSpecRunner.runFeatureMethod(BaseSpecRunner.java:408) ~[spock-core-1.2-groovy-2.4.jar:1.2]
	at org.spockframework.runtime.BaseSpecRunner.doRunIteration(BaseSpecRunner.java:322) ~[spock-core-1.2-groovy-2.4.jar:1.2]
	at org.spockframework.runtime.BaseSpecRunner$6.invoke(BaseSpecRunner.java:306) ~[spock-core-1.2-groovy-2.4.jar:1.2]
	at org.spockframework.runtime.BaseSpecRunner.invokeRaw(BaseSpecRunner.java:484) ~[spock-core-1.2-groovy-2.4.jar:1.2]
	at org.spockframework.runtime.BaseSpecRunner.invoke(BaseSpecRunner.java:467) ~[spock-core-1.2-groovy-2.4.jar:1.2]
	at org.spockframework.runtime.BaseSpecRunner.runIteration(BaseSpecRunner.java:285) ~[spock-core-1.2-groovy-2.4.jar:1.2]
	at org.spockframework.runtime.BaseSpecRunner.initializeAndRunIteration(BaseSpecRunner.java:275) ~[spock-core-1.2-groovy-2.4.jar:1.2]
	at org.spockframework.runtime.ParameterizedSpecRunner.runIterations(ParameterizedSpecRunner.java:139) ~[spock-core-1.2-groovy-2.4.jar:1.2]
	at org.spockframework.runtime.ParameterizedSpecRunner.runParameterizedFeature(ParameterizedSpecRunner.java:41) ~[spock-core-1.2-groovy-2.4.jar:1.2]
	at org.spockframework.runtime.BaseSpecRunner.doRunFeature(BaseSpecRunner.java:259) ~[spock-core-1.2-groovy-2.4.jar:1.2]
	at org.spockframework.runtime.BaseSpecRunner$5.invoke(BaseSpecRunner.java:243) ~[spock-core-1.2-groovy-2.4.jar:1.2]
	at org.spockframework.runtime.BaseSpecRunner.invokeRaw(BaseSpecRunner.java:484) ~[spock-core-1.2-groovy-2.4.jar:1.2]
	at org.spockframework.runtime.BaseSpecRunner.invoke(BaseSpecRunner.java:467) ~[spock-core-1.2-groovy-2.4.jar:1.2]
	at org.spockframework.runtime.BaseSpecRunner.runFeature(BaseSpecRunner.java:235) ~[spock-core-1.2-groovy-2.4.jar:1.2]
	at org.spockframework.runtime.BaseSpecRunner.runFeatures(BaseSpecRunner.java:185) ~[spock-core-1.2-groovy-2.4.jar:1.2]
	at org.spockframework.runtime.BaseSpecRunner.doRunSpec(BaseSpecRunner.java:95) ~[spock-core-1.2-groovy-2.4.jar:1.2]
	at org.spockframework.runtime.BaseSpecRunner$1.invoke(BaseSpecRunner.java:81) ~[spock-core-1.2-groovy-2.4.jar:1.2]
	at org.spockframework.runtime.BaseSpecRunner.invokeRaw(BaseSpecRunner.java:484) ~[spock-core-1.2-groovy-2.4.jar:1.2]
	at org.spockframework.runtime.BaseSpecRunner.invoke(BaseSpecRunner.java:467) ~[spock-core-1.2-groovy-2.4.jar:1.2]
	at org.spockframework.runtime.BaseSpecRunner.runSpec(BaseSpecRunner.java:73) ~[spock-core-1.2-groovy-2.4.jar:1.2]
	at org.spockframework.runtime.BaseSpecRunner.run(BaseSpecRunner.java:64) ~[spock-core-1.2-groovy-2.4.jar:1.2]
	at org.spockframework.runtime.Sputnik.run(Sputnik.java:63) ~[spock-core-1.2-groovy-2.4.jar:1.2]
	at org.junit.runner.JUnitCore.run(JUnitCore.java:137) ~[junit-4.12.jar:4.12]
	at org.junit.runner.JUnitCore.run(JUnitCore.java:115) ~[junit-4.12.jar:4.12]
	at org.junit.vintage.engine.execution.RunnerExecutor.execute(RunnerExecutor.java:40) ~[junit-vintage-engine-5.5.1.jar:5.5.1]
	at java.util.stream.ForEachOps$ForEachOp$OfRef.accept(ForEachOps.java:184) ~[?:1.8.0_221]
	at java.util.stream.ReferencePipeline$3$1.accept(ReferencePipeline.java:193) ~[?:1.8.0_221]
	at java.util.Iterator.forEachRemaining(Iterator.java:116) ~[?:1.8.0_221]
	at java.util.Spliterators$IteratorSpliterator.forEachRemaining(Spliterators.java:1801) ~[?:1.8.0_221]
	at java.util.stream.AbstractPipeline.copyInto(AbstractPipeline.java:482) ~[?:1.8.0_221]
	at java.util.stream.AbstractPipeline.wrapAndCopyInto(AbstractPipeline.java:472) ~[?:1.8.0_221]
	at java.util.stream.ForEachOps$ForEachOp.evaluateSequential(ForEachOps.java:151) ~[?:1.8.0_221]
	at java.util.stream.ForEachOps$ForEachOp$OfRef.evaluateSequential(ForEachOps.java:174) ~[?:1.8.0_221]
	at java.util.stream.AbstractPipeline.evaluate(AbstractPipeline.java:234) ~[?:1.8.0_221]
	at java.util.stream.ReferencePipeline.forEach(ReferencePipeline.java:418) ~[?:1.8.0_221]
	at org.junit.vintage.engine.VintageTestEngine.executeAllChildren(VintageTestEngine.java:80) ~[junit-vintage-engine-5.5.1.jar:5.5.1]
	at org.junit.vintage.engine.VintageTestEngine.execute(VintageTestEngine.java:71) ~[junit-vintage-engine-5.5.1.jar:5.5.1]
	at org.junit.platform.launcher.core.DefaultLauncher.execute(DefaultLauncher.java:220) ~[junit-platform-launcher-1.3.1.jar:1.3.1]
	at org.junit.platform.launcher.core.DefaultLauncher.lambda$execute$6(DefaultLauncher.java:188) ~[junit-platform-launcher-1.3.1.jar:1.3.1]
	at org.junit.platform.launcher.core.DefaultLauncher.withInterceptedStreams(DefaultLauncher.java:202) [junit-platform-launcher-1.3.1.jar:1.3.1]
	at org.junit.platform.launcher.core.DefaultLauncher.execute(DefaultLauncher.java:181) [junit-platform-launcher-1.3.1.jar:1.3.1]
	at org.junit.platform.launcher.core.DefaultLauncher.execute(DefaultLauncher.java:128) [junit-platform-launcher-1.3.1.jar:1.3.1]
	at org.gradle.api.internal.tasks.testing.junitplatform.JUnitPlatformTestClassProcessor$CollectAllTestClassesExecutor.processAllTestClasses(JUnitPlatformTestClassProcessor.java:99) [gradle-testing-junit-platform-6.0.1.jar:6.0.1]
	at org.gradle.api.internal.tasks.testing.junitplatform.JUnitPlatformTestClassProcessor$CollectAllTestClassesExecutor.access$000(JUnitPlatformTestClassProcessor.java:79) [gradle-testing-junit-platform-6.0.1.jar:6.0.1]
	at org.gradle.api.internal.tasks.testing.junitplatform.JUnitPlatformTestClassProcessor.stop(JUnitPlatformTestClassProcessor.java:75) [gradle-testing-junit-platform-6.0.1.jar:6.0.1]
	at org.gradle.api.internal.tasks.testing.SuiteTestClassProcessor.stop(SuiteTestClassProcessor.java:61) [gradle-testing-base-6.0.1.jar:6.0.1]
	at sun.reflect.NativeMethodAccessorImpl.invoke0(Native Method) ~[?:1.8.0_221]
	at sun.reflect.NativeMethodAccessorImpl.invoke(NativeMethodAccessorImpl.java:62) ~[?:1.8.0_221]
	at sun.reflect.DelegatingMethodAccessorImpl.invoke(DelegatingMethodAccessorImpl.java:43) ~[?:1.8.0_221]
	at java.lang.reflect.Method.invoke(Method.java:498) ~[?:1.8.0_221]
	at org.gradle.internal.dispatch.ReflectionDispatch.dispatch(ReflectionDispatch.java:36) [gradle-messaging-6.0.1.jar:6.0.1]
	at org.gradle.internal.dispatch.ReflectionDispatch.dispatch(ReflectionDispatch.java:24) [gradle-messaging-6.0.1.jar:6.0.1]
	at org.gradle.internal.dispatch.ContextClassLoaderDispatch.dispatch(ContextClassLoaderDispatch.java:33) [gradle-messaging-6.0.1.jar:6.0.1]
	at org.gradle.internal.dispatch.ProxyDispatchAdapter$DispatchingInvocationHandler.invoke(ProxyDispatchAdapter.java:94) [gradle-messaging-6.0.1.jar:6.0.1]
	at com.sun.proxy.$Proxy2.stop(Unknown Source) [?:?]
	at org.gradle.api.internal.tasks.testing.worker.TestWorker.stop(TestWorker.java:132) [gradle-testing-base-6.0.1.jar:6.0.1]
	at sun.reflect.NativeMethodAccessorImpl.invoke0(Native Method) ~[?:1.8.0_221]
	at sun.reflect.NativeMethodAccessorImpl.invoke(NativeMethodAccessorImpl.java:62) ~[?:1.8.0_221]
	at sun.reflect.DelegatingMethodAccessorImpl.invoke(DelegatingMethodAccessorImpl.java:43) ~[?:1.8.0_221]
	at java.lang.reflect.Method.invoke(Method.java:498) ~[?:1.8.0_221]
	at org.gradle.internal.dispatch.ReflectionDispatch.dispatch(ReflectionDispatch.java:36) [gradle-messaging-6.0.1.jar:6.0.1]
	at org.gradle.internal.dispatch.ReflectionDispatch.dispatch(ReflectionDispatch.java:24) [gradle-messaging-6.0.1.jar:6.0.1]
	at org.gradle.internal.remote.internal.hub.MessageHubBackedObjectConnection$DispatchWrapper.dispatch(MessageHubBackedObjectConnection.java:182) [gradle-messaging-6.0.1.jar:6.0.1]
	at org.gradle.internal.remote.internal.hub.MessageHubBackedObjectConnection$DispatchWrapper.dispatch(MessageHubBackedObjectConnection.java:164) [gradle-messaging-6.0.1.jar:6.0.1]
	at org.gradle.internal.remote.internal.hub.MessageHub$Handler.run(MessageHub.java:412) [gradle-messaging-6.0.1.jar:6.0.1]
	at org.gradle.internal.concurrent.ExecutorPolicy$CatchAndRecordFailures.onExecute(ExecutorPolicy.java:64) [gradle-base-services-6.0.1.jar:6.0.1]
	at org.gradle.internal.concurrent.ManagedExecutorImpl$1.run(ManagedExecutorImpl.java:48) [gradle-base-services-6.0.1.jar:6.0.1]
	at java.util.concurrent.ThreadPoolExecutor.runWorker(ThreadPoolExecutor.java:1149) [?:1.8.0_221]
	at java.util.concurrent.ThreadPoolExecutor$Worker.run(ThreadPoolExecutor.java:624) [?:1.8.0_221]
	at org.gradle.internal.concurrent.ThreadFactoryImpl$ManagedThreadRunnable.run(ThreadFactoryImpl.java:56) [gradle-base-services-6.0.1.jar:6.0.1]
	at java.lang.Thread.run(Thread.java:748) [?:1.8.0_221]
2020-04-13 01:21:54,823 ERROR o.a.j.s.SampleResult: sampleEnd called twice
java.lang.Throwable: Invalid call sequence
	at org.apache.jmeter.samplers.SampleResult.sampleEnd(SampleResult.java:1146) ~[ApacheJMeter_core-5.2.1-SNAPSHOT.jar:5.2.1-SNAPSHOT]
	at org.apache.jmeter.samplers.SampleResult$sampleEnd$0.call(Unknown Source) ~[?:?]
	at org.apache.jmeter.assertions.CompareAssertionSpec.simpleResult(CompareAssertionSpec.groovy:74) ~[test/:?]
	at sun.reflect.NativeMethodAccessorImpl.invoke0(Native Method) ~[?:1.8.0_221]
	at sun.reflect.NativeMethodAccessorImpl.invoke(NativeMethodAccessorImpl.java:62) ~[?:1.8.0_221]
	at sun.reflect.DelegatingMethodAccessorImpl.invoke(DelegatingMethodAccessorImpl.java:43) ~[?:1.8.0_221]
	at java.lang.reflect.Method.invoke(Method.java:498) ~[?:1.8.0_221]
	at org.codehaus.groovy.runtime.callsite.PogoMetaMethodSite$PogoCachedMethodSiteNoUnwrap.invoke(PogoMetaMethodSite.java:190) ~[groovy-all-2.4.16.jar:2.4.16]
	at org.codehaus.groovy.runtime.callsite.PogoMetaMethodSite.callCurrent(PogoMetaMethodSite.java:59) ~[groovy-all-2.4.16.jar:2.4.16]
	at org.codehaus.groovy.runtime.callsite.AbstractCallSite.callCurrent(AbstractCallSite.java:177) ~[groovy-all-2.4.16.jar:2.4.16]
	at org.apache.jmeter.assertions.CompareAssertionSpec.$spock_feature_0_1(CompareAssertionSpec.groovy:47) ~[test/:?]
	at sun.reflect.NativeMethodAccessorImpl.invoke0(Native Method) ~[?:1.8.0_221]
	at sun.reflect.NativeMethodAccessorImpl.invoke(NativeMethodAccessorImpl.java:62) ~[?:1.8.0_221]
	at sun.reflect.DelegatingMethodAccessorImpl.invoke(DelegatingMethodAccessorImpl.java:43) ~[?:1.8.0_221]
	at java.lang.reflect.Method.invoke(Method.java:498) ~[?:1.8.0_221]
	at org.spockframework.util.ReflectionUtil.invokeMethod(ReflectionUtil.java:200) ~[spock-core-1.2-groovy-2.4.jar:1.2]
	at org.spockframework.runtime.model.MethodInfo.invoke(MethodInfo.java:113) ~[spock-core-1.2-groovy-2.4.jar:1.2]
	at org.spockframework.runtime.BaseSpecRunner.invokeRaw(BaseSpecRunner.java:484) ~[spock-core-1.2-groovy-2.4.jar:1.2]
	at org.spockframework.runtime.BaseSpecRunner.invoke(BaseSpecRunner.java:467) ~[spock-core-1.2-groovy-2.4.jar:1.2]
	at org.spockframework.runtime.BaseSpecRunner.runFeatureMethod(BaseSpecRunner.java:408) ~[spock-core-1.2-groovy-2.4.jar:1.2]
	at org.spockframework.runtime.BaseSpecRunner.doRunIteration(BaseSpecRunner.java:322) ~[spock-core-1.2-groovy-2.4.jar:1.2]
	at org.spockframework.runtime.BaseSpecRunner$6.invoke(BaseSpecRunner.java:306) ~[spock-core-1.2-groovy-2.4.jar:1.2]
	at org.spockframework.runtime.BaseSpecRunner.invokeRaw(BaseSpecRunner.java:484) ~[spock-core-1.2-groovy-2.4.jar:1.2]
	at org.spockframework.runtime.BaseSpecRunner.invoke(BaseSpecRunner.java:467) ~[spock-core-1.2-groovy-2.4.jar:1.2]
	at org.spockframework.runtime.BaseSpecRunner.runIteration(BaseSpecRunner.java:285) ~[spock-core-1.2-groovy-2.4.jar:1.2]
	at org.spockframework.runtime.BaseSpecRunner.initializeAndRunIteration(BaseSpecRunner.java:275) ~[spock-core-1.2-groovy-2.4.jar:1.2]
	at org.spockframework.runtime.ParameterizedSpecRunner.runIterations(ParameterizedSpecRunner.java:139) ~[spock-core-1.2-groovy-2.4.jar:1.2]
	at org.spockframework.runtime.ParameterizedSpecRunner.runParameterizedFeature(ParameterizedSpecRunner.java:41) ~[spock-core-1.2-groovy-2.4.jar:1.2]
	at org.spockframework.runtime.BaseSpecRunner.doRunFeature(BaseSpecRunner.java:259) ~[spock-core-1.2-groovy-2.4.jar:1.2]
	at org.spockframework.runtime.BaseSpecRunner$5.invoke(BaseSpecRunner.java:243) ~[spock-core-1.2-groovy-2.4.jar:1.2]
	at org.spockframework.runtime.BaseSpecRunner.invokeRaw(BaseSpecRunner.java:484) ~[spock-core-1.2-groovy-2.4.jar:1.2]
	at org.spockframework.runtime.BaseSpecRunner.invoke(BaseSpecRunner.java:467) ~[spock-core-1.2-groovy-2.4.jar:1.2]
	at org.spockframework.runtime.BaseSpecRunner.runFeature(BaseSpecRunner.java:235) ~[spock-core-1.2-groovy-2.4.jar:1.2]
	at org.spockframework.runtime.BaseSpecRunner.runFeatures(BaseSpecRunner.java:185) ~[spock-core-1.2-groovy-2.4.jar:1.2]
	at org.spockframework.runtime.BaseSpecRunner.doRunSpec(BaseSpecRunner.java:95) ~[spock-core-1.2-groovy-2.4.jar:1.2]
	at org.spockframework.runtime.BaseSpecRunner$1.invoke(BaseSpecRunner.java:81) ~[spock-core-1.2-groovy-2.4.jar:1.2]
	at org.spockframework.runtime.BaseSpecRunner.invokeRaw(BaseSpecRunner.java:484) ~[spock-core-1.2-groovy-2.4.jar:1.2]
	at org.spockframework.runtime.BaseSpecRunner.invoke(BaseSpecRunner.java:467) ~[spock-core-1.2-groovy-2.4.jar:1.2]
	at org.spockframework.runtime.BaseSpecRunner.runSpec(BaseSpecRunner.java:73) ~[spock-core-1.2-groovy-2.4.jar:1.2]
	at org.spockframework.runtime.BaseSpecRunner.run(BaseSpecRunner.java:64) ~[spock-core-1.2-groovy-2.4.jar:1.2]
	at org.spockframework.runtime.Sputnik.run(Sputnik.java:63) ~[spock-core-1.2-groovy-2.4.jar:1.2]
	at org.junit.runner.JUnitCore.run(JUnitCore.java:137) ~[junit-4.12.jar:4.12]
	at org.junit.runner.JUnitCore.run(JUnitCore.java:115) ~[junit-4.12.jar:4.12]
	at org.junit.vintage.engine.execution.RunnerExecutor.execute(RunnerExecutor.java:40) ~[junit-vintage-engine-5.5.1.jar:5.5.1]
	at java.util.stream.ForEachOps$ForEachOp$OfRef.accept(ForEachOps.java:184) ~[?:1.8.0_221]
	at java.util.stream.ReferencePipeline$3$1.accept(ReferencePipeline.java:193) ~[?:1.8.0_221]
	at java.util.Iterator.forEachRemaining(Iterator.java:116) ~[?:1.8.0_221]
	at java.util.Spliterators$IteratorSpliterator.forEachRemaining(Spliterators.java:1801) ~[?:1.8.0_221]
	at java.util.stream.AbstractPipeline.copyInto(AbstractPipeline.java:482) ~[?:1.8.0_221]
	at java.util.stream.AbstractPipeline.wrapAndCopyInto(AbstractPipeline.java:472) ~[?:1.8.0_221]
	at java.util.stream.ForEachOps$ForEachOp.evaluateSequential(ForEachOps.java:151) ~[?:1.8.0_221]
	at java.util.stream.ForEachOps$ForEachOp$OfRef.evaluateSequential(ForEachOps.java:174) ~[?:1.8.0_221]
	at java.util.stream.AbstractPipeline.evaluate(AbstractPipeline.java:234) ~[?:1.8.0_221]
	at java.util.stream.ReferencePipeline.forEach(ReferencePipeline.java:418) ~[?:1.8.0_221]
	at org.junit.vintage.engine.VintageTestEngine.executeAllChildren(VintageTestEngine.java:80) ~[junit-vintage-engine-5.5.1.jar:5.5.1]
	at org.junit.vintage.engine.VintageTestEngine.execute(VintageTestEngine.java:71) ~[junit-vintage-engine-5.5.1.jar:5.5.1]
	at org.junit.platform.launcher.core.DefaultLauncher.execute(DefaultLauncher.java:220) ~[junit-platform-launcher-1.3.1.jar:1.3.1]
	at org.junit.platform.launcher.core.DefaultLauncher.lambda$execute$6(DefaultLauncher.java:188) ~[junit-platform-launcher-1.3.1.jar:1.3.1]
	at org.junit.platform.launcher.core.DefaultLauncher.withInterceptedStreams(DefaultLauncher.java:202) [junit-platform-launcher-1.3.1.jar:1.3.1]
	at org.junit.platform.launcher.core.DefaultLauncher.execute(DefaultLauncher.java:181) [junit-platform-launcher-1.3.1.jar:1.3.1]
	at org.junit.platform.launcher.core.DefaultLauncher.execute(DefaultLauncher.java:128) [junit-platform-launcher-1.3.1.jar:1.3.1]
	at org.gradle.api.internal.tasks.testing.junitplatform.JUnitPlatformTestClassProcessor$CollectAllTestClassesExecutor.processAllTestClasses(JUnitPlatformTestClassProcessor.java:99) [gradle-testing-junit-platform-6.0.1.jar:6.0.1]
	at org.gradle.api.internal.tasks.testing.junitplatform.JUnitPlatformTestClassProcessor$CollectAllTestClassesExecutor.access$000(JUnitPlatformTestClassProcessor.java:79) [gradle-testing-junit-platform-6.0.1.jar:6.0.1]
	at org.gradle.api.internal.tasks.testing.junitplatform.JUnitPlatformTestClassProcessor.stop(JUnitPlatformTestClassProcessor.java:75) [gradle-testing-junit-platform-6.0.1.jar:6.0.1]
	at org.gradle.api.internal.tasks.testing.SuiteTestClassProcessor.stop(SuiteTestClassProcessor.java:61) [gradle-testing-base-6.0.1.jar:6.0.1]
	at sun.reflect.NativeMethodAccessorImpl.invoke0(Native Method) ~[?:1.8.0_221]
	at sun.reflect.NativeMethodAccessorImpl.invoke(NativeMethodAccessorImpl.java:62) ~[?:1.8.0_221]
	at sun.reflect.DelegatingMethodAccessorImpl.invoke(DelegatingMethodAccessorImpl.java:43) ~[?:1.8.0_221]
	at java.lang.reflect.Method.invoke(Method.java:498) ~[?:1.8.0_221]
	at org.gradle.internal.dispatch.ReflectionDispatch.dispatch(ReflectionDispatch.java:36) [gradle-messaging-6.0.1.jar:6.0.1]
	at org.gradle.internal.dispatch.ReflectionDispatch.dispatch(ReflectionDispatch.java:24) [gradle-messaging-6.0.1.jar:6.0.1]
	at org.gradle.internal.dispatch.ContextClassLoaderDispatch.dispatch(ContextClassLoaderDispatch.java:33) [gradle-messaging-6.0.1.jar:6.0.1]
	at org.gradle.internal.dispatch.ProxyDispatchAdapter$DispatchingInvocationHandler.invoke(ProxyDispatchAdapter.java:94) [gradle-messaging-6.0.1.jar:6.0.1]
	at com.sun.proxy.$Proxy2.stop(Unknown Source) [?:?]
	at org.gradle.api.internal.tasks.testing.worker.TestWorker.stop(TestWorker.java:132) [gradle-testing-base-6.0.1.jar:6.0.1]
	at sun.reflect.NativeMethodAccessorImpl.invoke0(Native Method) ~[?:1.8.0_221]
	at sun.reflect.NativeMethodAccessorImpl.invoke(NativeMethodAccessorImpl.java:62) ~[?:1.8.0_221]
	at sun.reflect.DelegatingMethodAccessorImpl.invoke(DelegatingMethodAccessorImpl.java:43) ~[?:1.8.0_221]
	at java.lang.reflect.Method.invoke(Method.java:498) ~[?:1.8.0_221]
	at org.gradle.internal.dispatch.ReflectionDispatch.dispatch(ReflectionDispatch.java:36) [gradle-messaging-6.0.1.jar:6.0.1]
	at org.gradle.internal.dispatch.ReflectionDispatch.dispatch(ReflectionDispatch.java:24) [gradle-messaging-6.0.1.jar:6.0.1]
	at org.gradle.internal.remote.internal.hub.MessageHubBackedObjectConnection$DispatchWrapper.dispatch(MessageHubBackedObjectConnection.java:182) [gradle-messaging-6.0.1.jar:6.0.1]
	at org.gradle.internal.remote.internal.hub.MessageHubBackedObjectConnection$DispatchWrapper.dispatch(MessageHubBackedObjectConnection.java:164) [gradle-messaging-6.0.1.jar:6.0.1]
	at org.gradle.internal.remote.internal.hub.MessageHub$Handler.run(MessageHub.java:412) [gradle-messaging-6.0.1.jar:6.0.1]
	at org.gradle.internal.concurrent.ExecutorPolicy$CatchAndRecordFailures.onExecute(ExecutorPolicy.java:64) [gradle-base-services-6.0.1.jar:6.0.1]
	at org.gradle.internal.concurrent.ManagedExecutorImpl$1.run(ManagedExecutorImpl.java:48) [gradle-base-services-6.0.1.jar:6.0.1]
	at java.util.concurrent.ThreadPoolExecutor.runWorker(ThreadPoolExecutor.java:1149) [?:1.8.0_221]
	at java.util.concurrent.ThreadPoolExecutor$Worker.run(ThreadPoolExecutor.java:624) [?:1.8.0_221]
	at org.gradle.internal.concurrent.ThreadFactoryImpl$ManagedThreadRunnable.run(ThreadFactoryImpl.java:56) [gradle-base-services-6.0.1.jar:6.0.1]
	at java.lang.Thread.run(Thread.java:748) [?:1.8.0_221]
2020-04-13 01:21:54,853 ERROR o.a.j.s.SampleResult: sampleEnd called twice
java.lang.Throwable: Invalid call sequence
	at org.apache.jmeter.samplers.SampleResult.sampleEnd(SampleResult.java:1146) ~[ApacheJMeter_core-5.2.1-SNAPSHOT.jar:5.2.1-SNAPSHOT]
	at org.apache.jmeter.samplers.SampleResult$sampleEnd$0.call(Unknown Source) ~[?:?]
	at org.apache.jmeter.assertions.CompareAssertionSpec.simpleResult(CompareAssertionSpec.groovy:74) ~[test/:?]
	at sun.reflect.NativeMethodAccessorImpl.invoke0(Native Method) ~[?:1.8.0_221]
	at sun.reflect.NativeMethodAccessorImpl.invoke(NativeMethodAccessorImpl.java:62) ~[?:1.8.0_221]
	at sun.reflect.DelegatingMethodAccessorImpl.invoke(DelegatingMethodAccessorImpl.java:43) ~[?:1.8.0_221]
	at java.lang.reflect.Method.invoke(Method.java:498) ~[?:1.8.0_221]
	at org.codehaus.groovy.runtime.callsite.PogoMetaMethodSite$PogoCachedMethodSiteNoUnwrap.invoke(PogoMetaMethodSite.java:190) ~[groovy-all-2.4.16.jar:2.4.16]
	at org.codehaus.groovy.runtime.callsite.PogoMetaMethodSite.callCurrent(PogoMetaMethodSite.java:59) ~[groovy-all-2.4.16.jar:2.4.16]
	at org.codehaus.groovy.runtime.callsite.AbstractCallSite.callCurrent(AbstractCallSite.java:177) ~[groovy-all-2.4.16.jar:2.4.16]
	at org.apache.jmeter.assertions.CompareAssertionSpec.$spock_feature_0_1(CompareAssertionSpec.groovy:58) ~[test/:?]
	at sun.reflect.NativeMethodAccessorImpl.invoke0(Native Method) ~[?:1.8.0_221]
	at sun.reflect.NativeMethodAccessorImpl.invoke(NativeMethodAccessorImpl.java:62) ~[?:1.8.0_221]
	at sun.reflect.DelegatingMethodAccessorImpl.invoke(DelegatingMethodAccessorImpl.java:43) ~[?:1.8.0_221]
	at java.lang.reflect.Method.invoke(Method.java:498) ~[?:1.8.0_221]
	at org.spockframework.util.ReflectionUtil.invokeMethod(ReflectionUtil.java:200) ~[spock-core-1.2-groovy-2.4.jar:1.2]
	at org.spockframework.runtime.model.MethodInfo.invoke(MethodInfo.java:113) ~[spock-core-1.2-groovy-2.4.jar:1.2]
	at org.spockframework.runtime.BaseSpecRunner.invokeRaw(BaseSpecRunner.java:484) ~[spock-core-1.2-groovy-2.4.jar:1.2]
	at org.spockframework.runtime.BaseSpecRunner.invoke(BaseSpecRunner.java:467) ~[spock-core-1.2-groovy-2.4.jar:1.2]
	at org.spockframework.runtime.BaseSpecRunner.runFeatureMethod(BaseSpecRunner.java:408) ~[spock-core-1.2-groovy-2.4.jar:1.2]
	at org.spockframework.runtime.BaseSpecRunner.doRunIteration(BaseSpecRunner.java:322) ~[spock-core-1.2-groovy-2.4.jar:1.2]
	at org.spockframework.runtime.BaseSpecRunner$6.invoke(BaseSpecRunner.java:306) ~[spock-core-1.2-groovy-2.4.jar:1.2]
	at org.spockframework.runtime.BaseSpecRunner.invokeRaw(BaseSpecRunner.java:484) ~[spock-core-1.2-groovy-2.4.jar:1.2]
	at org.spockframework.runtime.BaseSpecRunner.invoke(BaseSpecRunner.java:467) ~[spock-core-1.2-groovy-2.4.jar:1.2]
	at org.spockframework.runtime.BaseSpecRunner.runIteration(BaseSpecRunner.java:285) ~[spock-core-1.2-groovy-2.4.jar:1.2]
	at org.spockframework.runtime.BaseSpecRunner.initializeAndRunIteration(BaseSpecRunner.java:275) ~[spock-core-1.2-groovy-2.4.jar:1.2]
	at org.spockframework.runtime.ParameterizedSpecRunner.runIterations(ParameterizedSpecRunner.java:139) ~[spock-core-1.2-groovy-2.4.jar:1.2]
	at org.spockframework.runtime.ParameterizedSpecRunner.runParameterizedFeature(ParameterizedSpecRunner.java:41) ~[spock-core-1.2-groovy-2.4.jar:1.2]
	at org.spockframework.runtime.BaseSpecRunner.doRunFeature(BaseSpecRunner.java:259) ~[spock-core-1.2-groovy-2.4.jar:1.2]
	at org.spockframework.runtime.BaseSpecRunner$5.invoke(BaseSpecRunner.java:243) ~[spock-core-1.2-groovy-2.4.jar:1.2]
	at org.spockframework.runtime.BaseSpecRunner.invokeRaw(BaseSpecRunner.java:484) ~[spock-core-1.2-groovy-2.4.jar:1.2]
	at org.spockframework.runtime.BaseSpecRunner.invoke(BaseSpecRunner.java:467) ~[spock-core-1.2-groovy-2.4.jar:1.2]
	at org.spockframework.runtime.BaseSpecRunner.runFeature(BaseSpecRunner.java:235) ~[spock-core-1.2-groovy-2.4.jar:1.2]
	at org.spockframework.runtime.BaseSpecRunner.runFeatures(BaseSpecRunner.java:185) ~[spock-core-1.2-groovy-2.4.jar:1.2]
	at org.spockframework.runtime.BaseSpecRunner.doRunSpec(BaseSpecRunner.java:95) ~[spock-core-1.2-groovy-2.4.jar:1.2]
	at org.spockframework.runtime.BaseSpecRunner$1.invoke(BaseSpecRunner.java:81) ~[spock-core-1.2-groovy-2.4.jar:1.2]
	at org.spockframework.runtime.BaseSpecRunner.invokeRaw(BaseSpecRunner.java:484) ~[spock-core-1.2-groovy-2.4.jar:1.2]
	at org.spockframework.runtime.BaseSpecRunner.invoke(BaseSpecRunner.java:467) ~[spock-core-1.2-groovy-2.4.jar:1.2]
	at org.spockframework.runtime.BaseSpecRunner.runSpec(BaseSpecRunner.java:73) ~[spock-core-1.2-groovy-2.4.jar:1.2]
	at org.spockframework.runtime.BaseSpecRunner.run(BaseSpecRunner.java:64) ~[spock-core-1.2-groovy-2.4.jar:1.2]
	at org.spockframework.runtime.Sputnik.run(Sputnik.java:63) ~[spock-core-1.2-groovy-2.4.jar:1.2]
	at org.junit.runner.JUnitCore.run(JUnitCore.java:137) ~[junit-4.12.jar:4.12]
	at org.junit.runner.JUnitCore.run(JUnitCore.java:115) ~[junit-4.12.jar:4.12]
	at org.junit.vintage.engine.execution.RunnerExecutor.execute(RunnerExecutor.java:40) ~[junit-vintage-engine-5.5.1.jar:5.5.1]
	at java.util.stream.ForEachOps$ForEachOp$OfRef.accept(ForEachOps.java:184) ~[?:1.8.0_221]
	at java.util.stream.ReferencePipeline$3$1.accept(ReferencePipeline.java:193) ~[?:1.8.0_221]
	at java.util.Iterator.forEachRemaining(Iterator.java:116) ~[?:1.8.0_221]
	at java.util.Spliterators$IteratorSpliterator.forEachRemaining(Spliterators.java:1801) ~[?:1.8.0_221]
	at java.util.stream.AbstractPipeline.copyInto(AbstractPipeline.java:482) ~[?:1.8.0_221]
	at java.util.stream.AbstractPipeline.wrapAndCopyInto(AbstractPipeline.java:472) ~[?:1.8.0_221]
	at java.util.stream.ForEachOps$ForEachOp.evaluateSequential(ForEachOps.java:151) ~[?:1.8.0_221]
	at java.util.stream.ForEachOps$ForEachOp$OfRef.evaluateSequential(ForEachOps.java:174) ~[?:1.8.0_221]
	at java.util.stream.AbstractPipeline.evaluate(AbstractPipeline.java:234) ~[?:1.8.0_221]
	at java.util.stream.ReferencePipeline.forEach(ReferencePipeline.java:418) ~[?:1.8.0_221]
	at org.junit.vintage.engine.VintageTestEngine.executeAllChildren(VintageTestEngine.java:80) ~[junit-vintage-engine-5.5.1.jar:5.5.1]
	at org.junit.vintage.engine.VintageTestEngine.execute(VintageTestEngine.java:71) ~[junit-vintage-engine-5.5.1.jar:5.5.1]
	at org.junit.platform.launcher.core.DefaultLauncher.execute(DefaultLauncher.java:220) ~[junit-platform-launcher-1.3.1.jar:1.3.1]
	at org.junit.platform.launcher.core.DefaultLauncher.lambda$execute$6(DefaultLauncher.java:188) ~[junit-platform-launcher-1.3.1.jar:1.3.1]
	at org.junit.platform.launcher.core.DefaultLauncher.withInterceptedStreams(DefaultLauncher.java:202) [junit-platform-launcher-1.3.1.jar:1.3.1]
	at org.junit.platform.launcher.core.DefaultLauncher.execute(DefaultLauncher.java:181) [junit-platform-launcher-1.3.1.jar:1.3.1]
	at org.junit.platform.launcher.core.DefaultLauncher.execute(DefaultLauncher.java:128) [junit-platform-launcher-1.3.1.jar:1.3.1]
	at org.gradle.api.internal.tasks.testing.junitplatform.JUnitPlatformTestClassProcessor$CollectAllTestClassesExecutor.processAllTestClasses(JUnitPlatformTestClassProcessor.java:99) [gradle-testing-junit-platform-6.0.1.jar:6.0.1]
	at org.gradle.api.internal.tasks.testing.junitplatform.JUnitPlatformTestClassProcessor$CollectAllTestClassesExecutor.access$000(JUnitPlatformTestClassProcessor.java:79) [gradle-testing-junit-platform-6.0.1.jar:6.0.1]
	at org.gradle.api.internal.tasks.testing.junitplatform.JUnitPlatformTestClassProcessor.stop(JUnitPlatformTestClassProcessor.java:75) [gradle-testing-junit-platform-6.0.1.jar:6.0.1]
	at org.gradle.api.internal.tasks.testing.SuiteTestClassProcessor.stop(SuiteTestClassProcessor.java:61) [gradle-testing-base-6.0.1.jar:6.0.1]
	at sun.reflect.NativeMethodAccessorImpl.invoke0(Native Method) ~[?:1.8.0_221]
	at sun.reflect.NativeMethodAccessorImpl.invoke(NativeMethodAccessorImpl.java:62) ~[?:1.8.0_221]
	at sun.reflect.DelegatingMethodAccessorImpl.invoke(DelegatingMethodAccessorImpl.java:43) ~[?:1.8.0_221]
	at java.lang.reflect.Method.invoke(Method.java:498) ~[?:1.8.0_221]
	at org.gradle.internal.dispatch.ReflectionDispatch.dispatch(ReflectionDispatch.java:36) [gradle-messaging-6.0.1.jar:6.0.1]
	at org.gradle.internal.dispatch.ReflectionDispatch.dispatch(ReflectionDispatch.java:24) [gradle-messaging-6.0.1.jar:6.0.1]
	at org.gradle.internal.dispatch.ContextClassLoaderDispatch.dispatch(ContextClassLoaderDispatch.java:33) [gradle-messaging-6.0.1.jar:6.0.1]
	at org.gradle.internal.dispatch.ProxyDispatchAdapter$DispatchingInvocationHandler.invoke(ProxyDispatchAdapter.java:94) [gradle-messaging-6.0.1.jar:6.0.1]
	at com.sun.proxy.$Proxy2.stop(Unknown Source) [?:?]
	at org.gradle.api.internal.tasks.testing.worker.TestWorker.stop(TestWorker.java:132) [gradle-testing-base-6.0.1.jar:6.0.1]
	at sun.reflect.NativeMethodAccessorImpl.invoke0(Native Method) ~[?:1.8.0_221]
	at sun.reflect.NativeMethodAccessorImpl.invoke(NativeMethodAccessorImpl.java:62) ~[?:1.8.0_221]
	at sun.reflect.DelegatingMethodAccessorImpl.invoke(DelegatingMethodAccessorImpl.java:43) ~[?:1.8.0_221]
	at java.lang.reflect.Method.invoke(Method.java:498) ~[?:1.8.0_221]
	at org.gradle.internal.dispatch.ReflectionDispatch.dispatch(ReflectionDispatch.java:36) [gradle-messaging-6.0.1.jar:6.0.1]
	at org.gradle.internal.dispatch.ReflectionDispatch.dispatch(ReflectionDispatch.java:24) [gradle-messaging-6.0.1.jar:6.0.1]
	at org.gradle.internal.remote.internal.hub.MessageHubBackedObjectConnection$DispatchWrapper.dispatch(MessageHubBackedObjectConnection.java:182) [gradle-messaging-6.0.1.jar:6.0.1]
	at org.gradle.internal.remote.internal.hub.MessageHubBackedObjectConnection$DispatchWrapper.dispatch(MessageHubBackedObjectConnection.java:164) [gradle-messaging-6.0.1.jar:6.0.1]
	at org.gradle.internal.remote.internal.hub.MessageHub$Handler.run(MessageHub.java:412) [gradle-messaging-6.0.1.jar:6.0.1]
	at org.gradle.internal.concurrent.ExecutorPolicy$CatchAndRecordFailures.onExecute(ExecutorPolicy.java:64) [gradle-base-services-6.0.1.jar:6.0.1]
	at org.gradle.internal.concurrent.ManagedExecutorImpl$1.run(ManagedExecutorImpl.java:48) [gradle-base-services-6.0.1.jar:6.0.1]
	at java.util.concurrent.ThreadPoolExecutor.runWorker(ThreadPoolExecutor.java:1149) [?:1.8.0_221]
	at java.util.concurrent.ThreadPoolExecutor$Worker.run(ThreadPoolExecutor.java:624) [?:1.8.0_221]
	at org.gradle.internal.concurrent.ThreadFactoryImpl$ManagedThreadRunnable.run(ThreadFactoryImpl.java:56) [gradle-base-services-6.0.1.jar:6.0.1]
	at java.lang.Thread.run(Thread.java:748) [?:1.8.0_221]
2020-04-13 01:21:54,859 ERROR o.a.j.s.SampleResult: sampleEnd called twice
java.lang.Throwable: Invalid call sequence
	at org.apache.jmeter.samplers.SampleResult.sampleEnd(SampleResult.java:1146) ~[ApacheJMeter_core-5.2.1-SNAPSHOT.jar:5.2.1-SNAPSHOT]
	at org.apache.jmeter.samplers.SampleResult$sampleEnd$0.call(Unknown Source) ~[?:?]
	at org.apache.jmeter.assertions.CompareAssertionSpec.simpleResult(CompareAssertionSpec.groovy:74) ~[test/:?]
	at sun.reflect.NativeMethodAccessorImpl.invoke0(Native Method) ~[?:1.8.0_221]
	at sun.reflect.NativeMethodAccessorImpl.invoke(NativeMethodAccessorImpl.java:62) ~[?:1.8.0_221]
	at sun.reflect.DelegatingMethodAccessorImpl.invoke(DelegatingMethodAccessorImpl.java:43) ~[?:1.8.0_221]
	at java.lang.reflect.Method.invoke(Method.java:498) ~[?:1.8.0_221]
	at org.codehaus.groovy.runtime.callsite.PogoMetaMethodSite$PogoCachedMethodSiteNoUnwrap.invoke(PogoMetaMethodSite.java:190) ~[groovy-all-2.4.16.jar:2.4.16]
	at org.codehaus.groovy.runtime.callsite.PogoMetaMethodSite.callCurrent(PogoMetaMethodSite.java:59) ~[groovy-all-2.4.16.jar:2.4.16]
	at org.codehaus.groovy.runtime.callsite.AbstractCallSite.callCurrent(AbstractCallSite.java:177) ~[groovy-all-2.4.16.jar:2.4.16]
	at org.apache.jmeter.assertions.CompareAssertionSpec.$spock_feature_0_1(CompareAssertionSpec.groovy:47) ~[test/:?]
	at sun.reflect.NativeMethodAccessorImpl.invoke0(Native Method) ~[?:1.8.0_221]
	at sun.reflect.NativeMethodAccessorImpl.invoke(NativeMethodAccessorImpl.java:62) ~[?:1.8.0_221]
	at sun.reflect.DelegatingMethodAccessorImpl.invoke(DelegatingMethodAccessorImpl.java:43) ~[?:1.8.0_221]
	at java.lang.reflect.Method.invoke(Method.java:498) ~[?:1.8.0_221]
	at org.spockframework.util.ReflectionUtil.invokeMethod(ReflectionUtil.java:200) ~[spock-core-1.2-groovy-2.4.jar:1.2]
	at org.spockframework.runtime.model.MethodInfo.invoke(MethodInfo.java:113) ~[spock-core-1.2-groovy-2.4.jar:1.2]
	at org.spockframework.runtime.BaseSpecRunner.invokeRaw(BaseSpecRunner.java:484) ~[spock-core-1.2-groovy-2.4.jar:1.2]
	at org.spockframework.runtime.BaseSpecRunner.invoke(BaseSpecRunner.java:467) ~[spock-core-1.2-groovy-2.4.jar:1.2]
	at org.spockframework.runtime.BaseSpecRunner.runFeatureMethod(BaseSpecRunner.java:408) ~[spock-core-1.2-groovy-2.4.jar:1.2]
	at org.spockframework.runtime.BaseSpecRunner.doRunIteration(BaseSpecRunner.java:322) ~[spock-core-1.2-groovy-2.4.jar:1.2]
	at org.spockframework.runtime.BaseSpecRunner$6.invoke(BaseSpecRunner.java:306) ~[spock-core-1.2-groovy-2.4.jar:1.2]
	at org.spockframework.runtime.BaseSpecRunner.invokeRaw(BaseSpecRunner.java:484) ~[spock-core-1.2-groovy-2.4.jar:1.2]
	at org.spockframework.runtime.BaseSpecRunner.invoke(BaseSpecRunner.java:467) ~[spock-core-1.2-groovy-2.4.jar:1.2]
	at org.spockframework.runtime.BaseSpecRunner.runIteration(BaseSpecRunner.java:285) ~[spock-core-1.2-groovy-2.4.jar:1.2]
	at org.spockframework.runtime.BaseSpecRunner.initializeAndRunIteration(BaseSpecRunner.java:275) ~[spock-core-1.2-groovy-2.4.jar:1.2]
	at org.spockframework.runtime.ParameterizedSpecRunner.runIterations(ParameterizedSpecRunner.java:139) ~[spock-core-1.2-groovy-2.4.jar:1.2]
	at org.spockframework.runtime.ParameterizedSpecRunner.runParameterizedFeature(ParameterizedSpecRunner.java:41) ~[spock-core-1.2-groovy-2.4.jar:1.2]
	at org.spockframework.runtime.BaseSpecRunner.doRunFeature(BaseSpecRunner.java:259) ~[spock-core-1.2-groovy-2.4.jar:1.2]
	at org.spockframework.runtime.BaseSpecRunner$5.invoke(BaseSpecRunner.java:243) ~[spock-core-1.2-groovy-2.4.jar:1.2]
	at org.spockframework.runtime.BaseSpecRunner.invokeRaw(BaseSpecRunner.java:484) ~[spock-core-1.2-groovy-2.4.jar:1.2]
	at org.spockframework.runtime.BaseSpecRunner.invoke(BaseSpecRunner.java:467) ~[spock-core-1.2-groovy-2.4.jar:1.2]
	at org.spockframework.runtime.BaseSpecRunner.runFeature(BaseSpecRunner.java:235) ~[spock-core-1.2-groovy-2.4.jar:1.2]
	at org.spockframework.runtime.BaseSpecRunner.runFeatures(BaseSpecRunner.java:185) ~[spock-core-1.2-groovy-2.4.jar:1.2]
	at org.spockframework.runtime.BaseSpecRunner.doRunSpec(BaseSpecRunner.java:95) ~[spock-core-1.2-groovy-2.4.jar:1.2]
	at org.spockframework.runtime.BaseSpecRunner$1.invoke(BaseSpecRunner.java:81) ~[spock-core-1.2-groovy-2.4.jar:1.2]
	at org.spockframework.runtime.BaseSpecRunner.invokeRaw(BaseSpecRunner.java:484) ~[spock-core-1.2-groovy-2.4.jar:1.2]
	at org.spockframework.runtime.BaseSpecRunner.invoke(BaseSpecRunner.java:467) ~[spock-core-1.2-groovy-2.4.jar:1.2]
	at org.spockframework.runtime.BaseSpecRunner.runSpec(BaseSpecRunner.java:73) ~[spock-core-1.2-groovy-2.4.jar:1.2]
	at org.spockframework.runtime.BaseSpecRunner.run(BaseSpecRunner.java:64) ~[spock-core-1.2-groovy-2.4.jar:1.2]
	at org.spockframework.runtime.Sputnik.run(Sputnik.java:63) ~[spock-core-1.2-groovy-2.4.jar:1.2]
	at org.junit.runner.JUnitCore.run(JUnitCore.java:137) ~[junit-4.12.jar:4.12]
	at org.junit.runner.JUnitCore.run(JUnitCore.java:115) ~[junit-4.12.jar:4.12]
	at org.junit.vintage.engine.execution.RunnerExecutor.execute(RunnerExecutor.java:40) ~[junit-vintage-engine-5.5.1.jar:5.5.1]
	at java.util.stream.ForEachOps$ForEachOp$OfRef.accept(ForEachOps.java:184) ~[?:1.8.0_221]
	at java.util.stream.ReferencePipeline$3$1.accept(ReferencePipeline.java:193) ~[?:1.8.0_221]
	at java.util.Iterator.forEachRemaining(Iterator.java:116) ~[?:1.8.0_221]
	at java.util.Spliterators$IteratorSpliterator.forEachRemaining(Spliterators.java:1801) ~[?:1.8.0_221]
	at java.util.stream.AbstractPipeline.copyInto(AbstractPipeline.java:482) ~[?:1.8.0_221]
	at java.util.stream.AbstractPipeline.wrapAndCopyInto(AbstractPipeline.java:472) ~[?:1.8.0_221]
	at java.util.stream.ForEachOps$ForEachOp.evaluateSequential(ForEachOps.java:151) ~[?:1.8.0_221]
	at java.util.stream.ForEachOps$ForEachOp$OfRef.evaluateSequential(ForEachOps.java:174) ~[?:1.8.0_221]
	at java.util.stream.AbstractPipeline.evaluate(AbstractPipeline.java:234) ~[?:1.8.0_221]
	at java.util.stream.ReferencePipeline.forEach(ReferencePipeline.java:418) ~[?:1.8.0_221]
	at org.junit.vintage.engine.VintageTestEngine.executeAllChildren(VintageTestEngine.java:80) ~[junit-vintage-engine-5.5.1.jar:5.5.1]
	at org.junit.vintage.engine.VintageTestEngine.execute(VintageTestEngine.java:71) ~[junit-vintage-engine-5.5.1.jar:5.5.1]
	at org.junit.platform.launcher.core.DefaultLauncher.execute(DefaultLauncher.java:220) ~[junit-platform-launcher-1.3.1.jar:1.3.1]
	at org.junit.platform.launcher.core.DefaultLauncher.lambda$execute$6(DefaultLauncher.java:188) ~[junit-platform-launcher-1.3.1.jar:1.3.1]
	at org.junit.platform.launcher.core.DefaultLauncher.withInterceptedStreams(DefaultLauncher.java:202) [junit-platform-launcher-1.3.1.jar:1.3.1]
	at org.junit.platform.launcher.core.DefaultLauncher.execute(DefaultLauncher.java:181) [junit-platform-launcher-1.3.1.jar:1.3.1]
	at org.junit.platform.launcher.core.DefaultLauncher.execute(DefaultLauncher.java:128) [junit-platform-launcher-1.3.1.jar:1.3.1]
	at org.gradle.api.internal.tasks.testing.junitplatform.JUnitPlatformTestClassProcessor$CollectAllTestClassesExecutor.processAllTestClasses(JUnitPlatformTestClassProcessor.java:99) [gradle-testing-junit-platform-6.0.1.jar:6.0.1]
	at org.gradle.api.internal.tasks.testing.junitplatform.JUnitPlatformTestClassProcessor$CollectAllTestClassesExecutor.access$000(JUnitPlatformTestClassProcessor.java:79) [gradle-testing-junit-platform-6.0.1.jar:6.0.1]
	at org.gradle.api.internal.tasks.testing.junitplatform.JUnitPlatformTestClassProcessor.stop(JUnitPlatformTestClassProcessor.java:75) [gradle-testing-junit-platform-6.0.1.jar:6.0.1]
	at org.gradle.api.internal.tasks.testing.SuiteTestClassProcessor.stop(SuiteTestClassProcessor.java:61) [gradle-testing-base-6.0.1.jar:6.0.1]
	at sun.reflect.NativeMethodAccessorImpl.invoke0(Native Method) ~[?:1.8.0_221]
	at sun.reflect.NativeMethodAccessorImpl.invoke(NativeMethodAccessorImpl.java:62) ~[?:1.8.0_221]
	at sun.reflect.DelegatingMethodAccessorImpl.invoke(DelegatingMethodAccessorImpl.java:43) ~[?:1.8.0_221]
	at java.lang.reflect.Method.invoke(Method.java:498) ~[?:1.8.0_221]
	at org.gradle.internal.dispatch.ReflectionDispatch.dispatch(ReflectionDispatch.java:36) [gradle-messaging-6.0.1.jar:6.0.1]
	at org.gradle.internal.dispatch.ReflectionDispatch.dispatch(ReflectionDispatch.java:24) [gradle-messaging-6.0.1.jar:6.0.1]
	at org.gradle.internal.dispatch.ContextClassLoaderDispatch.dispatch(ContextClassLoaderDispatch.java:33) [gradle-messaging-6.0.1.jar:6.0.1]
	at org.gradle.internal.dispatch.ProxyDispatchAdapter$DispatchingInvocationHandler.invoke(ProxyDispatchAdapter.java:94) [gradle-messaging-6.0.1.jar:6.0.1]
	at com.sun.proxy.$Proxy2.stop(Unknown Source) [?:?]
	at org.gradle.api.internal.tasks.testing.worker.TestWorker.stop(TestWorker.java:132) [gradle-testing-base-6.0.1.jar:6.0.1]
	at sun.reflect.NativeMethodAccessorImpl.invoke0(Native Method) ~[?:1.8.0_221]
	at sun.reflect.NativeMethodAccessorImpl.invoke(NativeMethodAccessorImpl.java:62) ~[?:1.8.0_221]
	at sun.reflect.DelegatingMethodAccessorImpl.invoke(DelegatingMethodAccessorImpl.java:43) ~[?:1.8.0_221]
	at java.lang.reflect.Method.invoke(Method.java:498) ~[?:1.8.0_221]
	at org.gradle.internal.dispatch.ReflectionDispatch.dispatch(ReflectionDispatch.java:36) [gradle-messaging-6.0.1.jar:6.0.1]
	at org.gradle.internal.dispatch.ReflectionDispatch.dispatch(ReflectionDispatch.java:24) [gradle-messaging-6.0.1.jar:6.0.1]
	at org.gradle.internal.remote.internal.hub.MessageHubBackedObjectConnection$DispatchWrapper.dispatch(MessageHubBackedObjectConnection.java:182) [gradle-messaging-6.0.1.jar:6.0.1]
	at org.gradle.internal.remote.internal.hub.MessageHubBackedObjectConnection$DispatchWrapper.dispatch(MessageHubBackedObjectConnection.java:164) [gradle-messaging-6.0.1.jar:6.0.1]
	at org.gradle.internal.remote.internal.hub.MessageHub$Handler.run(MessageHub.java:412) [gradle-messaging-6.0.1.jar:6.0.1]
	at org.gradle.internal.concurrent.ExecutorPolicy$CatchAndRecordFailures.onExecute(ExecutorPolicy.java:64) [gradle-base-services-6.0.1.jar:6.0.1]
	at org.gradle.internal.concurrent.ManagedExecutorImpl$1.run(ManagedExecutorImpl.java:48) [gradle-base-services-6.0.1.jar:6.0.1]
	at java.util.concurrent.ThreadPoolExecutor.runWorker(ThreadPoolExecutor.java:1149) [?:1.8.0_221]
	at java.util.concurrent.ThreadPoolExecutor$Worker.run(ThreadPoolExecutor.java:624) [?:1.8.0_221]
	at org.gradle.internal.concurrent.ThreadFactoryImpl$ManagedThreadRunnable.run(ThreadFactoryImpl.java:56) [gradle-base-services-6.0.1.jar:6.0.1]
	at java.lang.Thread.run(Thread.java:748) [?:1.8.0_221]
2020-04-13 01:21:54,863 ERROR o.a.j.s.SampleResult: sampleEnd called twice
java.lang.Throwable: Invalid call sequence
	at org.apache.jmeter.samplers.SampleResult.sampleEnd(SampleResult.java:1146) ~[ApacheJMeter_core-5.2.1-SNAPSHOT.jar:5.2.1-SNAPSHOT]
	at org.apache.jmeter.samplers.SampleResult$sampleEnd$0.call(Unknown Source) ~[?:?]
	at org.apache.jmeter.assertions.CompareAssertionSpec.simpleResult(CompareAssertionSpec.groovy:74) ~[test/:?]
	at sun.reflect.NativeMethodAccessorImpl.invoke0(Native Method) ~[?:1.8.0_221]
	at sun.reflect.NativeMethodAccessorImpl.invoke(NativeMethodAccessorImpl.java:62) ~[?:1.8.0_221]
	at sun.reflect.DelegatingMethodAccessorImpl.invoke(DelegatingMethodAccessorImpl.java:43) ~[?:1.8.0_221]
	at java.lang.reflect.Method.invoke(Method.java:498) ~[?:1.8.0_221]
	at org.codehaus.groovy.runtime.callsite.PogoMetaMethodSite$PogoCachedMethodSiteNoUnwrap.invoke(PogoMetaMethodSite.java:190) ~[groovy-all-2.4.16.jar:2.4.16]
	at org.codehaus.groovy.runtime.callsite.PogoMetaMethodSite.callCurrent(PogoMetaMethodSite.java:59) ~[groovy-all-2.4.16.jar:2.4.16]
	at org.codehaus.groovy.runtime.callsite.AbstractCallSite.callCurrent(AbstractCallSite.java:177) ~[groovy-all-2.4.16.jar:2.4.16]
	at org.apache.jmeter.assertions.CompareAssertionSpec.$spock_feature_0_1(CompareAssertionSpec.groovy:58) ~[test/:?]
	at sun.reflect.NativeMethodAccessorImpl.invoke0(Native Method) ~[?:1.8.0_221]
	at sun.reflect.NativeMethodAccessorImpl.invoke(NativeMethodAccessorImpl.java:62) ~[?:1.8.0_221]
	at sun.reflect.DelegatingMethodAccessorImpl.invoke(DelegatingMethodAccessorImpl.java:43) ~[?:1.8.0_221]
	at java.lang.reflect.Method.invoke(Method.java:498) ~[?:1.8.0_221]
	at org.spockframework.util.ReflectionUtil.invokeMethod(ReflectionUtil.java:200) ~[spock-core-1.2-groovy-2.4.jar:1.2]
	at org.spockframework.runtime.model.MethodInfo.invoke(MethodInfo.java:113) ~[spock-core-1.2-groovy-2.4.jar:1.2]
	at org.spockframework.runtime.BaseSpecRunner.invokeRaw(BaseSpecRunner.java:484) ~[spock-core-1.2-groovy-2.4.jar:1.2]
	at org.spockframework.runtime.BaseSpecRunner.invoke(BaseSpecRunner.java:467) ~[spock-core-1.2-groovy-2.4.jar:1.2]
	at org.spockframework.runtime.BaseSpecRunner.runFeatureMethod(BaseSpecRunner.java:408) ~[spock-core-1.2-groovy-2.4.jar:1.2]
	at org.spockframework.runtime.BaseSpecRunner.doRunIteration(BaseSpecRunner.java:322) ~[spock-core-1.2-groovy-2.4.jar:1.2]
	at org.spockframework.runtime.BaseSpecRunner$6.invoke(BaseSpecRunner.java:306) ~[spock-core-1.2-groovy-2.4.jar:1.2]
	at org.spockframework.runtime.BaseSpecRunner.invokeRaw(BaseSpecRunner.java:484) ~[spock-core-1.2-groovy-2.4.jar:1.2]
	at org.spockframework.runtime.BaseSpecRunner.invoke(BaseSpecRunner.java:467) ~[spock-core-1.2-groovy-2.4.jar:1.2]
	at org.spockframework.runtime.BaseSpecRunner.runIteration(BaseSpecRunner.java:285) ~[spock-core-1.2-groovy-2.4.jar:1.2]
	at org.spockframework.runtime.BaseSpecRunner.initializeAndRunIteration(BaseSpecRunner.java:275) ~[spock-core-1.2-groovy-2.4.jar:1.2]
	at org.spockframework.runtime.ParameterizedSpecRunner.runIterations(ParameterizedSpecRunner.java:139) ~[spock-core-1.2-groovy-2.4.jar:1.2]
	at org.spockframework.runtime.ParameterizedSpecRunner.runParameterizedFeature(ParameterizedSpecRunner.java:41) ~[spock-core-1.2-groovy-2.4.jar:1.2]
	at org.spockframework.runtime.BaseSpecRunner.doRunFeature(BaseSpecRunner.java:259) ~[spock-core-1.2-groovy-2.4.jar:1.2]
	at org.spockframework.runtime.BaseSpecRunner$5.invoke(BaseSpecRunner.java:243) ~[spock-core-1.2-groovy-2.4.jar:1.2]
	at org.spockframework.runtime.BaseSpecRunner.invokeRaw(BaseSpecRunner.java:484) ~[spock-core-1.2-groovy-2.4.jar:1.2]
	at org.spockframework.runtime.BaseSpecRunner.invoke(BaseSpecRunner.java:467) ~[spock-core-1.2-groovy-2.4.jar:1.2]
	at org.spockframework.runtime.BaseSpecRunner.runFeature(BaseSpecRunner.java:235) ~[spock-core-1.2-groovy-2.4.jar:1.2]
	at org.spockframework.runtime.BaseSpecRunner.runFeatures(BaseSpecRunner.java:185) ~[spock-core-1.2-groovy-2.4.jar:1.2]
	at org.spockframework.runtime.BaseSpecRunner.doRunSpec(BaseSpecRunner.java:95) ~[spock-core-1.2-groovy-2.4.jar:1.2]
	at org.spockframework.runtime.BaseSpecRunner$1.invoke(BaseSpecRunner.java:81) ~[spock-core-1.2-groovy-2.4.jar:1.2]
	at org.spockframework.runtime.BaseSpecRunner.invokeRaw(BaseSpecRunner.java:484) ~[spock-core-1.2-groovy-2.4.jar:1.2]
	at org.spockframework.runtime.BaseSpecRunner.invoke(BaseSpecRunner.java:467) ~[spock-core-1.2-groovy-2.4.jar:1.2]
	at org.spockframework.runtime.BaseSpecRunner.runSpec(BaseSpecRunner.java:73) ~[spock-core-1.2-groovy-2.4.jar:1.2]
	at org.spockframework.runtime.BaseSpecRunner.run(BaseSpecRunner.java:64) ~[spock-core-1.2-groovy-2.4.jar:1.2]
	at org.spockframework.runtime.Sputnik.run(Sputnik.java:63) ~[spock-core-1.2-groovy-2.4.jar:1.2]
	at org.junit.runner.JUnitCore.run(JUnitCore.java:137) ~[junit-4.12.jar:4.12]
	at org.junit.runner.JUnitCore.run(JUnitCore.java:115) ~[junit-4.12.jar:4.12]
	at org.junit.vintage.engine.execution.RunnerExecutor.execute(RunnerExecutor.java:40) ~[junit-vintage-engine-5.5.1.jar:5.5.1]
	at java.util.stream.ForEachOps$ForEachOp$OfRef.accept(ForEachOps.java:184) ~[?:1.8.0_221]
	at java.util.stream.ReferencePipeline$3$1.accept(ReferencePipeline.java:193) ~[?:1.8.0_221]
	at java.util.Iterator.forEachRemaining(Iterator.java:116) ~[?:1.8.0_221]
	at java.util.Spliterators$IteratorSpliterator.forEachRemaining(Spliterators.java:1801) ~[?:1.8.0_221]
	at java.util.stream.AbstractPipeline.copyInto(AbstractPipeline.java:482) ~[?:1.8.0_221]
	at java.util.stream.AbstractPipeline.wrapAndCopyInto(AbstractPipeline.java:472) ~[?:1.8.0_221]
	at java.util.stream.ForEachOps$ForEachOp.evaluateSequential(ForEachOps.java:151) ~[?:1.8.0_221]
	at java.util.stream.ForEachOps$ForEachOp$OfRef.evaluateSequential(ForEachOps.java:174) ~[?:1.8.0_221]
	at java.util.stream.AbstractPipeline.evaluate(AbstractPipeline.java:234) ~[?:1.8.0_221]
	at java.util.stream.ReferencePipeline.forEach(ReferencePipeline.java:418) ~[?:1.8.0_221]
	at org.junit.vintage.engine.VintageTestEngine.executeAllChildren(VintageTestEngine.java:80) ~[junit-vintage-engine-5.5.1.jar:5.5.1]
	at org.junit.vintage.engine.VintageTestEngine.execute(VintageTestEngine.java:71) ~[junit-vintage-engine-5.5.1.jar:5.5.1]
	at org.junit.platform.launcher.core.DefaultLauncher.execute(DefaultLauncher.java:220) ~[junit-platform-launcher-1.3.1.jar:1.3.1]
	at org.junit.platform.launcher.core.DefaultLauncher.lambda$execute$6(DefaultLauncher.java:188) ~[junit-platform-launcher-1.3.1.jar:1.3.1]
	at org.junit.platform.launcher.core.DefaultLauncher.withInterceptedStreams(DefaultLauncher.java:202) [junit-platform-launcher-1.3.1.jar:1.3.1]
	at org.junit.platform.launcher.core.DefaultLauncher.execute(DefaultLauncher.java:181) [junit-platform-launcher-1.3.1.jar:1.3.1]
	at org.junit.platform.launcher.core.DefaultLauncher.execute(DefaultLauncher.java:128) [junit-platform-launcher-1.3.1.jar:1.3.1]
	at org.gradle.api.internal.tasks.testing.junitplatform.JUnitPlatformTestClassProcessor$CollectAllTestClassesExecutor.processAllTestClasses(JUnitPlatformTestClassProcessor.java:99) [gradle-testing-junit-platform-6.0.1.jar:6.0.1]
	at org.gradle.api.internal.tasks.testing.junitplatform.JUnitPlatformTestClassProcessor$CollectAllTestClassesExecutor.access$000(JUnitPlatformTestClassProcessor.java:79) [gradle-testing-junit-platform-6.0.1.jar:6.0.1]
	at org.gradle.api.internal.tasks.testing.junitplatform.JUnitPlatformTestClassProcessor.stop(JUnitPlatformTestClassProcessor.java:75) [gradle-testing-junit-platform-6.0.1.jar:6.0.1]
	at org.gradle.api.internal.tasks.testing.SuiteTestClassProcessor.stop(SuiteTestClassProcessor.java:61) [gradle-testing-base-6.0.1.jar:6.0.1]
	at sun.reflect.NativeMethodAccessorImpl.invoke0(Native Method) ~[?:1.8.0_221]
	at sun.reflect.NativeMethodAccessorImpl.invoke(NativeMethodAccessorImpl.java:62) ~[?:1.8.0_221]
	at sun.reflect.DelegatingMethodAccessorImpl.invoke(DelegatingMethodAccessorImpl.java:43) ~[?:1.8.0_221]
	at java.lang.reflect.Method.invoke(Method.java:498) ~[?:1.8.0_221]
	at org.gradle.internal.dispatch.ReflectionDispatch.dispatch(ReflectionDispatch.java:36) [gradle-messaging-6.0.1.jar:6.0.1]
	at org.gradle.internal.dispatch.ReflectionDispatch.dispatch(ReflectionDispatch.java:24) [gradle-messaging-6.0.1.jar:6.0.1]
	at org.gradle.internal.dispatch.ContextClassLoaderDispatch.dispatch(ContextClassLoaderDispatch.java:33) [gradle-messaging-6.0.1.jar:6.0.1]
	at org.gradle.internal.dispatch.ProxyDispatchAdapter$DispatchingInvocationHandler.invoke(ProxyDispatchAdapter.java:94) [gradle-messaging-6.0.1.jar:6.0.1]
	at com.sun.proxy.$Proxy2.stop(Unknown Source) [?:?]
	at org.gradle.api.internal.tasks.testing.worker.TestWorker.stop(TestWorker.java:132) [gradle-testing-base-6.0.1.jar:6.0.1]
	at sun.reflect.NativeMethodAccessorImpl.invoke0(Native Method) ~[?:1.8.0_221]
	at sun.reflect.NativeMethodAccessorImpl.invoke(NativeMethodAccessorImpl.java:62) ~[?:1.8.0_221]
	at sun.reflect.DelegatingMethodAccessorImpl.invoke(DelegatingMethodAccessorImpl.java:43) ~[?:1.8.0_221]
	at java.lang.reflect.Method.invoke(Method.java:498) ~[?:1.8.0_221]
	at org.gradle.internal.dispatch.ReflectionDispatch.dispatch(ReflectionDispatch.java:36) [gradle-messaging-6.0.1.jar:6.0.1]
	at org.gradle.internal.dispatch.ReflectionDispatch.dispatch(ReflectionDispatch.java:24) [gradle-messaging-6.0.1.jar:6.0.1]
	at org.gradle.internal.remote.internal.hub.MessageHubBackedObjectConnection$DispatchWrapper.dispatch(MessageHubBackedObjectConnection.java:182) [gradle-messaging-6.0.1.jar:6.0.1]
	at org.gradle.internal.remote.internal.hub.MessageHubBackedObjectConnection$DispatchWrapper.dispatch(MessageHubBackedObjectConnection.java:164) [gradle-messaging-6.0.1.jar:6.0.1]
	at org.gradle.internal.remote.internal.hub.MessageHub$Handler.run(MessageHub.java:412) [gradle-messaging-6.0.1.jar:6.0.1]
	at org.gradle.internal.concurrent.ExecutorPolicy$CatchAndRecordFailures.onExecute(ExecutorPolicy.java:64) [gradle-base-services-6.0.1.jar:6.0.1]
	at org.gradle.internal.concurrent.ManagedExecutorImpl$1.run(ManagedExecutorImpl.java:48) [gradle-base-services-6.0.1.jar:6.0.1]
	at java.util.concurrent.ThreadPoolExecutor.runWorker(ThreadPoolExecutor.java:1149) [?:1.8.0_221]
	at java.util.concurrent.ThreadPoolExecutor$Worker.run(ThreadPoolExecutor.java:624) [?:1.8.0_221]
	at org.gradle.internal.concurrent.ThreadFactoryImpl$ManagedThreadRunnable.run(ThreadFactoryImpl.java:56) [gradle-base-services-6.0.1.jar:6.0.1]
	at java.lang.Thread.run(Thread.java:748) [?:1.8.0_221]
2020-04-13 01:21:54,874 ERROR o.a.j.s.SampleResult: sampleEnd called twice
java.lang.Throwable: Invalid call sequence
	at org.apache.jmeter.samplers.SampleResult.sampleEnd(SampleResult.java:1146) ~[ApacheJMeter_core-5.2.1-SNAPSHOT.jar:5.2.1-SNAPSHOT]
	at org.apache.jmeter.samplers.SampleResult$sampleEnd$0.call(Unknown Source) ~[?:?]
	at org.apache.jmeter.assertions.CompareAssertionSpec.simpleResult(CompareAssertionSpec.groovy:74) ~[test/:?]
	at sun.reflect.NativeMethodAccessorImpl.invoke0(Native Method) ~[?:1.8.0_221]
	at sun.reflect.NativeMethodAccessorImpl.invoke(NativeMethodAccessorImpl.java:62) ~[?:1.8.0_221]
	at sun.reflect.DelegatingMethodAccessorImpl.invoke(DelegatingMethodAccessorImpl.java:43) ~[?:1.8.0_221]
	at java.lang.reflect.Method.invoke(Method.java:498) ~[?:1.8.0_221]
	at org.codehaus.groovy.runtime.callsite.PogoMetaMethodSite$PogoCachedMethodSiteNoUnwrap.invoke(PogoMetaMethodSite.java:190) ~[groovy-all-2.4.16.jar:2.4.16]
	at org.codehaus.groovy.runtime.callsite.PogoMetaMethodSite.callCurrent(PogoMetaMethodSite.java:59) ~[groovy-all-2.4.16.jar:2.4.16]
	at org.codehaus.groovy.runtime.callsite.AbstractCallSite.callCurrent(AbstractCallSite.java:177) ~[groovy-all-2.4.16.jar:2.4.16]
	at org.apache.jmeter.assertions.CompareAssertionSpec.$spock_feature_0_1(CompareAssertionSpec.groovy:47) ~[test/:?]
	at sun.reflect.NativeMethodAccessorImpl.invoke0(Native Method) ~[?:1.8.0_221]
	at sun.reflect.NativeMethodAccessorImpl.invoke(NativeMethodAccessorImpl.java:62) ~[?:1.8.0_221]
	at sun.reflect.DelegatingMethodAccessorImpl.invoke(DelegatingMethodAccessorImpl.java:43) ~[?:1.8.0_221]
	at java.lang.reflect.Method.invoke(Method.java:498) ~[?:1.8.0_221]
	at org.spockframework.util.ReflectionUtil.invokeMethod(ReflectionUtil.java:200) ~[spock-core-1.2-groovy-2.4.jar:1.2]
	at org.spockframework.runtime.model.MethodInfo.invoke(MethodInfo.java:113) ~[spock-core-1.2-groovy-2.4.jar:1.2]
	at org.spockframework.runtime.BaseSpecRunner.invokeRaw(BaseSpecRunner.java:484) ~[spock-core-1.2-groovy-2.4.jar:1.2]
	at org.spockframework.runtime.BaseSpecRunner.invoke(BaseSpecRunner.java:467) ~[spock-core-1.2-groovy-2.4.jar:1.2]
	at org.spockframework.runtime.BaseSpecRunner.runFeatureMethod(BaseSpecRunner.java:408) ~[spock-core-1.2-groovy-2.4.jar:1.2]
	at org.spockframework.runtime.BaseSpecRunner.doRunIteration(BaseSpecRunner.java:322) ~[spock-core-1.2-groovy-2.4.jar:1.2]
	at org.spockframework.runtime.BaseSpecRunner$6.invoke(BaseSpecRunner.java:306) ~[spock-core-1.2-groovy-2.4.jar:1.2]
	at org.spockframework.runtime.BaseSpecRunner.invokeRaw(BaseSpecRunner.java:484) ~[spock-core-1.2-groovy-2.4.jar:1.2]
	at org.spockframework.runtime.BaseSpecRunner.invoke(BaseSpecRunner.java:467) ~[spock-core-1.2-groovy-2.4.jar:1.2]
	at org.spockframework.runtime.BaseSpecRunner.runIteration(BaseSpecRunner.java:285) ~[spock-core-1.2-groovy-2.4.jar:1.2]
	at org.spockframework.runtime.BaseSpecRunner.initializeAndRunIteration(BaseSpecRunner.java:275) ~[spock-core-1.2-groovy-2.4.jar:1.2]
	at org.spockframework.runtime.ParameterizedSpecRunner.runIterations(ParameterizedSpecRunner.java:139) ~[spock-core-1.2-groovy-2.4.jar:1.2]
	at org.spockframework.runtime.ParameterizedSpecRunner.runParameterizedFeature(ParameterizedSpecRunner.java:41) ~[spock-core-1.2-groovy-2.4.jar:1.2]
	at org.spockframework.runtime.BaseSpecRunner.doRunFeature(BaseSpecRunner.java:259) ~[spock-core-1.2-groovy-2.4.jar:1.2]
	at org.spockframework.runtime.BaseSpecRunner$5.invoke(BaseSpecRunner.java:243) ~[spock-core-1.2-groovy-2.4.jar:1.2]
	at org.spockframework.runtime.BaseSpecRunner.invokeRaw(BaseSpecRunner.java:484) ~[spock-core-1.2-groovy-2.4.jar:1.2]
	at org.spockframework.runtime.BaseSpecRunner.invoke(BaseSpecRunner.java:467) ~[spock-core-1.2-groovy-2.4.jar:1.2]
	at org.spockframework.runtime.BaseSpecRunner.runFeature(BaseSpecRunner.java:235) ~[spock-core-1.2-groovy-2.4.jar:1.2]
	at org.spockframework.runtime.BaseSpecRunner.runFeatures(BaseSpecRunner.java:185) ~[spock-core-1.2-groovy-2.4.jar:1.2]
	at org.spockframework.runtime.BaseSpecRunner.doRunSpec(BaseSpecRunner.java:95) ~[spock-core-1.2-groovy-2.4.jar:1.2]
	at org.spockframework.runtime.BaseSpecRunner$1.invoke(BaseSpecRunner.java:81) ~[spock-core-1.2-groovy-2.4.jar:1.2]
	at org.spockframework.runtime.BaseSpecRunner.invokeRaw(BaseSpecRunner.java:484) ~[spock-core-1.2-groovy-2.4.jar:1.2]
	at org.spockframework.runtime.BaseSpecRunner.invoke(BaseSpecRunner.java:467) ~[spock-core-1.2-groovy-2.4.jar:1.2]
	at org.spockframework.runtime.BaseSpecRunner.runSpec(BaseSpecRunner.java:73) ~[spock-core-1.2-groovy-2.4.jar:1.2]
	at org.spockframework.runtime.BaseSpecRunner.run(BaseSpecRunner.java:64) ~[spock-core-1.2-groovy-2.4.jar:1.2]
	at org.spockframework.runtime.Sputnik.run(Sputnik.java:63) ~[spock-core-1.2-groovy-2.4.jar:1.2]
	at org.junit.runner.JUnitCore.run(JUnitCore.java:137) ~[junit-4.12.jar:4.12]
	at org.junit.runner.JUnitCore.run(JUnitCore.java:115) ~[junit-4.12.jar:4.12]
	at org.junit.vintage.engine.execution.RunnerExecutor.execute(RunnerExecutor.java:40) ~[junit-vintage-engine-5.5.1.jar:5.5.1]
	at java.util.stream.ForEachOps$ForEachOp$OfRef.accept(ForEachOps.java:184) ~[?:1.8.0_221]
	at java.util.stream.ReferencePipeline$3$1.accept(ReferencePipeline.java:193) ~[?:1.8.0_221]
	at java.util.Iterator.forEachRemaining(Iterator.java:116) ~[?:1.8.0_221]
	at java.util.Spliterators$IteratorSpliterator.forEachRemaining(Spliterators.java:1801) ~[?:1.8.0_221]
	at java.util.stream.AbstractPipeline.copyInto(AbstractPipeline.java:482) ~[?:1.8.0_221]
	at java.util.stream.AbstractPipeline.wrapAndCopyInto(AbstractPipeline.java:472) ~[?:1.8.0_221]
	at java.util.stream.ForEachOps$ForEachOp.evaluateSequential(ForEachOps.java:151) ~[?:1.8.0_221]
	at java.util.stream.ForEachOps$ForEachOp$OfRef.evaluateSequential(ForEachOps.java:174) ~[?:1.8.0_221]
	at java.util.stream.AbstractPipeline.evaluate(AbstractPipeline.java:234) ~[?:1.8.0_221]
	at java.util.stream.ReferencePipeline.forEach(ReferencePipeline.java:418) ~[?:1.8.0_221]
	at org.junit.vintage.engine.VintageTestEngine.executeAllChildren(VintageTestEngine.java:80) ~[junit-vintage-engine-5.5.1.jar:5.5.1]
	at org.junit.vintage.engine.VintageTestEngine.execute(VintageTestEngine.java:71) ~[junit-vintage-engine-5.5.1.jar:5.5.1]
	at org.junit.platform.launcher.core.DefaultLauncher.execute(DefaultLauncher.java:220) ~[junit-platform-launcher-1.3.1.jar:1.3.1]
	at org.junit.platform.launcher.core.DefaultLauncher.lambda$execute$6(DefaultLauncher.java:188) ~[junit-platform-launcher-1.3.1.jar:1.3.1]
	at org.junit.platform.launcher.core.DefaultLauncher.withInterceptedStreams(DefaultLauncher.java:202) [junit-platform-launcher-1.3.1.jar:1.3.1]
	at org.junit.platform.launcher.core.DefaultLauncher.execute(DefaultLauncher.java:181) [junit-platform-launcher-1.3.1.jar:1.3.1]
	at org.junit.platform.launcher.core.DefaultLauncher.execute(DefaultLauncher.java:128) [junit-platform-launcher-1.3.1.jar:1.3.1]
	at org.gradle.api.internal.tasks.testing.junitplatform.JUnitPlatformTestClassProcessor$CollectAllTestClassesExecutor.processAllTestClasses(JUnitPlatformTestClassProcessor.java:99) [gradle-testing-junit-platform-6.0.1.jar:6.0.1]
	at org.gradle.api.internal.tasks.testing.junitplatform.JUnitPlatformTestClassProcessor$CollectAllTestClassesExecutor.access$000(JUnitPlatformTestClassProcessor.java:79) [gradle-testing-junit-platform-6.0.1.jar:6.0.1]
	at org.gradle.api.internal.tasks.testing.junitplatform.JUnitPlatformTestClassProcessor.stop(JUnitPlatformTestClassProcessor.java:75) [gradle-testing-junit-platform-6.0.1.jar:6.0.1]
	at org.gradle.api.internal.tasks.testing.SuiteTestClassProcessor.stop(SuiteTestClassProcessor.java:61) [gradle-testing-base-6.0.1.jar:6.0.1]
	at sun.reflect.NativeMethodAccessorImpl.invoke0(Native Method) ~[?:1.8.0_221]
	at sun.reflect.NativeMethodAccessorImpl.invoke(NativeMethodAccessorImpl.java:62) ~[?:1.8.0_221]
	at sun.reflect.DelegatingMethodAccessorImpl.invoke(DelegatingMethodAccessorImpl.java:43) ~[?:1.8.0_221]
	at java.lang.reflect.Method.invoke(Method.java:498) ~[?:1.8.0_221]
	at org.gradle.internal.dispatch.ReflectionDispatch.dispatch(ReflectionDispatch.java:36) [gradle-messaging-6.0.1.jar:6.0.1]
	at org.gradle.internal.dispatch.ReflectionDispatch.dispatch(ReflectionDispatch.java:24) [gradle-messaging-6.0.1.jar:6.0.1]
	at org.gradle.internal.dispatch.ContextClassLoaderDispatch.dispatch(ContextClassLoaderDispatch.java:33) [gradle-messaging-6.0.1.jar:6.0.1]
	at org.gradle.internal.dispatch.ProxyDispatchAdapter$DispatchingInvocationHandler.invoke(ProxyDispatchAdapter.java:94) [gradle-messaging-6.0.1.jar:6.0.1]
	at com.sun.proxy.$Proxy2.stop(Unknown Source) [?:?]
	at org.gradle.api.internal.tasks.testing.worker.TestWorker.stop(TestWorker.java:132) [gradle-testing-base-6.0.1.jar:6.0.1]
	at sun.reflect.NativeMethodAccessorImpl.invoke0(Native Method) ~[?:1.8.0_221]
	at sun.reflect.NativeMethodAccessorImpl.invoke(NativeMethodAccessorImpl.java:62) ~[?:1.8.0_221]
	at sun.reflect.DelegatingMethodAccessorImpl.invoke(DelegatingMethodAccessorImpl.java:43) ~[?:1.8.0_221]
	at java.lang.reflect.Method.invoke(Method.java:498) ~[?:1.8.0_221]
	at org.gradle.internal.dispatch.ReflectionDispatch.dispatch(ReflectionDispatch.java:36) [gradle-messaging-6.0.1.jar:6.0.1]
	at org.gradle.internal.dispatch.ReflectionDispatch.dispatch(ReflectionDispatch.java:24) [gradle-messaging-6.0.1.jar:6.0.1]
	at org.gradle.internal.remote.internal.hub.MessageHubBackedObjectConnection$DispatchWrapper.dispatch(MessageHubBackedObjectConnection.java:182) [gradle-messaging-6.0.1.jar:6.0.1]
	at org.gradle.internal.remote.internal.hub.MessageHubBackedObjectConnection$DispatchWrapper.dispatch(MessageHubBackedObjectConnection.java:164) [gradle-messaging-6.0.1.jar:6.0.1]
	at org.gradle.internal.remote.internal.hub.MessageHub$Handler.run(MessageHub.java:412) [gradle-messaging-6.0.1.jar:6.0.1]
	at org.gradle.internal.concurrent.ExecutorPolicy$CatchAndRecordFailures.onExecute(ExecutorPolicy.java:64) [gradle-base-services-6.0.1.jar:6.0.1]
	at org.gradle.internal.concurrent.ManagedExecutorImpl$1.run(ManagedExecutorImpl.java:48) [gradle-base-services-6.0.1.jar:6.0.1]
	at java.util.concurrent.ThreadPoolExecutor.runWorker(ThreadPoolExecutor.java:1149) [?:1.8.0_221]
	at java.util.concurrent.ThreadPoolExecutor$Worker.run(ThreadPoolExecutor.java:624) [?:1.8.0_221]
	at org.gradle.internal.concurrent.ThreadFactoryImpl$ManagedThreadRunnable.run(ThreadFactoryImpl.java:56) [gradle-base-services-6.0.1.jar:6.0.1]
	at java.lang.Thread.run(Thread.java:748) [?:1.8.0_221]
2020-04-13 01:21:54,878 ERROR o.a.j.s.SampleResult: sampleEnd called twice
java.lang.Throwable: Invalid call sequence
	at org.apache.jmeter.samplers.SampleResult.sampleEnd(SampleResult.java:1146) ~[ApacheJMeter_core-5.2.1-SNAPSHOT.jar:5.2.1-SNAPSHOT]
	at org.apache.jmeter.samplers.SampleResult$sampleEnd$0.call(Unknown Source) ~[?:?]
	at org.apache.jmeter.assertions.CompareAssertionSpec.simpleResult(CompareAssertionSpec.groovy:74) ~[test/:?]
	at sun.reflect.NativeMethodAccessorImpl.invoke0(Native Method) ~[?:1.8.0_221]
	at sun.reflect.NativeMethodAccessorImpl.invoke(NativeMethodAccessorImpl.java:62) ~[?:1.8.0_221]
	at sun.reflect.DelegatingMethodAccessorImpl.invoke(DelegatingMethodAccessorImpl.java:43) ~[?:1.8.0_221]
	at java.lang.reflect.Method.invoke(Method.java:498) ~[?:1.8.0_221]
	at org.codehaus.groovy.runtime.callsite.PogoMetaMethodSite$PogoCachedMethodSiteNoUnwrap.invoke(PogoMetaMethodSite.java:190) ~[groovy-all-2.4.16.jar:2.4.16]
	at org.codehaus.groovy.runtime.callsite.PogoMetaMethodSite.callCurrent(PogoMetaMethodSite.java:59) ~[groovy-all-2.4.16.jar:2.4.16]
	at org.codehaus.groovy.runtime.callsite.AbstractCallSite.callCurrent(AbstractCallSite.java:177) ~[groovy-all-2.4.16.jar:2.4.16]
	at org.apache.jmeter.assertions.CompareAssertionSpec.$spock_feature_0_1(CompareAssertionSpec.groovy:58) ~[test/:?]
	at sun.reflect.NativeMethodAccessorImpl.invoke0(Native Method) ~[?:1.8.0_221]
	at sun.reflect.NativeMethodAccessorImpl.invoke(NativeMethodAccessorImpl.java:62) ~[?:1.8.0_221]
	at sun.reflect.DelegatingMethodAccessorImpl.invoke(DelegatingMethodAccessorImpl.java:43) ~[?:1.8.0_221]
	at java.lang.reflect.Method.invoke(Method.java:498) ~[?:1.8.0_221]
	at org.spockframework.util.ReflectionUtil.invokeMethod(ReflectionUtil.java:200) ~[spock-core-1.2-groovy-2.4.jar:1.2]
	at org.spockframework.runtime.model.MethodInfo.invoke(MethodInfo.java:113) ~[spock-core-1.2-groovy-2.4.jar:1.2]
	at org.spockframework.runtime.BaseSpecRunner.invokeRaw(BaseSpecRunner.java:484) ~[spock-core-1.2-groovy-2.4.jar:1.2]
	at org.spockframework.runtime.BaseSpecRunner.invoke(BaseSpecRunner.java:467) ~[spock-core-1.2-groovy-2.4.jar:1.2]
	at org.spockframework.runtime.BaseSpecRunner.runFeatureMethod(BaseSpecRunner.java:408) ~[spock-core-1.2-groovy-2.4.jar:1.2]
	at org.spockframework.runtime.BaseSpecRunner.doRunIteration(BaseSpecRunner.java:322) ~[spock-core-1.2-groovy-2.4.jar:1.2]
	at org.spockframework.runtime.BaseSpecRunner$6.invoke(BaseSpecRunner.java:306) ~[spock-core-1.2-groovy-2.4.jar:1.2]
	at org.spockframework.runtime.BaseSpecRunner.invokeRaw(BaseSpecRunner.java:484) ~[spock-core-1.2-groovy-2.4.jar:1.2]
	at org.spockframework.runtime.BaseSpecRunner.invoke(BaseSpecRunner.java:467) ~[spock-core-1.2-groovy-2.4.jar:1.2]
	at org.spockframework.runtime.BaseSpecRunner.runIteration(BaseSpecRunner.java:285) ~[spock-core-1.2-groovy-2.4.jar:1.2]
	at org.spockframework.runtime.BaseSpecRunner.initializeAndRunIteration(BaseSpecRunner.java:275) ~[spock-core-1.2-groovy-2.4.jar:1.2]
	at org.spockframework.runtime.ParameterizedSpecRunner.runIterations(ParameterizedSpecRunner.java:139) ~[spock-core-1.2-groovy-2.4.jar:1.2]
	at org.spockframework.runtime.ParameterizedSpecRunner.runParameterizedFeature(ParameterizedSpecRunner.java:41) ~[spock-core-1.2-groovy-2.4.jar:1.2]
	at org.spockframework.runtime.BaseSpecRunner.doRunFeature(BaseSpecRunner.java:259) ~[spock-core-1.2-groovy-2.4.jar:1.2]
	at org.spockframework.runtime.BaseSpecRunner$5.invoke(BaseSpecRunner.java:243) ~[spock-core-1.2-groovy-2.4.jar:1.2]
	at org.spockframework.runtime.BaseSpecRunner.invokeRaw(BaseSpecRunner.java:484) ~[spock-core-1.2-groovy-2.4.jar:1.2]
	at org.spockframework.runtime.BaseSpecRunner.invoke(BaseSpecRunner.java:467) ~[spock-core-1.2-groovy-2.4.jar:1.2]
	at org.spockframework.runtime.BaseSpecRunner.runFeature(BaseSpecRunner.java:235) ~[spock-core-1.2-groovy-2.4.jar:1.2]
	at org.spockframework.runtime.BaseSpecRunner.runFeatures(BaseSpecRunner.java:185) ~[spock-core-1.2-groovy-2.4.jar:1.2]
	at org.spockframework.runtime.BaseSpecRunner.doRunSpec(BaseSpecRunner.java:95) ~[spock-core-1.2-groovy-2.4.jar:1.2]
	at org.spockframework.runtime.BaseSpecRunner$1.invoke(BaseSpecRunner.java:81) ~[spock-core-1.2-groovy-2.4.jar:1.2]
	at org.spockframework.runtime.BaseSpecRunner.invokeRaw(BaseSpecRunner.java:484) ~[spock-core-1.2-groovy-2.4.jar:1.2]
	at org.spockframework.runtime.BaseSpecRunner.invoke(BaseSpecRunner.java:467) ~[spock-core-1.2-groovy-2.4.jar:1.2]
	at org.spockframework.runtime.BaseSpecRunner.runSpec(BaseSpecRunner.java:73) ~[spock-core-1.2-groovy-2.4.jar:1.2]
	at org.spockframework.runtime.BaseSpecRunner.run(BaseSpecRunner.java:64) ~[spock-core-1.2-groovy-2.4.jar:1.2]
	at org.spockframework.runtime.Sputnik.run(Sputnik.java:63) ~[spock-core-1.2-groovy-2.4.jar:1.2]
	at org.junit.runner.JUnitCore.run(JUnitCore.java:137) ~[junit-4.12.jar:4.12]
	at org.junit.runner.JUnitCore.run(JUnitCore.java:115) ~[junit-4.12.jar:4.12]
	at org.junit.vintage.engine.execution.RunnerExecutor.execute(RunnerExecutor.java:40) ~[junit-vintage-engine-5.5.1.jar:5.5.1]
	at java.util.stream.ForEachOps$ForEachOp$OfRef.accept(ForEachOps.java:184) ~[?:1.8.0_221]
	at java.util.stream.ReferencePipeline$3$1.accept(ReferencePipeline.java:193) ~[?:1.8.0_221]
	at java.util.Iterator.forEachRemaining(Iterator.java:116) ~[?:1.8.0_221]
	at java.util.Spliterators$IteratorSpliterator.forEachRemaining(Spliterators.java:1801) ~[?:1.8.0_221]
	at java.util.stream.AbstractPipeline.copyInto(AbstractPipeline.java:482) ~[?:1.8.0_221]
	at java.util.stream.AbstractPipeline.wrapAndCopyInto(AbstractPipeline.java:472) ~[?:1.8.0_221]
	at java.util.stream.ForEachOps$ForEachOp.evaluateSequential(ForEachOps.java:151) ~[?:1.8.0_221]
	at java.util.stream.ForEachOps$ForEachOp$OfRef.evaluateSequential(ForEachOps.java:174) ~[?:1.8.0_221]
	at java.util.stream.AbstractPipeline.evaluate(AbstractPipeline.java:234) ~[?:1.8.0_221]
	at java.util.stream.ReferencePipeline.forEach(ReferencePipeline.java:418) ~[?:1.8.0_221]
	at org.junit.vintage.engine.VintageTestEngine.executeAllChildren(VintageTestEngine.java:80) ~[junit-vintage-engine-5.5.1.jar:5.5.1]
	at org.junit.vintage.engine.VintageTestEngine.execute(VintageTestEngine.java:71) ~[junit-vintage-engine-5.5.1.jar:5.5.1]
	at org.junit.platform.launcher.core.DefaultLauncher.execute(DefaultLauncher.java:220) ~[junit-platform-launcher-1.3.1.jar:1.3.1]
	at org.junit.platform.launcher.core.DefaultLauncher.lambda$execute$6(DefaultLauncher.java:188) ~[junit-platform-launcher-1.3.1.jar:1.3.1]
	at org.junit.platform.launcher.core.DefaultLauncher.withInterceptedStreams(DefaultLauncher.java:202) [junit-platform-launcher-1.3.1.jar:1.3.1]
	at org.junit.platform.launcher.core.DefaultLauncher.execute(DefaultLauncher.java:181) [junit-platform-launcher-1.3.1.jar:1.3.1]
	at org.junit.platform.launcher.core.DefaultLauncher.execute(DefaultLauncher.java:128) [junit-platform-launcher-1.3.1.jar:1.3.1]
	at org.gradle.api.internal.tasks.testing.junitplatform.JUnitPlatformTestClassProcessor$CollectAllTestClassesExecutor.processAllTestClasses(JUnitPlatformTestClassProcessor.java:99) [gradle-testing-junit-platform-6.0.1.jar:6.0.1]
	at org.gradle.api.internal.tasks.testing.junitplatform.JUnitPlatformTestClassProcessor$CollectAllTestClassesExecutor.access$000(JUnitPlatformTestClassProcessor.java:79) [gradle-testing-junit-platform-6.0.1.jar:6.0.1]
	at org.gradle.api.internal.tasks.testing.junitplatform.JUnitPlatformTestClassProcessor.stop(JUnitPlatformTestClassProcessor.java:75) [gradle-testing-junit-platform-6.0.1.jar:6.0.1]
	at org.gradle.api.internal.tasks.testing.SuiteTestClassProcessor.stop(SuiteTestClassProcessor.java:61) [gradle-testing-base-6.0.1.jar:6.0.1]
	at sun.reflect.NativeMethodAccessorImpl.invoke0(Native Method) ~[?:1.8.0_221]
	at sun.reflect.NativeMethodAccessorImpl.invoke(NativeMethodAccessorImpl.java:62) ~[?:1.8.0_221]
	at sun.reflect.DelegatingMethodAccessorImpl.invoke(DelegatingMethodAccessorImpl.java:43) ~[?:1.8.0_221]
	at java.lang.reflect.Method.invoke(Method.java:498) ~[?:1.8.0_221]
	at org.gradle.internal.dispatch.ReflectionDispatch.dispatch(ReflectionDispatch.java:36) [gradle-messaging-6.0.1.jar:6.0.1]
	at org.gradle.internal.dispatch.ReflectionDispatch.dispatch(ReflectionDispatch.java:24) [gradle-messaging-6.0.1.jar:6.0.1]
	at org.gradle.internal.dispatch.ContextClassLoaderDispatch.dispatch(ContextClassLoaderDispatch.java:33) [gradle-messaging-6.0.1.jar:6.0.1]
	at org.gradle.internal.dispatch.ProxyDispatchAdapter$DispatchingInvocationHandler.invoke(ProxyDispatchAdapter.java:94) [gradle-messaging-6.0.1.jar:6.0.1]
	at com.sun.proxy.$Proxy2.stop(Unknown Source) [?:?]
	at org.gradle.api.internal.tasks.testing.worker.TestWorker.stop(TestWorker.java:132) [gradle-testing-base-6.0.1.jar:6.0.1]
	at sun.reflect.NativeMethodAccessorImpl.invoke0(Native Method) ~[?:1.8.0_221]
	at sun.reflect.NativeMethodAccessorImpl.invoke(NativeMethodAccessorImpl.java:62) ~[?:1.8.0_221]
	at sun.reflect.DelegatingMethodAccessorImpl.invoke(DelegatingMethodAccessorImpl.java:43) ~[?:1.8.0_221]
	at java.lang.reflect.Method.invoke(Method.java:498) ~[?:1.8.0_221]
	at org.gradle.internal.dispatch.ReflectionDispatch.dispatch(ReflectionDispatch.java:36) [gradle-messaging-6.0.1.jar:6.0.1]
	at org.gradle.internal.dispatch.ReflectionDispatch.dispatch(ReflectionDispatch.java:24) [gradle-messaging-6.0.1.jar:6.0.1]
	at org.gradle.internal.remote.internal.hub.MessageHubBackedObjectConnection$DispatchWrapper.dispatch(MessageHubBackedObjectConnection.java:182) [gradle-messaging-6.0.1.jar:6.0.1]
	at org.gradle.internal.remote.internal.hub.MessageHubBackedObjectConnection$DispatchWrapper.dispatch(MessageHubBackedObjectConnection.java:164) [gradle-messaging-6.0.1.jar:6.0.1]
	at org.gradle.internal.remote.internal.hub.MessageHub$Handler.run(MessageHub.java:412) [gradle-messaging-6.0.1.jar:6.0.1]
	at org.gradle.internal.concurrent.ExecutorPolicy$CatchAndRecordFailures.onExecute(ExecutorPolicy.java:64) [gradle-base-services-6.0.1.jar:6.0.1]
	at org.gradle.internal.concurrent.ManagedExecutorImpl$1.run(ManagedExecutorImpl.java:48) [gradle-base-services-6.0.1.jar:6.0.1]
	at java.util.concurrent.ThreadPoolExecutor.runWorker(ThreadPoolExecutor.java:1149) [?:1.8.0_221]
	at java.util.concurrent.ThreadPoolExecutor$Worker.run(ThreadPoolExecutor.java:624) [?:1.8.0_221]
	at org.gradle.internal.concurrent.ThreadFactoryImpl$ManagedThreadRunnable.run(ThreadFactoryImpl.java:56) [gradle-base-services-6.0.1.jar:6.0.1]
	at java.lang.Thread.run(Thread.java:748) [?:1.8.0_221]
2020-04-13 01:21:55,599 INFO o.a.j.g.a.LookAndFeelCommand: Installing Darcula LAF
2020-04-13 01:21:55,606 INFO o.a.j.g.a.LookAndFeelCommand: Using look and feel: com.bulenkov.darcula.DarculaLaf [Darcula]
2020-04-13 01:21:57,701 WARN o.a.j.e.BoundaryExtractor: No variable 'empty-var-name' found to process by Boundary Extractor '', skipping processing
2020-04-13 01:21:58,990 INFO o.a.j.v.b.g.PickleGraphiteMetricsSender: Created PickleGraphiteMetricsSender with host: host, port: 1024, prefix: prefix-
2020-04-13 01:21:58,998 INFO o.a.j.v.b.g.PickleGraphiteMetricsSender: Created PickleGraphiteMetricsSender with host: non-existant-host, port: 1024, prefix: prefix-
2020-04-13 01:21:59,337 ERROR o.a.j.v.b.g.PickleGraphiteMetricsSender: Error writing to Graphite: null
java.lang.NullPointerException: null
	at org.apache.jmeter.visualizers.backend.graphite.PickleGraphiteMetricsSender.writeMetrics(PickleGraphiteMetricsSender.java:136) ~[main/:?]
	at org.apache.jmeter.visualizers.backend.graphite.PickleGraphiteMetricsSender.writeAndSendMetrics(PickleGraphiteMetricsSender.java:124) ~[main/:?]
	at sun.reflect.NativeMethodAccessorImpl.invoke0(Native Method) ~[?:1.8.0_221]
	at sun.reflect.NativeMethodAccessorImpl.invoke(NativeMethodAccessorImpl.java:62) ~[?:1.8.0_221]
	at sun.reflect.DelegatingMethodAccessorImpl.invoke(DelegatingMethodAccessorImpl.java:43) ~[?:1.8.0_221]
	at java.lang.reflect.Method.invoke(Method.java:498) ~[?:1.8.0_221]
	at org.codehaus.groovy.runtime.callsite.PojoMetaMethodSite$PojoCachedMethodSiteNoUnwrapNoCoerce.invoke(PojoMetaMethodSite.java:233) ~[groovy-all-2.4.16.jar:2.4.16]
	at org.codehaus.groovy.runtime.callsite.PojoMetaMethodSite.call(PojoMetaMethodSite.java:56) ~[groovy-all-2.4.16.jar:2.4.16]
	at org.codehaus.groovy.runtime.callsite.CallSiteArray.defaultCall(CallSiteArray.java:47) ~[groovy-all-2.4.16.jar:2.4.16]
	at org.codehaus.groovy.runtime.callsite.AbstractCallSite.call(AbstractCallSite.java:116) ~[groovy-all-2.4.16.jar:2.4.16]
	at org.codehaus.groovy.runtime.callsite.AbstractCallSite.call(AbstractCallSite.java:120) ~[groovy-all-2.4.16.jar:2.4.16]
	at org.apache.jmeter.visualizers.backend.graphite.PickleGraphiteMetricsSenderSpec.$spock_feature_0_3(PickleGraphiteMetricsSenderSpec.groovy:71) ~[test/:?]
	at sun.reflect.NativeMethodAccessorImpl.invoke0(Native Method) ~[?:1.8.0_221]
	at sun.reflect.NativeMethodAccessorImpl.invoke(NativeMethodAccessorImpl.java:62) ~[?:1.8.0_221]
	at sun.reflect.DelegatingMethodAccessorImpl.invoke(DelegatingMethodAccessorImpl.java:43) ~[?:1.8.0_221]
	at java.lang.reflect.Method.invoke(Method.java:498) ~[?:1.8.0_221]
	at org.spockframework.util.ReflectionUtil.invokeMethod(ReflectionUtil.java:200) ~[spock-core-1.2-groovy-2.4.jar:1.2]
	at org.spockframework.runtime.model.MethodInfo.invoke(MethodInfo.java:113) ~[spock-core-1.2-groovy-2.4.jar:1.2]
	at org.spockframework.runtime.BaseSpecRunner.invokeRaw(BaseSpecRunner.java:484) ~[spock-core-1.2-groovy-2.4.jar:1.2]
	at org.spockframework.runtime.BaseSpecRunner.invoke(BaseSpecRunner.java:467) ~[spock-core-1.2-groovy-2.4.jar:1.2]
	at org.spockframework.runtime.BaseSpecRunner.runFeatureMethod(BaseSpecRunner.java:408) ~[spock-core-1.2-groovy-2.4.jar:1.2]
	at org.spockframework.runtime.BaseSpecRunner.doRunIteration(BaseSpecRunner.java:322) ~[spock-core-1.2-groovy-2.4.jar:1.2]
	at org.spockframework.runtime.BaseSpecRunner$6.invoke(BaseSpecRunner.java:306) ~[spock-core-1.2-groovy-2.4.jar:1.2]
	at org.spockframework.runtime.BaseSpecRunner.invokeRaw(BaseSpecRunner.java:484) ~[spock-core-1.2-groovy-2.4.jar:1.2]
	at org.spockframework.runtime.BaseSpecRunner.invoke(BaseSpecRunner.java:467) ~[spock-core-1.2-groovy-2.4.jar:1.2]
	at org.spockframework.runtime.BaseSpecRunner.runIteration(BaseSpecRunner.java:285) ~[spock-core-1.2-groovy-2.4.jar:1.2]
	at org.spockframework.runtime.BaseSpecRunner.initializeAndRunIteration(BaseSpecRunner.java:275) ~[spock-core-1.2-groovy-2.4.jar:1.2]
	at org.spockframework.runtime.BaseSpecRunner.runSimpleFeature(BaseSpecRunner.java:266) ~[spock-core-1.2-groovy-2.4.jar:1.2]
	at org.spockframework.runtime.BaseSpecRunner.doRunFeature(BaseSpecRunner.java:260) ~[spock-core-1.2-groovy-2.4.jar:1.2]
	at org.spockframework.runtime.BaseSpecRunner$5.invoke(BaseSpecRunner.java:243) ~[spock-core-1.2-groovy-2.4.jar:1.2]
	at org.spockframework.runtime.BaseSpecRunner.invokeRaw(BaseSpecRunner.java:484) ~[spock-core-1.2-groovy-2.4.jar:1.2]
	at org.spockframework.runtime.BaseSpecRunner.invoke(BaseSpecRunner.java:467) ~[spock-core-1.2-groovy-2.4.jar:1.2]
	at org.spockframework.runtime.BaseSpecRunner.runFeature(BaseSpecRunner.java:235) ~[spock-core-1.2-groovy-2.4.jar:1.2]
	at org.spockframework.runtime.BaseSpecRunner.runFeatures(BaseSpecRunner.java:185) ~[spock-core-1.2-groovy-2.4.jar:1.2]
	at org.spockframework.runtime.BaseSpecRunner.doRunSpec(BaseSpecRunner.java:95) ~[spock-core-1.2-groovy-2.4.jar:1.2]
	at org.spockframework.runtime.BaseSpecRunner$1.invoke(BaseSpecRunner.java:81) ~[spock-core-1.2-groovy-2.4.jar:1.2]
	at org.spockframework.runtime.BaseSpecRunner.invokeRaw(BaseSpecRunner.java:484) ~[spock-core-1.2-groovy-2.4.jar:1.2]
	at org.spockframework.runtime.BaseSpecRunner.invoke(BaseSpecRunner.java:467) ~[spock-core-1.2-groovy-2.4.jar:1.2]
	at org.spockframework.runtime.BaseSpecRunner.runSpec(BaseSpecRunner.java:73) ~[spock-core-1.2-groovy-2.4.jar:1.2]
	at org.spockframework.runtime.BaseSpecRunner.run(BaseSpecRunner.java:64) ~[spock-core-1.2-groovy-2.4.jar:1.2]
	at org.spockframework.runtime.Sputnik.run(Sputnik.java:63) ~[spock-core-1.2-groovy-2.4.jar:1.2]
	at org.junit.runner.JUnitCore.run(JUnitCore.java:137) ~[junit-4.12.jar:4.12]
	at org.junit.runner.JUnitCore.run(JUnitCore.java:115) ~[junit-4.12.jar:4.12]
	at org.junit.vintage.engine.execution.RunnerExecutor.execute(RunnerExecutor.java:40) ~[junit-vintage-engine-5.5.1.jar:5.5.1]
	at java.util.stream.ForEachOps$ForEachOp$OfRef.accept(ForEachOps.java:184) ~[?:1.8.0_221]
	at java.util.stream.ReferencePipeline$3$1.accept(ReferencePipeline.java:193) ~[?:1.8.0_221]
	at java.util.Iterator.forEachRemaining(Iterator.java:116) ~[?:1.8.0_221]
	at java.util.Spliterators$IteratorSpliterator.forEachRemaining(Spliterators.java:1801) ~[?:1.8.0_221]
	at java.util.stream.AbstractPipeline.copyInto(AbstractPipeline.java:482) ~[?:1.8.0_221]
	at java.util.stream.AbstractPipeline.wrapAndCopyInto(AbstractPipeline.java:472) ~[?:1.8.0_221]
	at java.util.stream.ForEachOps$ForEachOp.evaluateSequential(ForEachOps.java:151) ~[?:1.8.0_221]
	at java.util.stream.ForEachOps$ForEachOp$OfRef.evaluateSequential(ForEachOps.java:174) ~[?:1.8.0_221]
	at java.util.stream.AbstractPipeline.evaluate(AbstractPipeline.java:234) ~[?:1.8.0_221]
	at java.util.stream.ReferencePipeline.forEach(ReferencePipeline.java:418) ~[?:1.8.0_221]
	at org.junit.vintage.engine.VintageTestEngine.executeAllChildren(VintageTestEngine.java:80) ~[junit-vintage-engine-5.5.1.jar:5.5.1]
	at org.junit.vintage.engine.VintageTestEngine.execute(VintageTestEngine.java:71) ~[junit-vintage-engine-5.5.1.jar:5.5.1]
	at org.junit.platform.launcher.core.DefaultLauncher.execute(DefaultLauncher.java:220) ~[junit-platform-launcher-1.3.1.jar:1.3.1]
	at org.junit.platform.launcher.core.DefaultLauncher.lambda$execute$6(DefaultLauncher.java:188) ~[junit-platform-launcher-1.3.1.jar:1.3.1]
	at org.junit.platform.launcher.core.DefaultLauncher.withInterceptedStreams(DefaultLauncher.java:202) [junit-platform-launcher-1.3.1.jar:1.3.1]
	at org.junit.platform.launcher.core.DefaultLauncher.execute(DefaultLauncher.java:181) [junit-platform-launcher-1.3.1.jar:1.3.1]
	at org.junit.platform.launcher.core.DefaultLauncher.execute(DefaultLauncher.java:128) [junit-platform-launcher-1.3.1.jar:1.3.1]
	at org.gradle.api.internal.tasks.testing.junitplatform.JUnitPlatformTestClassProcessor$CollectAllTestClassesExecutor.processAllTestClasses(JUnitPlatformTestClassProcessor.java:99) [gradle-testing-junit-platform-6.0.1.jar:6.0.1]
	at org.gradle.api.internal.tasks.testing.junitplatform.JUnitPlatformTestClassProcessor$CollectAllTestClassesExecutor.access$000(JUnitPlatformTestClassProcessor.java:79) [gradle-testing-junit-platform-6.0.1.jar:6.0.1]
	at org.gradle.api.internal.tasks.testing.junitplatform.JUnitPlatformTestClassProcessor.stop(JUnitPlatformTestClassProcessor.java:75) [gradle-testing-junit-platform-6.0.1.jar:6.0.1]
	at org.gradle.api.internal.tasks.testing.SuiteTestClassProcessor.stop(SuiteTestClassProcessor.java:61) [gradle-testing-base-6.0.1.jar:6.0.1]
	at sun.reflect.NativeMethodAccessorImpl.invoke0(Native Method) ~[?:1.8.0_221]
	at sun.reflect.NativeMethodAccessorImpl.invoke(NativeMethodAccessorImpl.java:62) ~[?:1.8.0_221]
	at sun.reflect.DelegatingMethodAccessorImpl.invoke(DelegatingMethodAccessorImpl.java:43) ~[?:1.8.0_221]
	at java.lang.reflect.Method.invoke(Method.java:498) ~[?:1.8.0_221]
	at org.gradle.internal.dispatch.ReflectionDispatch.dispatch(ReflectionDispatch.java:36) [gradle-messaging-6.0.1.jar:6.0.1]
	at org.gradle.internal.dispatch.ReflectionDispatch.dispatch(ReflectionDispatch.java:24) [gradle-messaging-6.0.1.jar:6.0.1]
	at org.gradle.internal.dispatch.ContextClassLoaderDispatch.dispatch(ContextClassLoaderDispatch.java:33) [gradle-messaging-6.0.1.jar:6.0.1]
	at org.gradle.internal.dispatch.ProxyDispatchAdapter$DispatchingInvocationHandler.invoke(ProxyDispatchAdapter.java:94) [gradle-messaging-6.0.1.jar:6.0.1]
	at com.sun.proxy.$Proxy2.stop(Unknown Source) [?:?]
	at org.gradle.api.internal.tasks.testing.worker.TestWorker.stop(TestWorker.java:132) [gradle-testing-base-6.0.1.jar:6.0.1]
	at sun.reflect.NativeMethodAccessorImpl.invoke0(Native Method) ~[?:1.8.0_221]
	at sun.reflect.NativeMethodAccessorImpl.invoke(NativeMethodAccessorImpl.java:62) ~[?:1.8.0_221]
	at sun.reflect.DelegatingMethodAccessorImpl.invoke(DelegatingMethodAccessorImpl.java:43) ~[?:1.8.0_221]
	at java.lang.reflect.Method.invoke(Method.java:498) ~[?:1.8.0_221]
	at org.gradle.internal.dispatch.ReflectionDispatch.dispatch(ReflectionDispatch.java:36) [gradle-messaging-6.0.1.jar:6.0.1]
	at org.gradle.internal.dispatch.ReflectionDispatch.dispatch(ReflectionDispatch.java:24) [gradle-messaging-6.0.1.jar:6.0.1]
	at org.gradle.internal.remote.internal.hub.MessageHubBackedObjectConnection$DispatchWrapper.dispatch(MessageHubBackedObjectConnection.java:182) [gradle-messaging-6.0.1.jar:6.0.1]
	at org.gradle.internal.remote.internal.hub.MessageHubBackedObjectConnection$DispatchWrapper.dispatch(MessageHubBackedObjectConnection.java:164) [gradle-messaging-6.0.1.jar:6.0.1]
	at org.gradle.internal.remote.internal.hub.MessageHub$Handler.run(MessageHub.java:412) [gradle-messaging-6.0.1.jar:6.0.1]
	at org.gradle.internal.concurrent.ExecutorPolicy$CatchAndRecordFailures.onExecute(ExecutorPolicy.java:64) [gradle-base-services-6.0.1.jar:6.0.1]
	at org.gradle.internal.concurrent.ManagedExecutorImpl$1.run(ManagedExecutorImpl.java:48) [gradle-base-services-6.0.1.jar:6.0.1]
	at java.util.concurrent.ThreadPoolExecutor.runWorker(ThreadPoolExecutor.java:1149) [?:1.8.0_221]
	at java.util.concurrent.ThreadPoolExecutor$Worker.run(ThreadPoolExecutor.java:624) [?:1.8.0_221]
	at org.gradle.internal.concurrent.ThreadFactoryImpl$ManagedThreadRunnable.run(ThreadFactoryImpl.java:56) [gradle-base-services-6.0.1.jar:6.0.1]
	at java.lang.Thread.run(Thread.java:748) [?:1.8.0_221]
2020-04-13 01:21:59,397 INFO o.a.j.v.b.g.TextGraphiteMetricsSender: Created TextGraphiteMetricsSender with host: host, port: 1024, prefix: prefix-
2020-04-13 01:21:59,399 INFO o.a.j.v.b.g.TextGraphiteMetricsSender: Created TextGraphiteMetricsSender with host: non-existant-host, port: 1024, prefix: prefix-
2020-04-13 01:21:59,400 ERROR o.a.j.v.b.g.TextGraphiteMetricsSender: Error writing to Graphite: null
java.lang.NullPointerException: null
	at java.io.Writer.<init>(Writer.java:88) ~[?:1.8.0_221]
	at java.io.OutputStreamWriter.<init>(OutputStreamWriter.java:97) ~[?:1.8.0_221]
	at org.apache.jmeter.visualizers.backend.graphite.TextGraphiteMetricsSender.writeMetrics(TextGraphiteMetricsSender.java:112) ~[main/:?]
	at org.apache.jmeter.visualizers.backend.graphite.TextGraphiteMetricsSender.writeAndSendMetrics(TextGraphiteMetricsSender.java:104) ~[main/:?]
	at sun.reflect.NativeMethodAccessorImpl.invoke0(Native Method) ~[?:1.8.0_221]
	at sun.reflect.NativeMethodAccessorImpl.invoke(NativeMethodAccessorImpl.java:62) ~[?:1.8.0_221]
	at sun.reflect.DelegatingMethodAccessorImpl.invoke(DelegatingMethodAccessorImpl.java:43) ~[?:1.8.0_221]
	at java.lang.reflect.Method.invoke(Method.java:498) ~[?:1.8.0_221]
	at org.codehaus.groovy.runtime.callsite.PojoMetaMethodSite$PojoCachedMethodSiteNoUnwrapNoCoerce.invoke(PojoMetaMethodSite.java:233) ~[groovy-all-2.4.16.jar:2.4.16]
	at org.codehaus.groovy.runtime.callsite.PojoMetaMethodSite.call(PojoMetaMethodSite.java:56) ~[groovy-all-2.4.16.jar:2.4.16]
	at org.codehaus.groovy.runtime.callsite.CallSiteArray.defaultCall(CallSiteArray.java:47) ~[groovy-all-2.4.16.jar:2.4.16]
	at org.codehaus.groovy.runtime.callsite.AbstractCallSite.call(AbstractCallSite.java:116) ~[groovy-all-2.4.16.jar:2.4.16]
	at org.codehaus.groovy.runtime.callsite.AbstractCallSite.call(AbstractCallSite.java:120) ~[groovy-all-2.4.16.jar:2.4.16]
	at org.apache.jmeter.visualizers.backend.graphite.TextGraphiteMetricsSenderSpec.$spock_feature_0_3(TextGraphiteMetricsSenderSpec.groovy:69) ~[test/:?]
	at sun.reflect.NativeMethodAccessorImpl.invoke0(Native Method) ~[?:1.8.0_221]
	at sun.reflect.NativeMethodAccessorImpl.invoke(NativeMethodAccessorImpl.java:62) ~[?:1.8.0_221]
	at sun.reflect.DelegatingMethodAccessorImpl.invoke(DelegatingMethodAccessorImpl.java:43) ~[?:1.8.0_221]
	at java.lang.reflect.Method.invoke(Method.java:498) ~[?:1.8.0_221]
	at org.spockframework.util.ReflectionUtil.invokeMethod(ReflectionUtil.java:200) ~[spock-core-1.2-groovy-2.4.jar:1.2]
	at org.spockframework.runtime.model.MethodInfo.invoke(MethodInfo.java:113) ~[spock-core-1.2-groovy-2.4.jar:1.2]
	at org.spockframework.runtime.BaseSpecRunner.invokeRaw(BaseSpecRunner.java:484) ~[spock-core-1.2-groovy-2.4.jar:1.2]
	at org.spockframework.runtime.BaseSpecRunner.invoke(BaseSpecRunner.java:467) ~[spock-core-1.2-groovy-2.4.jar:1.2]
	at org.spockframework.runtime.BaseSpecRunner.runFeatureMethod(BaseSpecRunner.java:408) ~[spock-core-1.2-groovy-2.4.jar:1.2]
	at org.spockframework.runtime.BaseSpecRunner.doRunIteration(BaseSpecRunner.java:322) ~[spock-core-1.2-groovy-2.4.jar:1.2]
	at org.spockframework.runtime.BaseSpecRunner$6.invoke(BaseSpecRunner.java:306) ~[spock-core-1.2-groovy-2.4.jar:1.2]
	at org.spockframework.runtime.BaseSpecRunner.invokeRaw(BaseSpecRunner.java:484) ~[spock-core-1.2-groovy-2.4.jar:1.2]
	at org.spockframework.runtime.BaseSpecRunner.invoke(BaseSpecRunner.java:467) ~[spock-core-1.2-groovy-2.4.jar:1.2]
	at org.spockframework.runtime.BaseSpecRunner.runIteration(BaseSpecRunner.java:285) ~[spock-core-1.2-groovy-2.4.jar:1.2]
	at org.spockframework.runtime.BaseSpecRunner.initializeAndRunIteration(BaseSpecRunner.java:275) ~[spock-core-1.2-groovy-2.4.jar:1.2]
	at org.spockframework.runtime.BaseSpecRunner.runSimpleFeature(BaseSpecRunner.java:266) ~[spock-core-1.2-groovy-2.4.jar:1.2]
	at org.spockframework.runtime.BaseSpecRunner.doRunFeature(BaseSpecRunner.java:260) ~[spock-core-1.2-groovy-2.4.jar:1.2]
	at org.spockframework.runtime.BaseSpecRunner$5.invoke(BaseSpecRunner.java:243) ~[spock-core-1.2-groovy-2.4.jar:1.2]
	at org.spockframework.runtime.BaseSpecRunner.invokeRaw(BaseSpecRunner.java:484) ~[spock-core-1.2-groovy-2.4.jar:1.2]
	at org.spockframework.runtime.BaseSpecRunner.invoke(BaseSpecRunner.java:467) ~[spock-core-1.2-groovy-2.4.jar:1.2]
	at org.spockframework.runtime.BaseSpecRunner.runFeature(BaseSpecRunner.java:235) ~[spock-core-1.2-groovy-2.4.jar:1.2]
	at org.spockframework.runtime.BaseSpecRunner.runFeatures(BaseSpecRunner.java:185) ~[spock-core-1.2-groovy-2.4.jar:1.2]
	at org.spockframework.runtime.BaseSpecRunner.doRunSpec(BaseSpecRunner.java:95) ~[spock-core-1.2-groovy-2.4.jar:1.2]
	at org.spockframework.runtime.BaseSpecRunner$1.invoke(BaseSpecRunner.java:81) ~[spock-core-1.2-groovy-2.4.jar:1.2]
	at org.spockframework.runtime.BaseSpecRunner.invokeRaw(BaseSpecRunner.java:484) ~[spock-core-1.2-groovy-2.4.jar:1.2]
	at org.spockframework.runtime.BaseSpecRunner.invoke(BaseSpecRunner.java:467) ~[spock-core-1.2-groovy-2.4.jar:1.2]
	at org.spockframework.runtime.BaseSpecRunner.runSpec(BaseSpecRunner.java:73) ~[spock-core-1.2-groovy-2.4.jar:1.2]
	at org.spockframework.runtime.BaseSpecRunner.run(BaseSpecRunner.java:64) ~[spock-core-1.2-groovy-2.4.jar:1.2]
	at org.spockframework.runtime.Sputnik.run(Sputnik.java:63) ~[spock-core-1.2-groovy-2.4.jar:1.2]
	at org.junit.runner.JUnitCore.run(JUnitCore.java:137) ~[junit-4.12.jar:4.12]
	at org.junit.runner.JUnitCore.run(JUnitCore.java:115) ~[junit-4.12.jar:4.12]
	at org.junit.vintage.engine.execution.RunnerExecutor.execute(RunnerExecutor.java:40) ~[junit-vintage-engine-5.5.1.jar:5.5.1]
	at java.util.stream.ForEachOps$ForEachOp$OfRef.accept(ForEachOps.java:184) ~[?:1.8.0_221]
	at java.util.stream.ReferencePipeline$3$1.accept(ReferencePipeline.java:193) ~[?:1.8.0_221]
	at java.util.Iterator.forEachRemaining(Iterator.java:116) ~[?:1.8.0_221]
	at java.util.Spliterators$IteratorSpliterator.forEachRemaining(Spliterators.java:1801) ~[?:1.8.0_221]
	at java.util.stream.AbstractPipeline.copyInto(AbstractPipeline.java:482) ~[?:1.8.0_221]
	at java.util.stream.AbstractPipeline.wrapAndCopyInto(AbstractPipeline.java:472) ~[?:1.8.0_221]
	at java.util.stream.ForEachOps$ForEachOp.evaluateSequential(ForEachOps.java:151) ~[?:1.8.0_221]
	at java.util.stream.ForEachOps$ForEachOp$OfRef.evaluateSequential(ForEachOps.java:174) ~[?:1.8.0_221]
	at java.util.stream.AbstractPipeline.evaluate(AbstractPipeline.java:234) ~[?:1.8.0_221]
	at java.util.stream.ReferencePipeline.forEach(ReferencePipeline.java:418) ~[?:1.8.0_221]
	at org.junit.vintage.engine.VintageTestEngine.executeAllChildren(VintageTestEngine.java:80) ~[junit-vintage-engine-5.5.1.jar:5.5.1]
	at org.junit.vintage.engine.VintageTestEngine.execute(VintageTestEngine.java:71) ~[junit-vintage-engine-5.5.1.jar:5.5.1]
	at org.junit.platform.launcher.core.DefaultLauncher.execute(DefaultLauncher.java:220) ~[junit-platform-launcher-1.3.1.jar:1.3.1]
	at org.junit.platform.launcher.core.DefaultLauncher.lambda$execute$6(DefaultLauncher.java:188) ~[junit-platform-launcher-1.3.1.jar:1.3.1]
	at org.junit.platform.launcher.core.DefaultLauncher.withInterceptedStreams(DefaultLauncher.java:202) [junit-platform-launcher-1.3.1.jar:1.3.1]
	at org.junit.platform.launcher.core.DefaultLauncher.execute(DefaultLauncher.java:181) [junit-platform-launcher-1.3.1.jar:1.3.1]
	at org.junit.platform.launcher.core.DefaultLauncher.execute(DefaultLauncher.java:128) [junit-platform-launcher-1.3.1.jar:1.3.1]
	at org.gradle.api.internal.tasks.testing.junitplatform.JUnitPlatformTestClassProcessor$CollectAllTestClassesExecutor.processAllTestClasses(JUnitPlatformTestClassProcessor.java:99) [gradle-testing-junit-platform-6.0.1.jar:6.0.1]
	at org.gradle.api.internal.tasks.testing.junitplatform.JUnitPlatformTestClassProcessor$CollectAllTestClassesExecutor.access$000(JUnitPlatformTestClassProcessor.java:79) [gradle-testing-junit-platform-6.0.1.jar:6.0.1]
	at org.gradle.api.internal.tasks.testing.junitplatform.JUnitPlatformTestClassProcessor.stop(JUnitPlatformTestClassProcessor.java:75) [gradle-testing-junit-platform-6.0.1.jar:6.0.1]
	at org.gradle.api.internal.tasks.testing.SuiteTestClassProcessor.stop(SuiteTestClassProcessor.java:61) [gradle-testing-base-6.0.1.jar:6.0.1]
	at sun.reflect.NativeMethodAccessorImpl.invoke0(Native Method) ~[?:1.8.0_221]
	at sun.reflect.NativeMethodAccessorImpl.invoke(NativeMethodAccessorImpl.java:62) ~[?:1.8.0_221]
	at sun.reflect.DelegatingMethodAccessorImpl.invoke(DelegatingMethodAccessorImpl.java:43) ~[?:1.8.0_221]
	at java.lang.reflect.Method.invoke(Method.java:498) ~[?:1.8.0_221]
	at org.gradle.internal.dispatch.ReflectionDispatch.dispatch(ReflectionDispatch.java:36) [gradle-messaging-6.0.1.jar:6.0.1]
	at org.gradle.internal.dispatch.ReflectionDispatch.dispatch(ReflectionDispatch.java:24) [gradle-messaging-6.0.1.jar:6.0.1]
	at org.gradle.internal.dispatch.ContextClassLoaderDispatch.dispatch(ContextClassLoaderDispatch.java:33) [gradle-messaging-6.0.1.jar:6.0.1]
	at org.gradle.internal.dispatch.ProxyDispatchAdapter$DispatchingInvocationHandler.invoke(ProxyDispatchAdapter.java:94) [gradle-messaging-6.0.1.jar:6.0.1]
	at com.sun.proxy.$Proxy2.stop(Unknown Source) [?:?]
	at org.gradle.api.internal.tasks.testing.worker.TestWorker.stop(TestWorker.java:132) [gradle-testing-base-6.0.1.jar:6.0.1]
	at sun.reflect.NativeMethodAccessorImpl.invoke0(Native Method) ~[?:1.8.0_221]
	at sun.reflect.NativeMethodAccessorImpl.invoke(NativeMethodAccessorImpl.java:62) ~[?:1.8.0_221]
	at sun.reflect.DelegatingMethodAccessorImpl.invoke(DelegatingMethodAccessorImpl.java:43) ~[?:1.8.0_221]
	at java.lang.reflect.Method.invoke(Method.java:498) ~[?:1.8.0_221]
	at org.gradle.internal.dispatch.ReflectionDispatch.dispatch(ReflectionDispatch.java:36) [gradle-messaging-6.0.1.jar:6.0.1]
	at org.gradle.internal.dispatch.ReflectionDispatch.dispatch(ReflectionDispatch.java:24) [gradle-messaging-6.0.1.jar:6.0.1]
	at org.gradle.internal.remote.internal.hub.MessageHubBackedObjectConnection$DispatchWrapper.dispatch(MessageHubBackedObjectConnection.java:182) [gradle-messaging-6.0.1.jar:6.0.1]
	at org.gradle.internal.remote.internal.hub.MessageHubBackedObjectConnection$DispatchWrapper.dispatch(MessageHubBackedObjectConnection.java:164) [gradle-messaging-6.0.1.jar:6.0.1]
	at org.gradle.internal.remote.internal.hub.MessageHub$Handler.run(MessageHub.java:412) [gradle-messaging-6.0.1.jar:6.0.1]
	at org.gradle.internal.concurrent.ExecutorPolicy$CatchAndRecordFailures.onExecute(ExecutorPolicy.java:64) [gradle-base-services-6.0.1.jar:6.0.1]
	at org.gradle.internal.concurrent.ManagedExecutorImpl$1.run(ManagedExecutorImpl.java:48) [gradle-base-services-6.0.1.jar:6.0.1]
	at java.util.concurrent.ThreadPoolExecutor.runWorker(ThreadPoolExecutor.java:1149) [?:1.8.0_221]
	at java.util.concurrent.ThreadPoolExecutor$Worker.run(ThreadPoolExecutor.java:624) [?:1.8.0_221]
	at org.gradle.internal.concurrent.ThreadFactoryImpl$ManagedThreadRunnable.run(ThreadFactoryImpl.java:56) [gradle-base-services-6.0.1.jar:6.0.1]
	at java.lang.Thread.run(Thread.java:748) [?:1.8.0_221]
2020-04-13 01:22:02,010 ERROR o.a.j.v.b.i.HttpMetricsSender: failed to send data to influxDB server.
java.net.UnknownHostException: host_to_change
	at java.net.InetAddress.getAllByName0(InetAddress.java:1281) ~[?:1.8.0_221]
	at java.net.InetAddress.getAllByName(InetAddress.java:1193) ~[?:1.8.0_221]
	at java.net.InetAddress.getAllByName(InetAddress.java:1127) ~[?:1.8.0_221]
	at org.apache.http.impl.conn.SystemDefaultDnsResolver.resolve(SystemDefaultDnsResolver.java:45) ~[httpclient-4.5.10.jar:4.5.10]
	at org.apache.http.impl.nio.conn.PoolingNHttpClientConnectionManager$InternalAddressResolver.resolveRemoteAddress(PoolingNHttpClientConnectionManager.java:664) ~[httpasyncclient-4.1.4.jar:4.1.4]
	at org.apache.http.impl.nio.conn.PoolingNHttpClientConnectionManager$InternalAddressResolver.resolveRemoteAddress(PoolingNHttpClientConnectionManager.java:635) ~[httpasyncclient-4.1.4.jar:4.1.4]
	at org.apache.http.nio.pool.AbstractNIOConnPool.processPendingRequest(AbstractNIOConnPool.java:474) [httpcore-nio-4.4.12.jar:4.4.12]
	at org.apache.http.nio.pool.AbstractNIOConnPool.lease(AbstractNIOConnPool.java:280) [httpcore-nio-4.4.12.jar:4.4.12]
	at org.apache.http.impl.nio.conn.PoolingNHttpClientConnectionManager.requestConnection(PoolingNHttpClientConnectionManager.java:295) [httpasyncclient-4.1.4.jar:4.1.4]
	at org.apache.http.impl.nio.client.AbstractClientExchangeHandler.requestConnection(AbstractClientExchangeHandler.java:377) [httpasyncclient-4.1.4.jar:4.1.4]
	at org.apache.http.impl.nio.client.DefaultClientExchangeHandlerImpl.start(DefaultClientExchangeHandlerImpl.java:129) [httpasyncclient-4.1.4.jar:4.1.4]
	at org.apache.http.impl.nio.client.InternalHttpAsyncClient.execute(InternalHttpAsyncClient.java:141) [httpasyncclient-4.1.4.jar:4.1.4]
	at org.apache.http.impl.nio.client.CloseableHttpAsyncClient.execute(CloseableHttpAsyncClient.java:75) [httpasyncclient-4.1.4.jar:4.1.4]
	at org.apache.http.impl.nio.client.CloseableHttpAsyncClient.execute(CloseableHttpAsyncClient.java:108) [httpasyncclient-4.1.4.jar:4.1.4]
	at org.apache.http.impl.nio.client.CloseableHttpAsyncClient.execute(CloseableHttpAsyncClient.java:92) [httpasyncclient-4.1.4.jar:4.1.4]
	at org.apache.jmeter.visualizers.backend.influxdb.HttpMetricsSender.writeAndSendMetrics(HttpMetricsSender.java:191) [main/:?]
	at org.apache.jmeter.visualizers.backend.influxdb.HttpMetricsSender.writeAndSendMetrics(HttpMetricsSender.java:169) [main/:?]
	at org.apache.jmeter.visualizers.backend.influxdb.InfluxdbBackendListenerClient.sendMetrics(InfluxdbBackendListenerClient.java:169) [main/:?]
	at org.apache.jmeter.visualizers.backend.influxdb.InfluxdbBackendListenerClient.run(InfluxdbBackendListenerClient.java:136) [main/:?]
	at java.util.concurrent.Executors$RunnableAdapter.call(Executors.java:511) [?:1.8.0_221]
	at java.util.concurrent.FutureTask.runAndReset(FutureTask.java:308) [?:1.8.0_221]
	at java.util.concurrent.ScheduledThreadPoolExecutor$ScheduledFutureTask.access$301(ScheduledThreadPoolExecutor.java:180) [?:1.8.0_221]
	at java.util.concurrent.ScheduledThreadPoolExecutor$ScheduledFutureTask.run(ScheduledThreadPoolExecutor.java:294) [?:1.8.0_221]
	at java.util.concurrent.ThreadPoolExecutor.runWorker(ThreadPoolExecutor.java:1149) [?:1.8.0_221]
	at java.util.concurrent.ThreadPoolExecutor$Worker.run(ThreadPoolExecutor.java:624) [?:1.8.0_221]
	at java.lang.Thread.run(Thread.java:748) [?:1.8.0_221]
2020-04-13 01:22:02,013 ERROR o.a.j.v.b.i.HttpMetricsSender: failed to send data to influxDB server.
java.util.concurrent.TimeoutException: Connection lease request time out
	at org.apache.http.nio.pool.AbstractNIOConnPool.processPendingRequest(AbstractNIOConnPool.java:411) [httpcore-nio-4.4.12.jar:4.4.12]
	at org.apache.http.nio.pool.AbstractNIOConnPool.lease(AbstractNIOConnPool.java:280) [httpcore-nio-4.4.12.jar:4.4.12]
	at org.apache.http.impl.nio.conn.PoolingNHttpClientConnectionManager.requestConnection(PoolingNHttpClientConnectionManager.java:295) [httpasyncclient-4.1.4.jar:4.1.4]
	at org.apache.http.impl.nio.client.AbstractClientExchangeHandler.requestConnection(AbstractClientExchangeHandler.java:377) [httpasyncclient-4.1.4.jar:4.1.4]
	at org.apache.http.impl.nio.client.DefaultClientExchangeHandlerImpl.start(DefaultClientExchangeHandlerImpl.java:129) [httpasyncclient-4.1.4.jar:4.1.4]
	at org.apache.http.impl.nio.client.InternalHttpAsyncClient.execute(InternalHttpAsyncClient.java:141) [httpasyncclient-4.1.4.jar:4.1.4]
	at org.apache.http.impl.nio.client.CloseableHttpAsyncClient.execute(CloseableHttpAsyncClient.java:75) [httpasyncclient-4.1.4.jar:4.1.4]
	at org.apache.http.impl.nio.client.CloseableHttpAsyncClient.execute(CloseableHttpAsyncClient.java:108) [httpasyncclient-4.1.4.jar:4.1.4]
	at org.apache.http.impl.nio.client.CloseableHttpAsyncClient.execute(CloseableHttpAsyncClient.java:92) [httpasyncclient-4.1.4.jar:4.1.4]
	at org.apache.jmeter.visualizers.backend.influxdb.HttpMetricsSender.writeAndSendMetrics(HttpMetricsSender.java:191) [main/:?]
	at org.apache.jmeter.visualizers.backend.influxdb.HttpMetricsSender.writeAndSendMetrics(HttpMetricsSender.java:169) [main/:?]
	at org.apache.jmeter.visualizers.backend.influxdb.InfluxdbBackendListenerClient.sendMetrics(InfluxdbBackendListenerClient.java:169) [main/:?]
	at org.apache.jmeter.visualizers.backend.influxdb.InfluxdbBackendListenerClient.run(InfluxdbBackendListenerClient.java:136) [main/:?]
	at java.util.concurrent.Executors$RunnableAdapter.call(Executors.java:511) [?:1.8.0_221]
	at java.util.concurrent.FutureTask.runAndReset(FutureTask.java:308) [?:1.8.0_221]
	at java.util.concurrent.ScheduledThreadPoolExecutor$ScheduledFutureTask.access$301(ScheduledThreadPoolExecutor.java:180) [?:1.8.0_221]
	at java.util.concurrent.ScheduledThreadPoolExecutor$ScheduledFutureTask.run(ScheduledThreadPoolExecutor.java:294) [?:1.8.0_221]
	at java.util.concurrent.ThreadPoolExecutor.runWorker(ThreadPoolExecutor.java:1149) [?:1.8.0_221]
	at java.util.concurrent.ThreadPoolExecutor$Worker.run(ThreadPoolExecutor.java:624) [?:1.8.0_221]
	at java.lang.Thread.run(Thread.java:748) [?:1.8.0_221]
2020-04-13 01:22:02,010 ERROR o.a.j.v.b.i.HttpMetricsSender: failed to send data to influxDB server.
java.net.UnknownHostException: host_to_change
	at java.net.Inet6AddressImpl.lookupAllHostAddr(Native Method) ~[?:1.8.0_221]
	at java.net.InetAddress$2.lookupAllHostAddr(InetAddress.java:929) ~[?:1.8.0_221]
	at java.net.InetAddress.getAddressesFromNameService(InetAddress.java:1324) ~[?:1.8.0_221]
	at java.net.InetAddress.getAllByName0(InetAddress.java:1277) ~[?:1.8.0_221]
	at java.net.InetAddress.getAllByName(InetAddress.java:1193) ~[?:1.8.0_221]
	at java.net.InetAddress.getAllByName(InetAddress.java:1127) ~[?:1.8.0_221]
	at org.apache.http.impl.conn.SystemDefaultDnsResolver.resolve(SystemDefaultDnsResolver.java:45) ~[httpclient-4.5.10.jar:4.5.10]
	at org.apache.http.impl.nio.conn.PoolingNHttpClientConnectionManager$InternalAddressResolver.resolveRemoteAddress(PoolingNHttpClientConnectionManager.java:664) ~[httpasyncclient-4.1.4.jar:4.1.4]
	at org.apache.http.impl.nio.conn.PoolingNHttpClientConnectionManager$InternalAddressResolver.resolveRemoteAddress(PoolingNHttpClientConnectionManager.java:635) ~[httpasyncclient-4.1.4.jar:4.1.4]
	at org.apache.http.nio.pool.AbstractNIOConnPool.processPendingRequest(AbstractNIOConnPool.java:474) ~[httpcore-nio-4.4.12.jar:4.4.12]
	at org.apache.http.nio.pool.AbstractNIOConnPool.lease(AbstractNIOConnPool.java:280) ~[httpcore-nio-4.4.12.jar:4.4.12]
	at org.apache.http.impl.nio.conn.PoolingNHttpClientConnectionManager.requestConnection(PoolingNHttpClientConnectionManager.java:295) ~[httpasyncclient-4.1.4.jar:4.1.4]
	at org.apache.http.impl.nio.client.AbstractClientExchangeHandler.requestConnection(AbstractClientExchangeHandler.java:377) ~[httpasyncclient-4.1.4.jar:4.1.4]
	at org.apache.http.impl.nio.client.DefaultClientExchangeHandlerImpl.start(DefaultClientExchangeHandlerImpl.java:129) ~[httpasyncclient-4.1.4.jar:4.1.4]
	at org.apache.http.impl.nio.client.InternalHttpAsyncClient.execute(InternalHttpAsyncClient.java:141) ~[httpasyncclient-4.1.4.jar:4.1.4]
	at org.apache.http.impl.nio.client.CloseableHttpAsyncClient.execute(CloseableHttpAsyncClient.java:75) ~[httpasyncclient-4.1.4.jar:4.1.4]
	at org.apache.http.impl.nio.client.CloseableHttpAsyncClient.execute(CloseableHttpAsyncClient.java:108) ~[httpasyncclient-4.1.4.jar:4.1.4]
	at org.apache.http.impl.nio.client.CloseableHttpAsyncClient.execute(CloseableHttpAsyncClient.java:92) ~[httpasyncclient-4.1.4.jar:4.1.4]
	at org.apache.jmeter.visualizers.backend.influxdb.HttpMetricsSender.writeAndSendMetrics(HttpMetricsSender.java:191) ~[main/:?]
	at org.apache.jmeter.visualizers.backend.influxdb.HttpMetricsSender.writeAndSendMetrics(HttpMetricsSender.java:169) ~[main/:?]
	at org.apache.jmeter.visualizers.backend.influxdb.InfluxdbBackendListenerClient.sendMetrics(InfluxdbBackendListenerClient.java:169) ~[main/:?]
	at org.apache.jmeter.visualizers.backend.influxdb.InfluxdbBackendListenerClient.run(InfluxdbBackendListenerClient.java:136) ~[main/:?]
	at java_lang_Runnable$run.call(Unknown Source) ~[?:?]
	at org.codehaus.groovy.runtime.callsite.CallSiteArray.defaultCall(CallSiteArray.java:47) ~[groovy-all-2.4.16.jar:2.4.16]
	at org.codehaus.groovy.runtime.callsite.AbstractCallSite.call(AbstractCallSite.java:116) ~[groovy-all-2.4.16.jar:2.4.16]
	at org.codehaus.groovy.runtime.callsite.AbstractCallSite.call(AbstractCallSite.java:120) ~[groovy-all-2.4.16.jar:2.4.16]
	at org.apache.jmeter.visualizers.backend.influxdb.InfluxdbBackendListenerClientSpec.$spock_feature_0_1(InfluxdbBackendListenerClientSpec.groovy:41) ~[test/:?]
	at sun.reflect.NativeMethodAccessorImpl.invoke0(Native Method) ~[?:1.8.0_221]
	at sun.reflect.NativeMethodAccessorImpl.invoke(NativeMethodAccessorImpl.java:62) ~[?:1.8.0_221]
	at sun.reflect.DelegatingMethodAccessorImpl.invoke(DelegatingMethodAccessorImpl.java:43) ~[?:1.8.0_221]
	at java.lang.reflect.Method.invoke(Method.java:498) ~[?:1.8.0_221]
	at org.spockframework.util.ReflectionUtil.invokeMethod(ReflectionUtil.java:200) ~[spock-core-1.2-groovy-2.4.jar:1.2]
	at org.spockframework.runtime.model.MethodInfo.invoke(MethodInfo.java:113) ~[spock-core-1.2-groovy-2.4.jar:1.2]
	at org.spockframework.runtime.BaseSpecRunner.invokeRaw(BaseSpecRunner.java:484) ~[spock-core-1.2-groovy-2.4.jar:1.2]
	at org.spockframework.runtime.BaseSpecRunner.invoke(BaseSpecRunner.java:467) ~[spock-core-1.2-groovy-2.4.jar:1.2]
	at org.spockframework.runtime.BaseSpecRunner.runFeatureMethod(BaseSpecRunner.java:408) ~[spock-core-1.2-groovy-2.4.jar:1.2]
	at org.spockframework.runtime.BaseSpecRunner.doRunIteration(BaseSpecRunner.java:322) ~[spock-core-1.2-groovy-2.4.jar:1.2]
	at org.spockframework.runtime.BaseSpecRunner$6.invoke(BaseSpecRunner.java:306) ~[spock-core-1.2-groovy-2.4.jar:1.2]
	at org.spockframework.runtime.BaseSpecRunner.invokeRaw(BaseSpecRunner.java:484) ~[spock-core-1.2-groovy-2.4.jar:1.2]
	at org.spockframework.runtime.BaseSpecRunner.invoke(BaseSpecRunner.java:467) ~[spock-core-1.2-groovy-2.4.jar:1.2]
	at org.spockframework.runtime.BaseSpecRunner.runIteration(BaseSpecRunner.java:285) ~[spock-core-1.2-groovy-2.4.jar:1.2]
	at org.spockframework.runtime.BaseSpecRunner.initializeAndRunIteration(BaseSpecRunner.java:275) ~[spock-core-1.2-groovy-2.4.jar:1.2]
	at org.spockframework.runtime.BaseSpecRunner.runSimpleFeature(BaseSpecRunner.java:266) ~[spock-core-1.2-groovy-2.4.jar:1.2]
	at org.spockframework.runtime.BaseSpecRunner.doRunFeature(BaseSpecRunner.java:260) ~[spock-core-1.2-groovy-2.4.jar:1.2]
	at org.spockframework.runtime.BaseSpecRunner$5.invoke(BaseSpecRunner.java:243) ~[spock-core-1.2-groovy-2.4.jar:1.2]
	at org.spockframework.runtime.BaseSpecRunner.invokeRaw(BaseSpecRunner.java:484) ~[spock-core-1.2-groovy-2.4.jar:1.2]
	at org.spockframework.runtime.BaseSpecRunner.invoke(BaseSpecRunner.java:467) ~[spock-core-1.2-groovy-2.4.jar:1.2]
	at org.spockframework.runtime.BaseSpecRunner.runFeature(BaseSpecRunner.java:235) ~[spock-core-1.2-groovy-2.4.jar:1.2]
	at org.spockframework.runtime.BaseSpecRunner.runFeatures(BaseSpecRunner.java:185) ~[spock-core-1.2-groovy-2.4.jar:1.2]
	at org.spockframework.runtime.BaseSpecRunner.doRunSpec(BaseSpecRunner.java:95) ~[spock-core-1.2-groovy-2.4.jar:1.2]
	at org.spockframework.runtime.BaseSpecRunner$1.invoke(BaseSpecRunner.java:81) ~[spock-core-1.2-groovy-2.4.jar:1.2]
	at org.spockframework.runtime.BaseSpecRunner.invokeRaw(BaseSpecRunner.java:484) ~[spock-core-1.2-groovy-2.4.jar:1.2]
	at org.spockframework.runtime.BaseSpecRunner.invoke(BaseSpecRunner.java:467) ~[spock-core-1.2-groovy-2.4.jar:1.2]
	at org.spockframework.runtime.BaseSpecRunner.runSpec(BaseSpecRunner.java:73) ~[spock-core-1.2-groovy-2.4.jar:1.2]
	at org.spockframework.runtime.BaseSpecRunner.run(BaseSpecRunner.java:64) ~[spock-core-1.2-groovy-2.4.jar:1.2]
	at org.spockframework.runtime.Sputnik.run(Sputnik.java:63) ~[spock-core-1.2-groovy-2.4.jar:1.2]
	at org.junit.runner.JUnitCore.run(JUnitCore.java:137) ~[junit-4.12.jar:4.12]
	at org.junit.runner.JUnitCore.run(JUnitCore.java:115) ~[junit-4.12.jar:4.12]
	at org.junit.vintage.engine.execution.RunnerExecutor.execute(RunnerExecutor.java:40) ~[junit-vintage-engine-5.5.1.jar:5.5.1]
	at java.util.stream.ForEachOps$ForEachOp$OfRef.accept(ForEachOps.java:184) ~[?:1.8.0_221]
	at java.util.stream.ReferencePipeline$3$1.accept(ReferencePipeline.java:193) ~[?:1.8.0_221]
	at java.util.Iterator.forEachRemaining(Iterator.java:116) ~[?:1.8.0_221]
	at java.util.Spliterators$IteratorSpliterator.forEachRemaining(Spliterators.java:1801) ~[?:1.8.0_221]
	at java.util.stream.AbstractPipeline.copyInto(AbstractPipeline.java:482) ~[?:1.8.0_221]
	at java.util.stream.AbstractPipeline.wrapAndCopyInto(AbstractPipeline.java:472) ~[?:1.8.0_221]
	at java.util.stream.ForEachOps$ForEachOp.evaluateSequential(ForEachOps.java:151) ~[?:1.8.0_221]
	at java.util.stream.ForEachOps$ForEachOp$OfRef.evaluateSequential(ForEachOps.java:174) ~[?:1.8.0_221]
	at java.util.stream.AbstractPipeline.evaluate(AbstractPipeline.java:234) ~[?:1.8.0_221]
	at java.util.stream.ReferencePipeline.forEach(ReferencePipeline.java:418) ~[?:1.8.0_221]
	at org.junit.vintage.engine.VintageTestEngine.executeAllChildren(VintageTestEngine.java:80) ~[junit-vintage-engine-5.5.1.jar:5.5.1]
	at org.junit.vintage.engine.VintageTestEngine.execute(VintageTestEngine.java:71) ~[junit-vintage-engine-5.5.1.jar:5.5.1]
	at org.junit.platform.launcher.core.DefaultLauncher.execute(DefaultLauncher.java:220) ~[junit-platform-launcher-1.3.1.jar:1.3.1]
	at org.junit.platform.launcher.core.DefaultLauncher.lambda$execute$6(DefaultLauncher.java:188) ~[junit-platform-launcher-1.3.1.jar:1.3.1]
	at org.junit.platform.launcher.core.DefaultLauncher.withInterceptedStreams(DefaultLauncher.java:202) [junit-platform-launcher-1.3.1.jar:1.3.1]
	at org.junit.platform.launcher.core.DefaultLauncher.execute(DefaultLauncher.java:181) [junit-platform-launcher-1.3.1.jar:1.3.1]
	at org.junit.platform.launcher.core.DefaultLauncher.execute(DefaultLauncher.java:128) [junit-platform-launcher-1.3.1.jar:1.3.1]
	at org.gradle.api.internal.tasks.testing.junitplatform.JUnitPlatformTestClassProcessor$CollectAllTestClassesExecutor.processAllTestClasses(JUnitPlatformTestClassProcessor.java:99) [gradle-testing-junit-platform-6.0.1.jar:6.0.1]
	at org.gradle.api.internal.tasks.testing.junitplatform.JUnitPlatformTestClassProcessor$CollectAllTestClassesExecutor.access$000(JUnitPlatformTestClassProcessor.java:79) [gradle-testing-junit-platform-6.0.1.jar:6.0.1]
	at org.gradle.api.internal.tasks.testing.junitplatform.JUnitPlatformTestClassProcessor.stop(JUnitPlatformTestClassProcessor.java:75) [gradle-testing-junit-platform-6.0.1.jar:6.0.1]
	at org.gradle.api.internal.tasks.testing.SuiteTestClassProcessor.stop(SuiteTestClassProcessor.java:61) [gradle-testing-base-6.0.1.jar:6.0.1]
	at sun.reflect.NativeMethodAccessorImpl.invoke0(Native Method) ~[?:1.8.0_221]
	at sun.reflect.NativeMethodAccessorImpl.invoke(NativeMethodAccessorImpl.java:62) ~[?:1.8.0_221]
	at sun.reflect.DelegatingMethodAccessorImpl.invoke(DelegatingMethodAccessorImpl.java:43) ~[?:1.8.0_221]
	at java.lang.reflect.Method.invoke(Method.java:498) ~[?:1.8.0_221]
	at org.gradle.internal.dispatch.ReflectionDispatch.dispatch(ReflectionDispatch.java:36) [gradle-messaging-6.0.1.jar:6.0.1]
	at org.gradle.internal.dispatch.ReflectionDispatch.dispatch(ReflectionDispatch.java:24) [gradle-messaging-6.0.1.jar:6.0.1]
	at org.gradle.internal.dispatch.ContextClassLoaderDispatch.dispatch(ContextClassLoaderDispatch.java:33) [gradle-messaging-6.0.1.jar:6.0.1]
	at org.gradle.internal.dispatch.ProxyDispatchAdapter$DispatchingInvocationHandler.invoke(ProxyDispatchAdapter.java:94) [gradle-messaging-6.0.1.jar:6.0.1]
	at com.sun.proxy.$Proxy2.stop(Unknown Source) [?:?]
	at org.gradle.api.internal.tasks.testing.worker.TestWorker.stop(TestWorker.java:132) [gradle-testing-base-6.0.1.jar:6.0.1]
	at sun.reflect.NativeMethodAccessorImpl.invoke0(Native Method) ~[?:1.8.0_221]
	at sun.reflect.NativeMethodAccessorImpl.invoke(NativeMethodAccessorImpl.java:62) ~[?:1.8.0_221]
	at sun.reflect.DelegatingMethodAccessorImpl.invoke(DelegatingMethodAccessorImpl.java:43) ~[?:1.8.0_221]
	at java.lang.reflect.Method.invoke(Method.java:498) ~[?:1.8.0_221]
	at org.gradle.internal.dispatch.ReflectionDispatch.dispatch(ReflectionDispatch.java:36) [gradle-messaging-6.0.1.jar:6.0.1]
	at org.gradle.internal.dispatch.ReflectionDispatch.dispatch(ReflectionDispatch.java:24) [gradle-messaging-6.0.1.jar:6.0.1]
	at org.gradle.internal.remote.internal.hub.MessageHubBackedObjectConnection$DispatchWrapper.dispatch(MessageHubBackedObjectConnection.java:182) [gradle-messaging-6.0.1.jar:6.0.1]
	at org.gradle.internal.remote.internal.hub.MessageHubBackedObjectConnection$DispatchWrapper.dispatch(MessageHubBackedObjectConnection.java:164) [gradle-messaging-6.0.1.jar:6.0.1]
	at org.gradle.internal.remote.internal.hub.MessageHub$Handler.run(MessageHub.java:412) [gradle-messaging-6.0.1.jar:6.0.1]
	at org.gradle.internal.concurrent.ExecutorPolicy$CatchAndRecordFailures.onExecute(ExecutorPolicy.java:64) [gradle-base-services-6.0.1.jar:6.0.1]
	at org.gradle.internal.concurrent.ManagedExecutorImpl$1.run(ManagedExecutorImpl.java:48) [gradle-base-services-6.0.1.jar:6.0.1]
	at java.util.concurrent.ThreadPoolExecutor.runWorker(ThreadPoolExecutor.java:1149) [?:1.8.0_221]
	at java.util.concurrent.ThreadPoolExecutor$Worker.run(ThreadPoolExecutor.java:624) [?:1.8.0_221]
	at org.gradle.internal.concurrent.ThreadFactoryImpl$ManagedThreadRunnable.run(ThreadFactoryImpl.java:56) [gradle-base-services-6.0.1.jar:6.0.1]
	at java.lang.Thread.run(Thread.java:748) [?:1.8.0_221]
