2020-04-13 01:22:40,597 WARN o.a.j.t.BeanInfoSupport: Something bad happened when loading bean info for bean class org.apache.jmeter.protocol.jdbc.sampler.JDBCSampler
java.lang.NullPointerException: null
	at java.util.ResourceBundle.getBundleImpl(ResourceBundle.java:1326) ~[?:1.8.0_221]
	at java.util.ResourceBundle.getBundle(ResourceBundle.java:854) ~[?:1.8.0_221]
	at org.apache.jmeter.testbeans.BeanInfoSupport.<init>(BeanInfoSupport.java:127) ~[ApacheJMeter_core-5.2.1-SNAPSHOT.jar:5.2.1-SNAPSHOT]
	at org.apache.jmeter.protocol.jdbc.JDBCTestElementBeanInfoSupport.<init>(JDBCTestElementBeanInfoSupport.java:33) ~[main/:?]
	at org.apache.jmeter.protocol.jdbc.sampler.JDBCSamplerBeanInfo.<init>(JDBCSamplerBeanInfo.java:30) ~[main/:?]
	at sun.reflect.NativeConstructorAccessorImpl.newInstance0(Native Method) ~[?:1.8.0_221]
	at sun.reflect.NativeConstructorAccessorImpl.newInstance(NativeConstructorAccessorImpl.java:62) ~[?:1.8.0_221]
	at sun.reflect.DelegatingConstructorAccessorImpl.newInstance(DelegatingConstructorAccessorImpl.java:45) ~[?:1.8.0_221]
	at java.lang.reflect.Constructor.newInstance(Constructor.java:423) ~[?:1.8.0_221]
	at java.lang.Class.newInstance(Class.java:442) ~[?:1.8.0_221]
	at com.sun.beans.finder.InstanceFinder.instantiate(InstanceFinder.java:96) ~[?:1.8.0_221]
	at com.sun.beans.finder.InstanceFinder.find(InstanceFinder.java:66) ~[?:1.8.0_221]
	at java.beans.Introspector.findExplicitBeanInfo(Introspector.java:448) ~[?:1.8.0_221]
	at java.beans.Introspector.<init>(Introspector.java:398) ~[?:1.8.0_221]
	at java.beans.Introspector.getBeanInfo(Introspector.java:173) ~[?:1.8.0_221]
	at groovy.lang.MetaClassImpl$15.run(MetaClassImpl.java:3328) ~[groovy-all-2.4.16.jar:2.4.16]
	at java.security.AccessController.doPrivileged(Native Method) ~[?:1.8.0_221]
	at groovy.lang.MetaClassImpl.addProperties(MetaClassImpl.java:3326) ~[groovy-all-2.4.16.jar:2.4.16]
	at groovy.lang.MetaClassImpl.initialize(MetaClassImpl.java:3303) ~[groovy-all-2.4.16.jar:2.4.16]
	at org.codehaus.groovy.reflection.ClassInfo.getMetaClassUnderLock(ClassInfo.java:289) ~[groovy-all-2.4.16.jar:2.4.16]
	at org.codehaus.groovy.reflection.ClassInfo.getMetaClass(ClassInfo.java:331) ~[groovy-all-2.4.16.jar:2.4.16]
	at org.codehaus.groovy.runtime.metaclass.MetaClassRegistryImpl.getMetaClass(MetaClassRegistryImpl.java:277) ~[groovy-all-2.4.16.jar:2.4.16]
	at org.codehaus.groovy.runtime.InvokerHelper.getMetaClass(InvokerHelper.java:905) ~[groovy-all-2.4.16.jar:2.4.16]
	at org.codehaus.groovy.runtime.callsite.CallSiteArray.createCallConstructorSite(CallSiteArray.java:86) ~[groovy-all-2.4.16.jar:2.4.16]
	at org.codehaus.groovy.runtime.callsite.CallSiteArray.defaultCallConstructor(CallSiteArray.java:59) ~[groovy-all-2.4.16.jar:2.4.16]
	at org.codehaus.groovy.runtime.callsite.AbstractCallSite.callConstructor(AbstractCallSite.java:238) ~[groovy-all-2.4.16.jar:2.4.16]
	at org.codehaus.groovy.runtime.callsite.AbstractCallSite.callConstructor(AbstractCallSite.java:242) ~[groovy-all-2.4.16.jar:2.4.16]
	at org.apache.jmeter.protocol.jdbc.sampler.JDBCSamplerSpec.$spock_initializeFields(JDBCSamplerSpec.groovy:37) ~[test/:?]
	at sun.reflect.NativeMethodAccessorImpl.invoke0(Native Method) ~[?:1.8.0_221]
	at sun.reflect.NativeMethodAccessorImpl.invoke(NativeMethodAccessorImpl.java:62) ~[?:1.8.0_221]
	at sun.reflect.DelegatingMethodAccessorImpl.invoke(DelegatingMethodAccessorImpl.java:43) ~[?:1.8.0_221]
	at java.lang.reflect.Method.invoke(Method.java:498) ~[?:1.8.0_221]
	at org.spockframework.util.ReflectionUtil.invokeMethod(ReflectionUtil.java:200) ~[spock-core-1.2-groovy-2.4.jar:1.2]
	at org.spockframework.runtime.model.MethodInfo.invoke(MethodInfo.java:113) ~[spock-core-1.2-groovy-2.4.jar:1.2]
	at org.spockframework.runtime.BaseSpecRunner.invokeRaw(BaseSpecRunner.java:484) ~[spock-core-1.2-groovy-2.4.jar:1.2]
	at org.spockframework.runtime.BaseSpecRunner.invoke(BaseSpecRunner.java:467) ~[spock-core-1.2-groovy-2.4.jar:1.2]
	at org.spockframework.runtime.BaseSpecRunner.doRunInitializer(BaseSpecRunner.java:364) ~[spock-core-1.2-groovy-2.4.jar:1.2]
	at org.spockframework.runtime.BaseSpecRunner$7.invoke(BaseSpecRunner.java:348) ~[spock-core-1.2-groovy-2.4.jar:1.2]
	at org.spockframework.runtime.BaseSpecRunner.invokeRaw(BaseSpecRunner.java:484) ~[spock-core-1.2-groovy-2.4.jar:1.2]
	at org.spockframework.runtime.BaseSpecRunner.invoke(BaseSpecRunner.java:467) ~[spock-core-1.2-groovy-2.4.jar:1.2]
	at org.spockframework.runtime.BaseSpecRunner.runInitializer(BaseSpecRunner.java:341) ~[spock-core-1.2-groovy-2.4.jar:1.2]
	at org.spockframework.runtime.BaseSpecRunner.runInitializer(BaseSpecRunner.java:336) ~[spock-core-1.2-groovy-2.4.jar:1.2]
	at org.spockframework.runtime.BaseSpecRunner.initializeAndRunIteration(BaseSpecRunner.java:274) ~[spock-core-1.2-groovy-2.4.jar:1.2]
	at org.spockframework.runtime.ParameterizedSpecRunner.runIterations(ParameterizedSpecRunner.java:139) ~[spock-core-1.2-groovy-2.4.jar:1.2]
	at org.spockframework.runtime.ParameterizedSpecRunner.runParameterizedFeature(ParameterizedSpecRunner.java:41) ~[spock-core-1.2-groovy-2.4.jar:1.2]
	at org.spockframework.runtime.BaseSpecRunner.doRunFeature(BaseSpecRunner.java:259) ~[spock-core-1.2-groovy-2.4.jar:1.2]
	at org.spockframework.runtime.BaseSpecRunner$5.invoke(BaseSpecRunner.java:243) ~[spock-core-1.2-groovy-2.4.jar:1.2]
	at org.spockframework.runtime.BaseSpecRunner.invokeRaw(BaseSpecRunner.java:484) ~[spock-core-1.2-groovy-2.4.jar:1.2]
	at org.spockframework.runtime.BaseSpecRunner.invoke(BaseSpecRunner.java:467) ~[spock-core-1.2-groovy-2.4.jar:1.2]
	at org.spockframework.runtime.BaseSpecRunner.runFeature(BaseSpecRunner.java:235) ~[spock-core-1.2-groovy-2.4.jar:1.2]
	at org.spockframework.runtime.BaseSpecRunner.runFeatures(BaseSpecRunner.java:185) ~[spock-core-1.2-groovy-2.4.jar:1.2]
	at org.spockframework.runtime.BaseSpecRunner.doRunSpec(BaseSpecRunner.java:95) ~[spock-core-1.2-groovy-2.4.jar:1.2]
	at org.spockframework.runtime.BaseSpecRunner$1.invoke(BaseSpecRunner.java:81) ~[spock-core-1.2-groovy-2.4.jar:1.2]
	at org.spockframework.runtime.BaseSpecRunner.invokeRaw(BaseSpecRunner.java:484) ~[spock-core-1.2-groovy-2.4.jar:1.2]
	at org.spockframework.runtime.BaseSpecRunner.invoke(BaseSpecRunner.java:467) ~[spock-core-1.2-groovy-2.4.jar:1.2]
	at org.spockframework.runtime.BaseSpecRunner.runSpec(BaseSpecRunner.java:73) ~[spock-core-1.2-groovy-2.4.jar:1.2]
	at org.spockframework.runtime.BaseSpecRunner.run(BaseSpecRunner.java:64) ~[spock-core-1.2-groovy-2.4.jar:1.2]
	at org.spockframework.runtime.Sputnik.run(Sputnik.java:63) ~[spock-core-1.2-groovy-2.4.jar:1.2]
	at org.junit.runner.JUnitCore.run(JUnitCore.java:137) ~[junit-4.12.jar:4.12]
	at org.junit.runner.JUnitCore.run(JUnitCore.java:115) ~[junit-4.12.jar:4.12]
	at org.junit.vintage.engine.execution.RunnerExecutor.execute(RunnerExecutor.java:40) ~[junit-vintage-engine-5.5.1.jar:5.5.1]
	at java.util.stream.ForEachOps$ForEachOp$OfRef.accept(ForEachOps.java:184) ~[?:1.8.0_221]
	at java.util.stream.ReferencePipeline$3$1.accept(ReferencePipeline.java:193) ~[?:1.8.0_221]
	at java.util.Iterator.forEachRemaining(Iterator.java:116) ~[?:1.8.0_221]
	at java.util.Spliterators$IteratorSpliterator.forEachRemaining(Spliterators.java:1801) ~[?:1.8.0_221]
	at java.util.stream.AbstractPipeline.copyInto(AbstractPipeline.java:482) ~[?:1.8.0_221]
	at java.util.stream.AbstractPipeline.wrapAndCopyInto(AbstractPipeline.java:472) ~[?:1.8.0_221]
	at java.util.stream.ForEachOps$ForEachOp.evaluateSequential(ForEachOps.java:151) ~[?:1.8.0_221]
	at java.util.stream.ForEachOps$ForEachOp$OfRef.evaluateSequential(ForEachOps.java:174) ~[?:1.8.0_221]
	at java.util.stream.AbstractPipeline.evaluate(AbstractPipeline.java:234) ~[?:1.8.0_221]
	at java.util.stream.ReferencePipeline.forEach(ReferencePipeline.java:418) ~[?:1.8.0_221]
	at org.junit.vintage.engine.VintageTestEngine.executeAllChildren(VintageTestEngine.java:80) ~[junit-vintage-engine-5.5.1.jar:5.5.1]
	at org.junit.vintage.engine.VintageTestEngine.execute(VintageTestEngine.java:71) ~[junit-vintage-engine-5.5.1.jar:5.5.1]
	at org.junit.platform.launcher.core.DefaultLauncher.execute(DefaultLauncher.java:220) ~[junit-platform-launcher-1.3.1.jar:1.3.1]
	at org.junit.platform.launcher.core.DefaultLauncher.lambda$execute$6(DefaultLauncher.java:188) ~[junit-platform-launcher-1.3.1.jar:1.3.1]
	at org.junit.platform.launcher.core.DefaultLauncher.withInterceptedStreams(DefaultLauncher.java:202) [junit-platform-launcher-1.3.1.jar:1.3.1]
	at org.junit.platform.launcher.core.DefaultLauncher.execute(DefaultLauncher.java:181) [junit-platform-launcher-1.3.1.jar:1.3.1]
	at org.junit.platform.launcher.core.DefaultLauncher.execute(DefaultLauncher.java:128) [junit-platform-launcher-1.3.1.jar:1.3.1]
	at org.gradle.api.internal.tasks.testing.junitplatform.JUnitPlatformTestClassProcessor$CollectAllTestClassesExecutor.processAllTestClasses(JUnitPlatformTestClassProcessor.java:99) [gradle-testing-junit-platform-6.0.1.jar:6.0.1]
	at org.gradle.api.internal.tasks.testing.junitplatform.JUnitPlatformTestClassProcessor$CollectAllTestClassesExecutor.access$000(JUnitPlatformTestClassProcessor.java:79) [gradle-testing-junit-platform-6.0.1.jar:6.0.1]
	at org.gradle.api.internal.tasks.testing.junitplatform.JUnitPlatformTestClassProcessor.stop(JUnitPlatformTestClassProcessor.java:75) [gradle-testing-junit-platform-6.0.1.jar:6.0.1]
	at org.gradle.api.internal.tasks.testing.SuiteTestClassProcessor.stop(SuiteTestClassProcessor.java:61) [gradle-testing-base-6.0.1.jar:6.0.1]
	at sun.reflect.NativeMethodAccessorImpl.invoke0(Native Method) ~[?:1.8.0_221]
	at sun.reflect.NativeMethodAccessorImpl.invoke(NativeMethodAccessorImpl.java:62) ~[?:1.8.0_221]
	at sun.reflect.DelegatingMethodAccessorImpl.invoke(DelegatingMethodAccessorImpl.java:43) ~[?:1.8.0_221]
	at java.lang.reflect.Method.invoke(Method.java:498) ~[?:1.8.0_221]
	at org.gradle.internal.dispatch.ReflectionDispatch.dispatch(ReflectionDispatch.java:36) [gradle-messaging-6.0.1.jar:6.0.1]
	at org.gradle.internal.dispatch.ReflectionDispatch.dispatch(ReflectionDispatch.java:24) [gradle-messaging-6.0.1.jar:6.0.1]
	at org.gradle.internal.dispatch.ContextClassLoaderDispatch.dispatch(ContextClassLoaderDispatch.java:33) [gradle-messaging-6.0.1.jar:6.0.1]
	at org.gradle.internal.dispatch.ProxyDispatchAdapter$DispatchingInvocationHandler.invoke(ProxyDispatchAdapter.java:94) [gradle-messaging-6.0.1.jar:6.0.1]
	at com.sun.proxy.$Proxy2.stop(Unknown Source) [?:?]
	at org.gradle.api.internal.tasks.testing.worker.TestWorker.stop(TestWorker.java:132) [gradle-testing-base-6.0.1.jar:6.0.1]
	at sun.reflect.NativeMethodAccessorImpl.invoke0(Native Method) ~[?:1.8.0_221]
	at sun.reflect.NativeMethodAccessorImpl.invoke(NativeMethodAccessorImpl.java:62) ~[?:1.8.0_221]
	at sun.reflect.DelegatingMethodAccessorImpl.invoke(DelegatingMethodAccessorImpl.java:43) ~[?:1.8.0_221]
	at java.lang.reflect.Method.invoke(Method.java:498) ~[?:1.8.0_221]
	at org.gradle.internal.dispatch.ReflectionDispatch.dispatch(ReflectionDispatch.java:36) [gradle-messaging-6.0.1.jar:6.0.1]
	at org.gradle.internal.dispatch.ReflectionDispatch.dispatch(ReflectionDispatch.java:24) [gradle-messaging-6.0.1.jar:6.0.1]
	at org.gradle.internal.remote.internal.hub.MessageHubBackedObjectConnection$DispatchWrapper.dispatch(MessageHubBackedObjectConnection.java:182) [gradle-messaging-6.0.1.jar:6.0.1]
	at org.gradle.internal.remote.internal.hub.MessageHubBackedObjectConnection$DispatchWrapper.dispatch(MessageHubBackedObjectConnection.java:164) [gradle-messaging-6.0.1.jar:6.0.1]
	at org.gradle.internal.remote.internal.hub.MessageHub$Handler.run(MessageHub.java:412) [gradle-messaging-6.0.1.jar:6.0.1]
	at org.gradle.internal.concurrent.ExecutorPolicy$CatchAndRecordFailures.onExecute(ExecutorPolicy.java:64) [gradle-base-services-6.0.1.jar:6.0.1]
	at org.gradle.internal.concurrent.ManagedExecutorImpl$1.run(ManagedExecutorImpl.java:48) [gradle-base-services-6.0.1.jar:6.0.1]
	at java.util.concurrent.ThreadPoolExecutor.runWorker(ThreadPoolExecutor.java:1149) [?:1.8.0_221]
	at java.util.concurrent.ThreadPoolExecutor$Worker.run(ThreadPoolExecutor.java:624) [?:1.8.0_221]
	at org.gradle.internal.concurrent.ThreadFactoryImpl$ManagedThreadRunnable.run(ThreadFactoryImpl.java:56) [gradle-base-services-6.0.1.jar:6.0.1]
	at java.lang.Thread.run(Thread.java:748) [?:1.8.0_221]
2020-04-13 01:22:40,683 WARN o.a.j.u.JMeterUtils: Exception 'null' occurred when fetching String property:'jdbcsampler.nullmarker', defaulting to: ]NULL[
2020-04-13 01:22:40,684 WARN o.a.j.u.JMeterUtils: Exception 'null' occurred when fetching int property:'jdbcsampler.max_retain_result_size', defaulting to: 65536
2020-04-13 01:22:41,718 WARN o.a.j.u.JMeterUtils: Exception 'null' occurred when fetching String property:'sampleresult.default.encoding', defaulting to: ISO-8859-1
2020-04-13 01:22:41,719 WARN o.a.j.u.JMeterUtils: Exception 'null' occurred when fetching boolean property:'subresults.disable_renaming', defaulting to: false
2020-04-13 01:22:41,725 WARN o.a.j.u.JMeterUtils: Exception 'null' occurred when fetching boolean property:'sampleresult.timestamp.start', defaulting to: false
2020-04-13 01:22:41,726 WARN o.a.j.u.JMeterUtils: Exception 'null' occurred when fetching boolean property:'sampleresult.useNanoTime', defaulting to: true
2020-04-13 01:22:41,726 WARN o.a.j.u.JMeterUtils: Exception 'null' occurred when fetching int property:'sampleresult.nanoThreadSleep', defaulting to: 5000
2020-04-13 01:22:41,727 INFO o.a.j.s.SampleResult: Note: Sample TimeStamps are END times
2020-04-13 01:22:41,728 INFO o.a.j.s.SampleResult: sampleresult.default.encoding is set to ISO-8859-1
2020-04-13 01:22:41,728 INFO o.a.j.s.SampleResult: sampleresult.useNanoTime=true
2020-04-13 01:22:41,728 INFO o.a.j.s.SampleResult: sampleresult.nanoThreadSleep=5000
2020-04-13 01:22:42,084 WARN o.a.j.p.j.AbstractJDBCTestElement: Error closing ResultSet
java.sql.SQLException: null
	at sun.reflect.NativeConstructorAccessorImpl.newInstance0(Native Method) ~[?:1.8.0_221]
	at sun.reflect.NativeConstructorAccessorImpl.newInstance(NativeConstructorAccessorImpl.java:62) ~[?:1.8.0_221]
	at sun.reflect.DelegatingConstructorAccessorImpl.newInstance(DelegatingConstructorAccessorImpl.java:45) ~[?:1.8.0_221]
	at java.lang.reflect.Constructor.newInstance(Constructor.java:423) ~[?:1.8.0_221]
	at org.codehaus.groovy.reflection.CachedConstructor.invoke(CachedConstructor.java:83) ~[groovy-all-2.4.16.jar:2.4.16]
	at org.codehaus.groovy.runtime.callsite.ConstructorSite$ConstructorSiteNoUnwrapNoCoerce.callConstructor(ConstructorSite.java:105) ~[groovy-all-2.4.16.jar:2.4.16]
	at org.codehaus.groovy.runtime.callsite.CallSiteArray.defaultCallConstructor(CallSiteArray.java:59) ~[groovy-all-2.4.16.jar:2.4.16]
	at org.codehaus.groovy.runtime.callsite.AbstractCallSite.callConstructor(AbstractCallSite.java:238) ~[groovy-all-2.4.16.jar:2.4.16]
	at org.codehaus.groovy.runtime.callsite.AbstractCallSite.callConstructor(AbstractCallSite.java:242) ~[groovy-all-2.4.16.jar:2.4.16]
	at org.apache.jmeter.protocol.jdbc.sampler.JDBCSamplerSpec$__spock_feature_0_1_closure1.doCall(JDBCSamplerSpec.groovy:77) ~[test/:?]
	at sun.reflect.NativeMethodAccessorImpl.invoke0(Native Method) ~[?:1.8.0_221]
	at sun.reflect.NativeMethodAccessorImpl.invoke(NativeMethodAccessorImpl.java:62) ~[?:1.8.0_221]
	at sun.reflect.DelegatingMethodAccessorImpl.invoke(DelegatingMethodAccessorImpl.java:43) ~[?:1.8.0_221]
	at java.lang.reflect.Method.invoke(Method.java:498) ~[?:1.8.0_221]
	at org.codehaus.groovy.reflection.CachedMethod.invoke(CachedMethod.java:98) ~[groovy-all-2.4.16.jar:2.4.16]
	at groovy.lang.MetaMethod.doMethodInvoke(MetaMethod.java:325) ~[groovy-all-2.4.16.jar:2.4.16]
	at org.codehaus.groovy.runtime.metaclass.ClosureMetaClass.invokeMethod(ClosureMetaClass.java:264) ~[groovy-all-2.4.16.jar:2.4.16]
	at groovy.lang.MetaClassImpl.invokeMethod(MetaClassImpl.java:1034) ~[groovy-all-2.4.16.jar:2.4.16]
	at groovy.lang.Closure.call(Closure.java:420) ~[groovy-all-2.4.16.jar:2.4.16]
	at org.spockframework.runtime.GroovyRuntimeUtil.invokeClosure(GroovyRuntimeUtil.java:201) ~[spock-core-1.2-groovy-2.4.jar:1.2]
	at org.spockframework.mock.response.CodeResponseGenerator.invokeClosure(CodeResponseGenerator.java:54) ~[spock-core-1.2-groovy-2.4.jar:1.2]
	at org.spockframework.mock.response.CodeResponseGenerator.doRespond(CodeResponseGenerator.java:37) ~[spock-core-1.2-groovy-2.4.jar:1.2]
	at org.spockframework.mock.response.SingleResponseGenerator.respond(SingleResponseGenerator.java:32) ~[spock-core-1.2-groovy-2.4.jar:1.2]
	at org.spockframework.mock.response.ResponseGeneratorChain.respond(ResponseGeneratorChain.java:44) ~[spock-core-1.2-groovy-2.4.jar:1.2]
	at org.spockframework.mock.runtime.MockInteraction.accept(MockInteraction.java:72) ~[spock-core-1.2-groovy-2.4.jar:1.2]
	at org.spockframework.mock.runtime.MockInteractionDecorator.accept(MockInteractionDecorator.java:50) ~[spock-core-1.2-groovy-2.4.jar:1.2]
	at org.spockframework.mock.runtime.InteractionScope$1.accept(InteractionScope.java:51) ~[spock-core-1.2-groovy-2.4.jar:1.2]
	at org.spockframework.mock.runtime.MockController.handle(MockController.java:40) ~[spock-core-1.2-groovy-2.4.jar:1.2]
	at org.spockframework.mock.runtime.JavaMockInterceptor.intercept(JavaMockInterceptor.java:72) ~[spock-core-1.2-groovy-2.4.jar:1.2]
	at org.spockframework.mock.runtime.DynamicProxyMockInterceptorAdapter.invoke(DynamicProxyMockInterceptorAdapter.java:34) ~[spock-core-1.2-groovy-2.4.jar:1.2]
	at com.sun.proxy.$Proxy41.close(Unknown Source) ~[?:?]
	at org.apache.jmeter.protocol.jdbc.AbstractJDBCTestElement.close(AbstractJDBCTestElement.java:642) ~[main/:?]
	at org.apache.jmeter.protocol.jdbc.AbstractJDBCTestElement.execute(AbstractJDBCTestElement.java:178) ~[main/:?]
	at sun.reflect.NativeMethodAccessorImpl.invoke0(Native Method) ~[?:1.8.0_221]
	at sun.reflect.NativeMethodAccessorImpl.invoke(NativeMethodAccessorImpl.java:62) ~[?:1.8.0_221]
	at sun.reflect.DelegatingMethodAccessorImpl.invoke(DelegatingMethodAccessorImpl.java:43) ~[?:1.8.0_221]
	at java.lang.reflect.Method.invoke(Method.java:498) ~[?:1.8.0_221]
	at org.codehaus.groovy.runtime.callsite.PojoMetaMethodSite$PojoCachedMethodSiteNoUnwrapNoCoerce.invoke(PojoMetaMethodSite.java:233) ~[groovy-all-2.4.16.jar:2.4.16]
	at org.codehaus.groovy.runtime.callsite.PojoMetaMethodSite.call(PojoMetaMethodSite.java:56) ~[groovy-all-2.4.16.jar:2.4.16]
	at org.codehaus.groovy.runtime.callsite.CallSiteArray.defaultCall(CallSiteArray.java:47) ~[groovy-all-2.4.16.jar:2.4.16]
	at org.codehaus.groovy.runtime.callsite.AbstractCallSite.call(AbstractCallSite.java:116) ~[groovy-all-2.4.16.jar:2.4.16]
	at org.codehaus.groovy.runtime.callsite.AbstractCallSite.call(AbstractCallSite.java:136) ~[groovy-all-2.4.16.jar:2.4.16]
	at org.apache.jmeter.protocol.jdbc.sampler.JDBCSamplerSpec.$spock_feature_0_1(JDBCSamplerSpec.groovy:68) ~[test/:?]
	at sun.reflect.NativeMethodAccessorImpl.invoke0(Native Method) ~[?:1.8.0_221]
	at sun.reflect.NativeMethodAccessorImpl.invoke(NativeMethodAccessorImpl.java:62) ~[?:1.8.0_221]
	at sun.reflect.DelegatingMethodAccessorImpl.invoke(DelegatingMethodAccessorImpl.java:43) ~[?:1.8.0_221]
	at java.lang.reflect.Method.invoke(Method.java:498) ~[?:1.8.0_221]
	at org.spockframework.util.ReflectionUtil.invokeMethod(ReflectionUtil.java:200) ~[spock-core-1.2-groovy-2.4.jar:1.2]
	at org.spockframework.runtime.model.MethodInfo.invoke(MethodInfo.java:113) ~[spock-core-1.2-groovy-2.4.jar:1.2]
	at org.spockframework.runtime.BaseSpecRunner.invokeRaw(BaseSpecRunner.java:484) ~[spock-core-1.2-groovy-2.4.jar:1.2]
	at org.spockframework.runtime.BaseSpecRunner.invoke(BaseSpecRunner.java:467) ~[spock-core-1.2-groovy-2.4.jar:1.2]
	at org.spockframework.runtime.BaseSpecRunner.runFeatureMethod(BaseSpecRunner.java:408) ~[spock-core-1.2-groovy-2.4.jar:1.2]
	at org.spockframework.runtime.BaseSpecRunner.doRunIteration(BaseSpecRunner.java:322) ~[spock-core-1.2-groovy-2.4.jar:1.2]
	at org.spockframework.runtime.BaseSpecRunner$6.invoke(BaseSpecRunner.java:306) ~[spock-core-1.2-groovy-2.4.jar:1.2]
	at org.spockframework.runtime.BaseSpecRunner.invokeRaw(BaseSpecRunner.java:484) ~[spock-core-1.2-groovy-2.4.jar:1.2]
	at org.spockframework.runtime.BaseSpecRunner.invoke(BaseSpecRunner.java:467) ~[spock-core-1.2-groovy-2.4.jar:1.2]
	at org.spockframework.runtime.BaseSpecRunner.runIteration(BaseSpecRunner.java:285) ~[spock-core-1.2-groovy-2.4.jar:1.2]
	at org.spockframework.runtime.BaseSpecRunner.initializeAndRunIteration(BaseSpecRunner.java:275) ~[spock-core-1.2-groovy-2.4.jar:1.2]
	at org.spockframework.runtime.BaseSpecRunner.runSimpleFeature(BaseSpecRunner.java:266) ~[spock-core-1.2-groovy-2.4.jar:1.2]
	at org.spockframework.runtime.BaseSpecRunner.doRunFeature(BaseSpecRunner.java:260) ~[spock-core-1.2-groovy-2.4.jar:1.2]
	at org.spockframework.runtime.BaseSpecRunner$5.invoke(BaseSpecRunner.java:243) ~[spock-core-1.2-groovy-2.4.jar:1.2]
	at org.spockframework.runtime.BaseSpecRunner.invokeRaw(BaseSpecRunner.java:484) ~[spock-core-1.2-groovy-2.4.jar:1.2]
	at org.spockframework.runtime.BaseSpecRunner.invoke(BaseSpecRunner.java:467) ~[spock-core-1.2-groovy-2.4.jar:1.2]
	at org.spockframework.runtime.BaseSpecRunner.runFeature(BaseSpecRunner.java:235) ~[spock-core-1.2-groovy-2.4.jar:1.2]
	at org.spockframework.runtime.BaseSpecRunner.runFeatures(BaseSpecRunner.java:185) ~[spock-core-1.2-groovy-2.4.jar:1.2]
	at org.spockframework.runtime.BaseSpecRunner.doRunSpec(BaseSpecRunner.java:95) ~[spock-core-1.2-groovy-2.4.jar:1.2]
	at org.spockframework.runtime.BaseSpecRunner$1.invoke(BaseSpecRunner.java:81) ~[spock-core-1.2-groovy-2.4.jar:1.2]
	at org.spockframework.runtime.BaseSpecRunner.invokeRaw(BaseSpecRunner.java:484) ~[spock-core-1.2-groovy-2.4.jar:1.2]
	at org.spockframework.runtime.BaseSpecRunner.invoke(BaseSpecRunner.java:467) ~[spock-core-1.2-groovy-2.4.jar:1.2]
	at org.spockframework.runtime.BaseSpecRunner.runSpec(BaseSpecRunner.java:73) ~[spock-core-1.2-groovy-2.4.jar:1.2]
	at org.spockframework.runtime.BaseSpecRunner.run(BaseSpecRunner.java:64) ~[spock-core-1.2-groovy-2.4.jar:1.2]
	at org.spockframework.runtime.Sputnik.run(Sputnik.java:63) ~[spock-core-1.2-groovy-2.4.jar:1.2]
	at org.junit.runner.JUnitCore.run(JUnitCore.java:137) ~[junit-4.12.jar:4.12]
	at org.junit.runner.JUnitCore.run(JUnitCore.java:115) ~[junit-4.12.jar:4.12]
	at org.junit.vintage.engine.execution.RunnerExecutor.execute(RunnerExecutor.java:40) ~[junit-vintage-engine-5.5.1.jar:5.5.1]
	at java.util.stream.ForEachOps$ForEachOp$OfRef.accept(ForEachOps.java:184) ~[?:1.8.0_221]
	at java.util.stream.ReferencePipeline$3$1.accept(ReferencePipeline.java:193) ~[?:1.8.0_221]
	at java.util.Iterator.forEachRemaining(Iterator.java:116) ~[?:1.8.0_221]
	at java.util.Spliterators$IteratorSpliterator.forEachRemaining(Spliterators.java:1801) ~[?:1.8.0_221]
	at java.util.stream.AbstractPipeline.copyInto(AbstractPipeline.java:482) ~[?:1.8.0_221]
	at java.util.stream.AbstractPipeline.wrapAndCopyInto(AbstractPipeline.java:472) ~[?:1.8.0_221]
	at java.util.stream.ForEachOps$ForEachOp.evaluateSequential(ForEachOps.java:151) ~[?:1.8.0_221]
	at java.util.stream.ForEachOps$ForEachOp$OfRef.evaluateSequential(ForEachOps.java:174) ~[?:1.8.0_221]
	at java.util.stream.AbstractPipeline.evaluate(AbstractPipeline.java:234) ~[?:1.8.0_221]
	at java.util.stream.ReferencePipeline.forEach(ReferencePipeline.java:418) ~[?:1.8.0_221]
	at org.junit.vintage.engine.VintageTestEngine.executeAllChildren(VintageTestEngine.java:80) ~[junit-vintage-engine-5.5.1.jar:5.5.1]
	at org.junit.vintage.engine.VintageTestEngine.execute(VintageTestEngine.java:71) ~[junit-vintage-engine-5.5.1.jar:5.5.1]
	at org.junit.platform.launcher.core.DefaultLauncher.execute(DefaultLauncher.java:220) ~[junit-platform-launcher-1.3.1.jar:1.3.1]
	at org.junit.platform.launcher.core.DefaultLauncher.lambda$execute$6(DefaultLauncher.java:188) ~[junit-platform-launcher-1.3.1.jar:1.3.1]
	at org.junit.platform.launcher.core.DefaultLauncher.withInterceptedStreams(DefaultLauncher.java:202) [junit-platform-launcher-1.3.1.jar:1.3.1]
	at org.junit.platform.launcher.core.DefaultLauncher.execute(DefaultLauncher.java:181) [junit-platform-launcher-1.3.1.jar:1.3.1]
	at org.junit.platform.launcher.core.DefaultLauncher.execute(DefaultLauncher.java:128) [junit-platform-launcher-1.3.1.jar:1.3.1]
	at org.gradle.api.internal.tasks.testing.junitplatform.JUnitPlatformTestClassProcessor$CollectAllTestClassesExecutor.processAllTestClasses(JUnitPlatformTestClassProcessor.java:99) [gradle-testing-junit-platform-6.0.1.jar:6.0.1]
	at org.gradle.api.internal.tasks.testing.junitplatform.JUnitPlatformTestClassProcessor$CollectAllTestClassesExecutor.access$000(JUnitPlatformTestClassProcessor.java:79) [gradle-testing-junit-platform-6.0.1.jar:6.0.1]
	at org.gradle.api.internal.tasks.testing.junitplatform.JUnitPlatformTestClassProcessor.stop(JUnitPlatformTestClassProcessor.java:75) [gradle-testing-junit-platform-6.0.1.jar:6.0.1]
	at org.gradle.api.internal.tasks.testing.SuiteTestClassProcessor.stop(SuiteTestClassProcessor.java:61) [gradle-testing-base-6.0.1.jar:6.0.1]
	at sun.reflect.NativeMethodAccessorImpl.invoke0(Native Method) ~[?:1.8.0_221]
	at sun.reflect.NativeMethodAccessorImpl.invoke(NativeMethodAccessorImpl.java:62) ~[?:1.8.0_221]
	at sun.reflect.DelegatingMethodAccessorImpl.invoke(DelegatingMethodAccessorImpl.java:43) ~[?:1.8.0_221]
	at java.lang.reflect.Method.invoke(Method.java:498) ~[?:1.8.0_221]
	at org.gradle.internal.dispatch.ReflectionDispatch.dispatch(ReflectionDispatch.java:36) [gradle-messaging-6.0.1.jar:6.0.1]
	at org.gradle.internal.dispatch.ReflectionDispatch.dispatch(ReflectionDispatch.java:24) [gradle-messaging-6.0.1.jar:6.0.1]
	at org.gradle.internal.dispatch.ContextClassLoaderDispatch.dispatch(ContextClassLoaderDispatch.java:33) [gradle-messaging-6.0.1.jar:6.0.1]
	at org.gradle.internal.dispatch.ProxyDispatchAdapter$DispatchingInvocationHandler.invoke(ProxyDispatchAdapter.java:94) [gradle-messaging-6.0.1.jar:6.0.1]
	at com.sun.proxy.$Proxy2.stop(Unknown Source) [?:?]
	at org.gradle.api.internal.tasks.testing.worker.TestWorker.stop(TestWorker.java:132) [gradle-testing-base-6.0.1.jar:6.0.1]
	at sun.reflect.NativeMethodAccessorImpl.invoke0(Native Method) ~[?:1.8.0_221]
	at sun.reflect.NativeMethodAccessorImpl.invoke(NativeMethodAccessorImpl.java:62) ~[?:1.8.0_221]
	at sun.reflect.DelegatingMethodAccessorImpl.invoke(DelegatingMethodAccessorImpl.java:43) ~[?:1.8.0_221]
	at java.lang.reflect.Method.invoke(Method.java:498) ~[?:1.8.0_221]
	at org.gradle.internal.dispatch.ReflectionDispatch.dispatch(ReflectionDispatch.java:36) [gradle-messaging-6.0.1.jar:6.0.1]
	at org.gradle.internal.dispatch.ReflectionDispatch.dispatch(ReflectionDispatch.java:24) [gradle-messaging-6.0.1.jar:6.0.1]
	at org.gradle.internal.remote.internal.hub.MessageHubBackedObjectConnection$DispatchWrapper.dispatch(MessageHubBackedObjectConnection.java:182) [gradle-messaging-6.0.1.jar:6.0.1]
	at org.gradle.internal.remote.internal.hub.MessageHubBackedObjectConnection$DispatchWrapper.dispatch(MessageHubBackedObjectConnection.java:164) [gradle-messaging-6.0.1.jar:6.0.1]
	at org.gradle.internal.remote.internal.hub.MessageHub$Handler.run(MessageHub.java:412) [gradle-messaging-6.0.1.jar:6.0.1]
	at org.gradle.internal.concurrent.ExecutorPolicy$CatchAndRecordFailures.onExecute(ExecutorPolicy.java:64) [gradle-base-services-6.0.1.jar:6.0.1]
	at org.gradle.internal.concurrent.ManagedExecutorImpl$1.run(ManagedExecutorImpl.java:48) [gradle-base-services-6.0.1.jar:6.0.1]
	at java.util.concurrent.ThreadPoolExecutor.runWorker(ThreadPoolExecutor.java:1149) [?:1.8.0_221]
	at java.util.concurrent.ThreadPoolExecutor$Worker.run(ThreadPoolExecutor.java:624) [?:1.8.0_221]
	at org.gradle.internal.concurrent.ThreadFactoryImpl$ManagedThreadRunnable.run(ThreadFactoryImpl.java:56) [gradle-base-services-6.0.1.jar:6.0.1]
	at java.lang.Thread.run(Thread.java:748) [?:1.8.0_221]
2020-04-13 01:22:42,094 WARN o.a.j.p.j.AbstractJDBCTestElement: Error closing Connection
java.sql.SQLException: null
	at sun.reflect.NativeConstructorAccessorImpl.newInstance0(Native Method) ~[?:1.8.0_221]
	at sun.reflect.NativeConstructorAccessorImpl.newInstance(NativeConstructorAccessorImpl.java:62) ~[?:1.8.0_221]
	at sun.reflect.DelegatingConstructorAccessorImpl.newInstance(DelegatingConstructorAccessorImpl.java:45) ~[?:1.8.0_221]
	at java.lang.reflect.Constructor.newInstance(Constructor.java:423) ~[?:1.8.0_221]
	at org.codehaus.groovy.reflection.CachedConstructor.invoke(CachedConstructor.java:83) ~[groovy-all-2.4.16.jar:2.4.16]
	at org.codehaus.groovy.runtime.callsite.ConstructorSite$ConstructorSiteNoUnwrapNoCoerce.callConstructor(ConstructorSite.java:105) ~[groovy-all-2.4.16.jar:2.4.16]
	at org.codehaus.groovy.runtime.callsite.CallSiteArray.defaultCallConstructor(CallSiteArray.java:59) ~[groovy-all-2.4.16.jar:2.4.16]
	at org.codehaus.groovy.runtime.callsite.AbstractCallSite.callConstructor(AbstractCallSite.java:238) ~[groovy-all-2.4.16.jar:2.4.16]
	at org.codehaus.groovy.runtime.callsite.AbstractCallSite.callConstructor(AbstractCallSite.java:242) ~[groovy-all-2.4.16.jar:2.4.16]
	at org.apache.jmeter.protocol.jdbc.sampler.JDBCSamplerSpec$__spock_feature_0_2_closure2.doCall(JDBCSamplerSpec.groovy:90) ~[test/:?]
	at sun.reflect.NativeMethodAccessorImpl.invoke0(Native Method) ~[?:1.8.0_221]
	at sun.reflect.NativeMethodAccessorImpl.invoke(NativeMethodAccessorImpl.java:62) ~[?:1.8.0_221]
	at sun.reflect.DelegatingMethodAccessorImpl.invoke(DelegatingMethodAccessorImpl.java:43) ~[?:1.8.0_221]
	at java.lang.reflect.Method.invoke(Method.java:498) ~[?:1.8.0_221]
	at org.codehaus.groovy.reflection.CachedMethod.invoke(CachedMethod.java:98) ~[groovy-all-2.4.16.jar:2.4.16]
	at groovy.lang.MetaMethod.doMethodInvoke(MetaMethod.java:325) ~[groovy-all-2.4.16.jar:2.4.16]
	at org.codehaus.groovy.runtime.metaclass.ClosureMetaClass.invokeMethod(ClosureMetaClass.java:264) ~[groovy-all-2.4.16.jar:2.4.16]
	at groovy.lang.MetaClassImpl.invokeMethod(MetaClassImpl.java:1034) ~[groovy-all-2.4.16.jar:2.4.16]
	at groovy.lang.Closure.call(Closure.java:420) ~[groovy-all-2.4.16.jar:2.4.16]
	at org.spockframework.runtime.GroovyRuntimeUtil.invokeClosure(GroovyRuntimeUtil.java:201) ~[spock-core-1.2-groovy-2.4.jar:1.2]
	at org.spockframework.mock.response.CodeResponseGenerator.invokeClosure(CodeResponseGenerator.java:54) ~[spock-core-1.2-groovy-2.4.jar:1.2]
	at org.spockframework.mock.response.CodeResponseGenerator.doRespond(CodeResponseGenerator.java:37) ~[spock-core-1.2-groovy-2.4.jar:1.2]
	at org.spockframework.mock.response.SingleResponseGenerator.respond(SingleResponseGenerator.java:32) ~[spock-core-1.2-groovy-2.4.jar:1.2]
	at org.spockframework.mock.response.ResponseGeneratorChain.respond(ResponseGeneratorChain.java:44) ~[spock-core-1.2-groovy-2.4.jar:1.2]
	at org.spockframework.mock.runtime.MockInteraction.accept(MockInteraction.java:72) ~[spock-core-1.2-groovy-2.4.jar:1.2]
	at org.spockframework.mock.runtime.MockInteractionDecorator.accept(MockInteractionDecorator.java:50) ~[spock-core-1.2-groovy-2.4.jar:1.2]
	at org.spockframework.mock.runtime.InteractionScope$1.accept(InteractionScope.java:51) ~[spock-core-1.2-groovy-2.4.jar:1.2]
	at org.spockframework.mock.runtime.MockController.handle(MockController.java:40) ~[spock-core-1.2-groovy-2.4.jar:1.2]
	at org.spockframework.mock.runtime.JavaMockInterceptor.intercept(JavaMockInterceptor.java:72) ~[spock-core-1.2-groovy-2.4.jar:1.2]
	at org.spockframework.mock.runtime.DynamicProxyMockInterceptorAdapter.invoke(DynamicProxyMockInterceptorAdapter.java:34) ~[spock-core-1.2-groovy-2.4.jar:1.2]
	at com.sun.proxy.$Proxy39.close(Unknown Source) ~[?:?]
	at org.apache.jmeter.protocol.jdbc.AbstractJDBCTestElement.close(AbstractJDBCTestElement.java:622) ~[main/:?]
	at org.apache.jmeter.protocol.jdbc.AbstractJDBCTestElement$close$0.call(Unknown Source) ~[?:?]
	at org.codehaus.groovy.runtime.callsite.CallSiteArray.defaultCall(CallSiteArray.java:47) ~[groovy-all-2.4.16.jar:2.4.16]
	at org.codehaus.groovy.runtime.callsite.AbstractCallSite.call(AbstractCallSite.java:116) ~[groovy-all-2.4.16.jar:2.4.16]
	at org.codehaus.groovy.runtime.callsite.AbstractCallSite.call(AbstractCallSite.java:128) ~[groovy-all-2.4.16.jar:2.4.16]
	at org.apache.jmeter.protocol.jdbc.sampler.JDBCSamplerSpec.$spock_feature_0_2(JDBCSamplerSpec.groovy:88) ~[test/:?]
	at sun.reflect.NativeMethodAccessorImpl.invoke0(Native Method) ~[?:1.8.0_221]
	at sun.reflect.NativeMethodAccessorImpl.invoke(NativeMethodAccessorImpl.java:62) ~[?:1.8.0_221]
	at sun.reflect.DelegatingMethodAccessorImpl.invoke(DelegatingMethodAccessorImpl.java:43) ~[?:1.8.0_221]
	at java.lang.reflect.Method.invoke(Method.java:498) ~[?:1.8.0_221]
	at org.spockframework.util.ReflectionUtil.invokeMethod(ReflectionUtil.java:200) ~[spock-core-1.2-groovy-2.4.jar:1.2]
	at org.spockframework.runtime.model.MethodInfo.invoke(MethodInfo.java:113) ~[spock-core-1.2-groovy-2.4.jar:1.2]
	at org.spockframework.runtime.BaseSpecRunner.invokeRaw(BaseSpecRunner.java:484) ~[spock-core-1.2-groovy-2.4.jar:1.2]
	at org.spockframework.runtime.BaseSpecRunner.invoke(BaseSpecRunner.java:467) ~[spock-core-1.2-groovy-2.4.jar:1.2]
	at org.spockframework.runtime.BaseSpecRunner.runFeatureMethod(BaseSpecRunner.java:408) ~[spock-core-1.2-groovy-2.4.jar:1.2]
	at org.spockframework.runtime.BaseSpecRunner.doRunIteration(BaseSpecRunner.java:322) ~[spock-core-1.2-groovy-2.4.jar:1.2]
	at org.spockframework.runtime.BaseSpecRunner$6.invoke(BaseSpecRunner.java:306) ~[spock-core-1.2-groovy-2.4.jar:1.2]
	at org.spockframework.runtime.BaseSpecRunner.invokeRaw(BaseSpecRunner.java:484) ~[spock-core-1.2-groovy-2.4.jar:1.2]
	at org.spockframework.runtime.BaseSpecRunner.invoke(BaseSpecRunner.java:467) ~[spock-core-1.2-groovy-2.4.jar:1.2]
	at org.spockframework.runtime.BaseSpecRunner.runIteration(BaseSpecRunner.java:285) ~[spock-core-1.2-groovy-2.4.jar:1.2]
	at org.spockframework.runtime.BaseSpecRunner.initializeAndRunIteration(BaseSpecRunner.java:275) ~[spock-core-1.2-groovy-2.4.jar:1.2]
	at org.spockframework.runtime.BaseSpecRunner.runSimpleFeature(BaseSpecRunner.java:266) ~[spock-core-1.2-groovy-2.4.jar:1.2]
	at org.spockframework.runtime.BaseSpecRunner.doRunFeature(BaseSpecRunner.java:260) ~[spock-core-1.2-groovy-2.4.jar:1.2]
	at org.spockframework.runtime.BaseSpecRunner$5.invoke(BaseSpecRunner.java:243) ~[spock-core-1.2-groovy-2.4.jar:1.2]
	at org.spockframework.runtime.BaseSpecRunner.invokeRaw(BaseSpecRunner.java:484) ~[spock-core-1.2-groovy-2.4.jar:1.2]
	at org.spockframework.runtime.BaseSpecRunner.invoke(BaseSpecRunner.java:467) ~[spock-core-1.2-groovy-2.4.jar:1.2]
	at org.spockframework.runtime.BaseSpecRunner.runFeature(BaseSpecRunner.java:235) ~[spock-core-1.2-groovy-2.4.jar:1.2]
	at org.spockframework.runtime.BaseSpecRunner.runFeatures(BaseSpecRunner.java:185) ~[spock-core-1.2-groovy-2.4.jar:1.2]
	at org.spockframework.runtime.BaseSpecRunner.doRunSpec(BaseSpecRunner.java:95) ~[spock-core-1.2-groovy-2.4.jar:1.2]
	at org.spockframework.runtime.BaseSpecRunner$1.invoke(BaseSpecRunner.java:81) ~[spock-core-1.2-groovy-2.4.jar:1.2]
	at org.spockframework.runtime.BaseSpecRunner.invokeRaw(BaseSpecRunner.java:484) ~[spock-core-1.2-groovy-2.4.jar:1.2]
	at org.spockframework.runtime.BaseSpecRunner.invoke(BaseSpecRunner.java:467) ~[spock-core-1.2-groovy-2.4.jar:1.2]
	at org.spockframework.runtime.BaseSpecRunner.runSpec(BaseSpecRunner.java:73) ~[spock-core-1.2-groovy-2.4.jar:1.2]
	at org.spockframework.runtime.BaseSpecRunner.run(BaseSpecRunner.java:64) ~[spock-core-1.2-groovy-2.4.jar:1.2]
	at org.spockframework.runtime.Sputnik.run(Sputnik.java:63) ~[spock-core-1.2-groovy-2.4.jar:1.2]
	at org.junit.runner.JUnitCore.run(JUnitCore.java:137) ~[junit-4.12.jar:4.12]
	at org.junit.runner.JUnitCore.run(JUnitCore.java:115) ~[junit-4.12.jar:4.12]
	at org.junit.vintage.engine.execution.RunnerExecutor.execute(RunnerExecutor.java:40) ~[junit-vintage-engine-5.5.1.jar:5.5.1]
	at java.util.stream.ForEachOps$ForEachOp$OfRef.accept(ForEachOps.java:184) ~[?:1.8.0_221]
	at java.util.stream.ReferencePipeline$3$1.accept(ReferencePipeline.java:193) ~[?:1.8.0_221]
	at java.util.Iterator.forEachRemaining(Iterator.java:116) ~[?:1.8.0_221]
	at java.util.Spliterators$IteratorSpliterator.forEachRemaining(Spliterators.java:1801) ~[?:1.8.0_221]
	at java.util.stream.AbstractPipeline.copyInto(AbstractPipeline.java:482) ~[?:1.8.0_221]
	at java.util.stream.AbstractPipeline.wrapAndCopyInto(AbstractPipeline.java:472) ~[?:1.8.0_221]
	at java.util.stream.ForEachOps$ForEachOp.evaluateSequential(ForEachOps.java:151) ~[?:1.8.0_221]
	at java.util.stream.ForEachOps$ForEachOp$OfRef.evaluateSequential(ForEachOps.java:174) ~[?:1.8.0_221]
	at java.util.stream.AbstractPipeline.evaluate(AbstractPipeline.java:234) ~[?:1.8.0_221]
	at java.util.stream.ReferencePipeline.forEach(ReferencePipeline.java:418) ~[?:1.8.0_221]
	at org.junit.vintage.engine.VintageTestEngine.executeAllChildren(VintageTestEngine.java:80) ~[junit-vintage-engine-5.5.1.jar:5.5.1]
	at org.junit.vintage.engine.VintageTestEngine.execute(VintageTestEngine.java:71) ~[junit-vintage-engine-5.5.1.jar:5.5.1]
	at org.junit.platform.launcher.core.DefaultLauncher.execute(DefaultLauncher.java:220) ~[junit-platform-launcher-1.3.1.jar:1.3.1]
	at org.junit.platform.launcher.core.DefaultLauncher.lambda$execute$6(DefaultLauncher.java:188) ~[junit-platform-launcher-1.3.1.jar:1.3.1]
	at org.junit.platform.launcher.core.DefaultLauncher.withInterceptedStreams(DefaultLauncher.java:202) [junit-platform-launcher-1.3.1.jar:1.3.1]
	at org.junit.platform.launcher.core.DefaultLauncher.execute(DefaultLauncher.java:181) [junit-platform-launcher-1.3.1.jar:1.3.1]
	at org.junit.platform.launcher.core.DefaultLauncher.execute(DefaultLauncher.java:128) [junit-platform-launcher-1.3.1.jar:1.3.1]
	at org.gradle.api.internal.tasks.testing.junitplatform.JUnitPlatformTestClassProcessor$CollectAllTestClassesExecutor.processAllTestClasses(JUnitPlatformTestClassProcessor.java:99) [gradle-testing-junit-platform-6.0.1.jar:6.0.1]
	at org.gradle.api.internal.tasks.testing.junitplatform.JUnitPlatformTestClassProcessor$CollectAllTestClassesExecutor.access$000(JUnitPlatformTestClassProcessor.java:79) [gradle-testing-junit-platform-6.0.1.jar:6.0.1]
	at org.gradle.api.internal.tasks.testing.junitplatform.JUnitPlatformTestClassProcessor.stop(JUnitPlatformTestClassProcessor.java:75) [gradle-testing-junit-platform-6.0.1.jar:6.0.1]
	at org.gradle.api.internal.tasks.testing.SuiteTestClassProcessor.stop(SuiteTestClassProcessor.java:61) [gradle-testing-base-6.0.1.jar:6.0.1]
	at sun.reflect.NativeMethodAccessorImpl.invoke0(Native Method) ~[?:1.8.0_221]
	at sun.reflect.NativeMethodAccessorImpl.invoke(NativeMethodAccessorImpl.java:62) ~[?:1.8.0_221]
	at sun.reflect.DelegatingMethodAccessorImpl.invoke(DelegatingMethodAccessorImpl.java:43) ~[?:1.8.0_221]
	at java.lang.reflect.Method.invoke(Method.java:498) ~[?:1.8.0_221]
	at org.gradle.internal.dispatch.ReflectionDispatch.dispatch(ReflectionDispatch.java:36) [gradle-messaging-6.0.1.jar:6.0.1]
	at org.gradle.internal.dispatch.ReflectionDispatch.dispatch(ReflectionDispatch.java:24) [gradle-messaging-6.0.1.jar:6.0.1]
	at org.gradle.internal.dispatch.ContextClassLoaderDispatch.dispatch(ContextClassLoaderDispatch.java:33) [gradle-messaging-6.0.1.jar:6.0.1]
	at org.gradle.internal.dispatch.ProxyDispatchAdapter$DispatchingInvocationHandler.invoke(ProxyDispatchAdapter.java:94) [gradle-messaging-6.0.1.jar:6.0.1]
	at com.sun.proxy.$Proxy2.stop(Unknown Source) [?:?]
	at org.gradle.api.internal.tasks.testing.worker.TestWorker.stop(TestWorker.java:132) [gradle-testing-base-6.0.1.jar:6.0.1]
	at sun.reflect.NativeMethodAccessorImpl.invoke0(Native Method) ~[?:1.8.0_221]
	at sun.reflect.NativeMethodAccessorImpl.invoke(NativeMethodAccessorImpl.java:62) ~[?:1.8.0_221]
	at sun.reflect.DelegatingMethodAccessorImpl.invoke(DelegatingMethodAccessorImpl.java:43) ~[?:1.8.0_221]
	at java.lang.reflect.Method.invoke(Method.java:498) ~[?:1.8.0_221]
	at org.gradle.internal.dispatch.ReflectionDispatch.dispatch(ReflectionDispatch.java:36) [gradle-messaging-6.0.1.jar:6.0.1]
	at org.gradle.internal.dispatch.ReflectionDispatch.dispatch(ReflectionDispatch.java:24) [gradle-messaging-6.0.1.jar:6.0.1]
	at org.gradle.internal.remote.internal.hub.MessageHubBackedObjectConnection$DispatchWrapper.dispatch(MessageHubBackedObjectConnection.java:182) [gradle-messaging-6.0.1.jar:6.0.1]
	at org.gradle.internal.remote.internal.hub.MessageHubBackedObjectConnection$DispatchWrapper.dispatch(MessageHubBackedObjectConnection.java:164) [gradle-messaging-6.0.1.jar:6.0.1]
	at org.gradle.internal.remote.internal.hub.MessageHub$Handler.run(MessageHub.java:412) [gradle-messaging-6.0.1.jar:6.0.1]
	at org.gradle.internal.concurrent.ExecutorPolicy$CatchAndRecordFailures.onExecute(ExecutorPolicy.java:64) [gradle-base-services-6.0.1.jar:6.0.1]
	at org.gradle.internal.concurrent.ManagedExecutorImpl$1.run(ManagedExecutorImpl.java:48) [gradle-base-services-6.0.1.jar:6.0.1]
	at java.util.concurrent.ThreadPoolExecutor.runWorker(ThreadPoolExecutor.java:1149) [?:1.8.0_221]
	at java.util.concurrent.ThreadPoolExecutor$Worker.run(ThreadPoolExecutor.java:624) [?:1.8.0_221]
	at org.gradle.internal.concurrent.ThreadFactoryImpl$ManagedThreadRunnable.run(ThreadFactoryImpl.java:56) [gradle-base-services-6.0.1.jar:6.0.1]
	at java.lang.Thread.run(Thread.java:748) [?:1.8.0_221]
2020-04-13 01:22:42,126 WARN o.a.j.p.j.AbstractJDBCTestElement: Error closing Statement Mock for type 'Statement' named 'mockStatement'
java.sql.SQLException: null
	at sun.reflect.NativeConstructorAccessorImpl.newInstance0(Native Method) ~[?:1.8.0_221]
	at sun.reflect.NativeConstructorAccessorImpl.newInstance(NativeConstructorAccessorImpl.java:62) ~[?:1.8.0_221]
	at sun.reflect.DelegatingConstructorAccessorImpl.newInstance(DelegatingConstructorAccessorImpl.java:45) ~[?:1.8.0_221]
	at java.lang.reflect.Constructor.newInstance(Constructor.java:423) ~[?:1.8.0_221]
	at org.codehaus.groovy.reflection.CachedConstructor.invoke(CachedConstructor.java:83) ~[groovy-all-2.4.16.jar:2.4.16]
	at org.codehaus.groovy.runtime.callsite.ConstructorSite$ConstructorSiteNoUnwrapNoCoerce.callConstructor(ConstructorSite.java:105) ~[groovy-all-2.4.16.jar:2.4.16]
	at org.codehaus.groovy.runtime.callsite.CallSiteArray.defaultCallConstructor(CallSiteArray.java:59) ~[groovy-all-2.4.16.jar:2.4.16]
	at org.codehaus.groovy.runtime.callsite.AbstractCallSite.callConstructor(AbstractCallSite.java:238) ~[groovy-all-2.4.16.jar:2.4.16]
	at org.codehaus.groovy.runtime.callsite.AbstractCallSite.callConstructor(AbstractCallSite.java:242) ~[groovy-all-2.4.16.jar:2.4.16]
	at org.apache.jmeter.protocol.jdbc.sampler.JDBCSamplerSpec$__spock_feature_0_3_closure3.doCall(JDBCSamplerSpec.groovy:100) ~[test/:?]
	at sun.reflect.NativeMethodAccessorImpl.invoke0(Native Method) ~[?:1.8.0_221]
	at sun.reflect.NativeMethodAccessorImpl.invoke(NativeMethodAccessorImpl.java:62) ~[?:1.8.0_221]
	at sun.reflect.DelegatingMethodAccessorImpl.invoke(DelegatingMethodAccessorImpl.java:43) ~[?:1.8.0_221]
	at java.lang.reflect.Method.invoke(Method.java:498) ~[?:1.8.0_221]
	at org.codehaus.groovy.reflection.CachedMethod.invoke(CachedMethod.java:98) ~[groovy-all-2.4.16.jar:2.4.16]
	at groovy.lang.MetaMethod.doMethodInvoke(MetaMethod.java:325) ~[groovy-all-2.4.16.jar:2.4.16]
	at org.codehaus.groovy.runtime.metaclass.ClosureMetaClass.invokeMethod(ClosureMetaClass.java:264) ~[groovy-all-2.4.16.jar:2.4.16]
	at groovy.lang.MetaClassImpl.invokeMethod(MetaClassImpl.java:1034) ~[groovy-all-2.4.16.jar:2.4.16]
	at groovy.lang.Closure.call(Closure.java:420) ~[groovy-all-2.4.16.jar:2.4.16]
	at org.spockframework.runtime.GroovyRuntimeUtil.invokeClosure(GroovyRuntimeUtil.java:201) ~[spock-core-1.2-groovy-2.4.jar:1.2]
	at org.spockframework.mock.response.CodeResponseGenerator.invokeClosure(CodeResponseGenerator.java:54) ~[spock-core-1.2-groovy-2.4.jar:1.2]
	at org.spockframework.mock.response.CodeResponseGenerator.doRespond(CodeResponseGenerator.java:37) ~[spock-core-1.2-groovy-2.4.jar:1.2]
	at org.spockframework.mock.response.SingleResponseGenerator.respond(SingleResponseGenerator.java:32) ~[spock-core-1.2-groovy-2.4.jar:1.2]
	at org.spockframework.mock.response.ResponseGeneratorChain.respond(ResponseGeneratorChain.java:44) ~[spock-core-1.2-groovy-2.4.jar:1.2]
	at org.spockframework.mock.runtime.MockInteraction.accept(MockInteraction.java:72) ~[spock-core-1.2-groovy-2.4.jar:1.2]
	at org.spockframework.mock.runtime.MockInteractionDecorator.accept(MockInteractionDecorator.java:50) ~[spock-core-1.2-groovy-2.4.jar:1.2]
	at org.spockframework.mock.runtime.InteractionScope$1.accept(InteractionScope.java:51) ~[spock-core-1.2-groovy-2.4.jar:1.2]
	at org.spockframework.mock.runtime.MockController.handle(MockController.java:40) ~[spock-core-1.2-groovy-2.4.jar:1.2]
	at org.spockframework.mock.runtime.JavaMockInterceptor.intercept(JavaMockInterceptor.java:72) ~[spock-core-1.2-groovy-2.4.jar:1.2]
	at org.spockframework.mock.runtime.DynamicProxyMockInterceptorAdapter.invoke(DynamicProxyMockInterceptorAdapter.java:34) ~[spock-core-1.2-groovy-2.4.jar:1.2]
	at com.sun.proxy.$Proxy40.close(Unknown Source) ~[?:?]
	at org.apache.jmeter.protocol.jdbc.AbstractJDBCTestElement.close(AbstractJDBCTestElement.java:632) ~[main/:?]
	at org.apache.jmeter.protocol.jdbc.AbstractJDBCTestElement$close$1.call(Unknown Source) ~[?:?]
	at org.codehaus.groovy.runtime.callsite.CallSiteArray.defaultCall(CallSiteArray.java:47) ~[groovy-all-2.4.16.jar:2.4.16]
	at org.codehaus.groovy.runtime.callsite.AbstractCallSite.call(AbstractCallSite.java:116) ~[groovy-all-2.4.16.jar:2.4.16]
	at org.codehaus.groovy.runtime.callsite.AbstractCallSite.call(AbstractCallSite.java:128) ~[groovy-all-2.4.16.jar:2.4.16]
	at org.apache.jmeter.protocol.jdbc.sampler.JDBCSamplerSpec.$spock_feature_0_3(JDBCSamplerSpec.groovy:98) ~[test/:?]
	at sun.reflect.NativeMethodAccessorImpl.invoke0(Native Method) ~[?:1.8.0_221]
	at sun.reflect.NativeMethodAccessorImpl.invoke(NativeMethodAccessorImpl.java:62) ~[?:1.8.0_221]
	at sun.reflect.DelegatingMethodAccessorImpl.invoke(DelegatingMethodAccessorImpl.java:43) ~[?:1.8.0_221]
	at java.lang.reflect.Method.invoke(Method.java:498) ~[?:1.8.0_221]
	at org.spockframework.util.ReflectionUtil.invokeMethod(ReflectionUtil.java:200) ~[spock-core-1.2-groovy-2.4.jar:1.2]
	at org.spockframework.runtime.model.MethodInfo.invoke(MethodInfo.java:113) ~[spock-core-1.2-groovy-2.4.jar:1.2]
	at org.spockframework.runtime.BaseSpecRunner.invokeRaw(BaseSpecRunner.java:484) ~[spock-core-1.2-groovy-2.4.jar:1.2]
	at org.spockframework.runtime.BaseSpecRunner.invoke(BaseSpecRunner.java:467) ~[spock-core-1.2-groovy-2.4.jar:1.2]
	at org.spockframework.runtime.BaseSpecRunner.runFeatureMethod(BaseSpecRunner.java:408) ~[spock-core-1.2-groovy-2.4.jar:1.2]
	at org.spockframework.runtime.BaseSpecRunner.doRunIteration(BaseSpecRunner.java:322) ~[spock-core-1.2-groovy-2.4.jar:1.2]
	at org.spockframework.runtime.BaseSpecRunner$6.invoke(BaseSpecRunner.java:306) ~[spock-core-1.2-groovy-2.4.jar:1.2]
	at org.spockframework.runtime.BaseSpecRunner.invokeRaw(BaseSpecRunner.java:484) ~[spock-core-1.2-groovy-2.4.jar:1.2]
	at org.spockframework.runtime.BaseSpecRunner.invoke(BaseSpecRunner.java:467) ~[spock-core-1.2-groovy-2.4.jar:1.2]
	at org.spockframework.runtime.BaseSpecRunner.runIteration(BaseSpecRunner.java:285) ~[spock-core-1.2-groovy-2.4.jar:1.2]
	at org.spockframework.runtime.BaseSpecRunner.initializeAndRunIteration(BaseSpecRunner.java:275) ~[spock-core-1.2-groovy-2.4.jar:1.2]
	at org.spockframework.runtime.BaseSpecRunner.runSimpleFeature(BaseSpecRunner.java:266) ~[spock-core-1.2-groovy-2.4.jar:1.2]
	at org.spockframework.runtime.BaseSpecRunner.doRunFeature(BaseSpecRunner.java:260) ~[spock-core-1.2-groovy-2.4.jar:1.2]
	at org.spockframework.runtime.BaseSpecRunner$5.invoke(BaseSpecRunner.java:243) ~[spock-core-1.2-groovy-2.4.jar:1.2]
	at org.spockframework.runtime.BaseSpecRunner.invokeRaw(BaseSpecRunner.java:484) ~[spock-core-1.2-groovy-2.4.jar:1.2]
	at org.spockframework.runtime.BaseSpecRunner.invoke(BaseSpecRunner.java:467) ~[spock-core-1.2-groovy-2.4.jar:1.2]
	at org.spockframework.runtime.BaseSpecRunner.runFeature(BaseSpecRunner.java:235) ~[spock-core-1.2-groovy-2.4.jar:1.2]
	at org.spockframework.runtime.BaseSpecRunner.runFeatures(BaseSpecRunner.java:185) ~[spock-core-1.2-groovy-2.4.jar:1.2]
	at org.spockframework.runtime.BaseSpecRunner.doRunSpec(BaseSpecRunner.java:95) ~[spock-core-1.2-groovy-2.4.jar:1.2]
	at org.spockframework.runtime.BaseSpecRunner$1.invoke(BaseSpecRunner.java:81) ~[spock-core-1.2-groovy-2.4.jar:1.2]
	at org.spockframework.runtime.BaseSpecRunner.invokeRaw(BaseSpecRunner.java:484) ~[spock-core-1.2-groovy-2.4.jar:1.2]
	at org.spockframework.runtime.BaseSpecRunner.invoke(BaseSpecRunner.java:467) ~[spock-core-1.2-groovy-2.4.jar:1.2]
	at org.spockframework.runtime.BaseSpecRunner.runSpec(BaseSpecRunner.java:73) ~[spock-core-1.2-groovy-2.4.jar:1.2]
	at org.spockframework.runtime.BaseSpecRunner.run(BaseSpecRunner.java:64) ~[spock-core-1.2-groovy-2.4.jar:1.2]
	at org.spockframework.runtime.Sputnik.run(Sputnik.java:63) ~[spock-core-1.2-groovy-2.4.jar:1.2]
	at org.junit.runner.JUnitCore.run(JUnitCore.java:137) ~[junit-4.12.jar:4.12]
	at org.junit.runner.JUnitCore.run(JUnitCore.java:115) ~[junit-4.12.jar:4.12]
	at org.junit.vintage.engine.execution.RunnerExecutor.execute(RunnerExecutor.java:40) ~[junit-vintage-engine-5.5.1.jar:5.5.1]
	at java.util.stream.ForEachOps$ForEachOp$OfRef.accept(ForEachOps.java:184) ~[?:1.8.0_221]
	at java.util.stream.ReferencePipeline$3$1.accept(ReferencePipeline.java:193) ~[?:1.8.0_221]
	at java.util.Iterator.forEachRemaining(Iterator.java:116) ~[?:1.8.0_221]
	at java.util.Spliterators$IteratorSpliterator.forEachRemaining(Spliterators.java:1801) ~[?:1.8.0_221]
	at java.util.stream.AbstractPipeline.copyInto(AbstractPipeline.java:482) ~[?:1.8.0_221]
	at java.util.stream.AbstractPipeline.wrapAndCopyInto(AbstractPipeline.java:472) ~[?:1.8.0_221]
	at java.util.stream.ForEachOps$ForEachOp.evaluateSequential(ForEachOps.java:151) ~[?:1.8.0_221]
	at java.util.stream.ForEachOps$ForEachOp$OfRef.evaluateSequential(ForEachOps.java:174) ~[?:1.8.0_221]
	at java.util.stream.AbstractPipeline.evaluate(AbstractPipeline.java:234) ~[?:1.8.0_221]
	at java.util.stream.ReferencePipeline.forEach(ReferencePipeline.java:418) ~[?:1.8.0_221]
	at org.junit.vintage.engine.VintageTestEngine.executeAllChildren(VintageTestEngine.java:80) ~[junit-vintage-engine-5.5.1.jar:5.5.1]
	at org.junit.vintage.engine.VintageTestEngine.execute(VintageTestEngine.java:71) ~[junit-vintage-engine-5.5.1.jar:5.5.1]
	at org.junit.platform.launcher.core.DefaultLauncher.execute(DefaultLauncher.java:220) ~[junit-platform-launcher-1.3.1.jar:1.3.1]
	at org.junit.platform.launcher.core.DefaultLauncher.lambda$execute$6(DefaultLauncher.java:188) ~[junit-platform-launcher-1.3.1.jar:1.3.1]
	at org.junit.platform.launcher.core.DefaultLauncher.withInterceptedStreams(DefaultLauncher.java:202) [junit-platform-launcher-1.3.1.jar:1.3.1]
	at org.junit.platform.launcher.core.DefaultLauncher.execute(DefaultLauncher.java:181) [junit-platform-launcher-1.3.1.jar:1.3.1]
	at org.junit.platform.launcher.core.DefaultLauncher.execute(DefaultLauncher.java:128) [junit-platform-launcher-1.3.1.jar:1.3.1]
	at org.gradle.api.internal.tasks.testing.junitplatform.JUnitPlatformTestClassProcessor$CollectAllTestClassesExecutor.processAllTestClasses(JUnitPlatformTestClassProcessor.java:99) [gradle-testing-junit-platform-6.0.1.jar:6.0.1]
	at org.gradle.api.internal.tasks.testing.junitplatform.JUnitPlatformTestClassProcessor$CollectAllTestClassesExecutor.access$000(JUnitPlatformTestClassProcessor.java:79) [gradle-testing-junit-platform-6.0.1.jar:6.0.1]
	at org.gradle.api.internal.tasks.testing.junitplatform.JUnitPlatformTestClassProcessor.stop(JUnitPlatformTestClassProcessor.java:75) [gradle-testing-junit-platform-6.0.1.jar:6.0.1]
	at org.gradle.api.internal.tasks.testing.SuiteTestClassProcessor.stop(SuiteTestClassProcessor.java:61) [gradle-testing-base-6.0.1.jar:6.0.1]
	at sun.reflect.NativeMethodAccessorImpl.invoke0(Native Method) ~[?:1.8.0_221]
	at sun.reflect.NativeMethodAccessorImpl.invoke(NativeMethodAccessorImpl.java:62) ~[?:1.8.0_221]
	at sun.reflect.DelegatingMethodAccessorImpl.invoke(DelegatingMethodAccessorImpl.java:43) ~[?:1.8.0_221]
	at java.lang.reflect.Method.invoke(Method.java:498) ~[?:1.8.0_221]
	at org.gradle.internal.dispatch.ReflectionDispatch.dispatch(ReflectionDispatch.java:36) [gradle-messaging-6.0.1.jar:6.0.1]
	at org.gradle.internal.dispatch.ReflectionDispatch.dispatch(ReflectionDispatch.java:24) [gradle-messaging-6.0.1.jar:6.0.1]
	at org.gradle.internal.dispatch.ContextClassLoaderDispatch.dispatch(ContextClassLoaderDispatch.java:33) [gradle-messaging-6.0.1.jar:6.0.1]
	at org.gradle.internal.dispatch.ProxyDispatchAdapter$DispatchingInvocationHandler.invoke(ProxyDispatchAdapter.java:94) [gradle-messaging-6.0.1.jar:6.0.1]
	at com.sun.proxy.$Proxy2.stop(Unknown Source) [?:?]
	at org.gradle.api.internal.tasks.testing.worker.TestWorker.stop(TestWorker.java:132) [gradle-testing-base-6.0.1.jar:6.0.1]
	at sun.reflect.NativeMethodAccessorImpl.invoke0(Native Method) ~[?:1.8.0_221]
	at sun.reflect.NativeMethodAccessorImpl.invoke(NativeMethodAccessorImpl.java:62) ~[?:1.8.0_221]
	at sun.reflect.DelegatingMethodAccessorImpl.invoke(DelegatingMethodAccessorImpl.java:43) ~[?:1.8.0_221]
	at java.lang.reflect.Method.invoke(Method.java:498) ~[?:1.8.0_221]
	at org.gradle.internal.dispatch.ReflectionDispatch.dispatch(ReflectionDispatch.java:36) [gradle-messaging-6.0.1.jar:6.0.1]
	at org.gradle.internal.dispatch.ReflectionDispatch.dispatch(ReflectionDispatch.java:24) [gradle-messaging-6.0.1.jar:6.0.1]
	at org.gradle.internal.remote.internal.hub.MessageHubBackedObjectConnection$DispatchWrapper.dispatch(MessageHubBackedObjectConnection.java:182) [gradle-messaging-6.0.1.jar:6.0.1]
	at org.gradle.internal.remote.internal.hub.MessageHubBackedObjectConnection$DispatchWrapper.dispatch(MessageHubBackedObjectConnection.java:164) [gradle-messaging-6.0.1.jar:6.0.1]
	at org.gradle.internal.remote.internal.hub.MessageHub$Handler.run(MessageHub.java:412) [gradle-messaging-6.0.1.jar:6.0.1]
	at org.gradle.internal.concurrent.ExecutorPolicy$CatchAndRecordFailures.onExecute(ExecutorPolicy.java:64) [gradle-base-services-6.0.1.jar:6.0.1]
	at org.gradle.internal.concurrent.ManagedExecutorImpl$1.run(ManagedExecutorImpl.java:48) [gradle-base-services-6.0.1.jar:6.0.1]
	at java.util.concurrent.ThreadPoolExecutor.runWorker(ThreadPoolExecutor.java:1149) [?:1.8.0_221]
	at java.util.concurrent.ThreadPoolExecutor$Worker.run(ThreadPoolExecutor.java:624) [?:1.8.0_221]
	at org.gradle.internal.concurrent.ThreadFactoryImpl$ManagedThreadRunnable.run(ThreadFactoryImpl.java:56) [gradle-base-services-6.0.1.jar:6.0.1]
	at java.lang.Thread.run(Thread.java:748) [?:1.8.0_221]
2020-04-13 01:22:42,137 WARN o.a.j.p.j.AbstractJDBCTestElement: Error closing ResultSet
java.sql.SQLException: null
	at sun.reflect.NativeConstructorAccessorImpl.newInstance0(Native Method) ~[?:1.8.0_221]
	at sun.reflect.NativeConstructorAccessorImpl.newInstance(NativeConstructorAccessorImpl.java:62) ~[?:1.8.0_221]
	at sun.reflect.DelegatingConstructorAccessorImpl.newInstance(DelegatingConstructorAccessorImpl.java:45) ~[?:1.8.0_221]
	at java.lang.reflect.Constructor.newInstance(Constructor.java:423) ~[?:1.8.0_221]
	at org.codehaus.groovy.reflection.CachedConstructor.invoke(CachedConstructor.java:83) ~[groovy-all-2.4.16.jar:2.4.16]
	at org.codehaus.groovy.runtime.callsite.ConstructorSite$ConstructorSiteNoUnwrapNoCoerce.callConstructor(ConstructorSite.java:105) ~[groovy-all-2.4.16.jar:2.4.16]
	at org.codehaus.groovy.runtime.callsite.CallSiteArray.defaultCallConstructor(CallSiteArray.java:59) ~[groovy-all-2.4.16.jar:2.4.16]
	at org.codehaus.groovy.runtime.callsite.AbstractCallSite.callConstructor(AbstractCallSite.java:238) ~[groovy-all-2.4.16.jar:2.4.16]
	at org.codehaus.groovy.runtime.callsite.AbstractCallSite.callConstructor(AbstractCallSite.java:242) ~[groovy-all-2.4.16.jar:2.4.16]
	at org.apache.jmeter.protocol.jdbc.sampler.JDBCSamplerSpec$__spock_feature_0_4_closure4.doCall(JDBCSamplerSpec.groovy:110) ~[test/:?]
	at sun.reflect.NativeMethodAccessorImpl.invoke0(Native Method) ~[?:1.8.0_221]
	at sun.reflect.NativeMethodAccessorImpl.invoke(NativeMethodAccessorImpl.java:62) ~[?:1.8.0_221]
	at sun.reflect.DelegatingMethodAccessorImpl.invoke(DelegatingMethodAccessorImpl.java:43) ~[?:1.8.0_221]
	at java.lang.reflect.Method.invoke(Method.java:498) ~[?:1.8.0_221]
	at org.codehaus.groovy.reflection.CachedMethod.invoke(CachedMethod.java:98) ~[groovy-all-2.4.16.jar:2.4.16]
	at groovy.lang.MetaMethod.doMethodInvoke(MetaMethod.java:325) ~[groovy-all-2.4.16.jar:2.4.16]
	at org.codehaus.groovy.runtime.metaclass.ClosureMetaClass.invokeMethod(ClosureMetaClass.java:264) ~[groovy-all-2.4.16.jar:2.4.16]
	at groovy.lang.MetaClassImpl.invokeMethod(MetaClassImpl.java:1034) ~[groovy-all-2.4.16.jar:2.4.16]
	at groovy.lang.Closure.call(Closure.java:420) ~[groovy-all-2.4.16.jar:2.4.16]
	at org.spockframework.runtime.GroovyRuntimeUtil.invokeClosure(GroovyRuntimeUtil.java:201) ~[spock-core-1.2-groovy-2.4.jar:1.2]
	at org.spockframework.mock.response.CodeResponseGenerator.invokeClosure(CodeResponseGenerator.java:54) ~[spock-core-1.2-groovy-2.4.jar:1.2]
	at org.spockframework.mock.response.CodeResponseGenerator.doRespond(CodeResponseGenerator.java:37) ~[spock-core-1.2-groovy-2.4.jar:1.2]
	at org.spockframework.mock.response.SingleResponseGenerator.respond(SingleResponseGenerator.java:32) ~[spock-core-1.2-groovy-2.4.jar:1.2]
	at org.spockframework.mock.response.ResponseGeneratorChain.respond(ResponseGeneratorChain.java:44) ~[spock-core-1.2-groovy-2.4.jar:1.2]
	at org.spockframework.mock.runtime.MockInteraction.accept(MockInteraction.java:72) ~[spock-core-1.2-groovy-2.4.jar:1.2]
	at org.spockframework.mock.runtime.MockInteractionDecorator.accept(MockInteractionDecorator.java:50) ~[spock-core-1.2-groovy-2.4.jar:1.2]
	at org.spockframework.mock.runtime.InteractionScope$1.accept(InteractionScope.java:51) ~[spock-core-1.2-groovy-2.4.jar:1.2]
	at org.spockframework.mock.runtime.MockController.handle(MockController.java:40) ~[spock-core-1.2-groovy-2.4.jar:1.2]
	at org.spockframework.mock.runtime.JavaMockInterceptor.intercept(JavaMockInterceptor.java:72) ~[spock-core-1.2-groovy-2.4.jar:1.2]
	at org.spockframework.mock.runtime.DynamicProxyMockInterceptorAdapter.invoke(DynamicProxyMockInterceptorAdapter.java:34) ~[spock-core-1.2-groovy-2.4.jar:1.2]
	at com.sun.proxy.$Proxy41.close(Unknown Source) ~[?:?]
	at org.apache.jmeter.protocol.jdbc.AbstractJDBCTestElement.close(AbstractJDBCTestElement.java:642) ~[main/:?]
	at org.apache.jmeter.protocol.jdbc.AbstractJDBCTestElement$close$2.call(Unknown Source) ~[?:?]
	at org.codehaus.groovy.runtime.callsite.CallSiteArray.defaultCall(CallSiteArray.java:47) ~[groovy-all-2.4.16.jar:2.4.16]
	at org.codehaus.groovy.runtime.callsite.AbstractCallSite.call(AbstractCallSite.java:116) ~[groovy-all-2.4.16.jar:2.4.16]
	at org.codehaus.groovy.runtime.callsite.AbstractCallSite.call(AbstractCallSite.java:128) ~[groovy-all-2.4.16.jar:2.4.16]
	at org.apache.jmeter.protocol.jdbc.sampler.JDBCSamplerSpec.$spock_feature_0_4(JDBCSamplerSpec.groovy:108) ~[test/:?]
	at sun.reflect.NativeMethodAccessorImpl.invoke0(Native Method) ~[?:1.8.0_221]
	at sun.reflect.NativeMethodAccessorImpl.invoke(NativeMethodAccessorImpl.java:62) ~[?:1.8.0_221]
	at sun.reflect.DelegatingMethodAccessorImpl.invoke(DelegatingMethodAccessorImpl.java:43) ~[?:1.8.0_221]
	at java.lang.reflect.Method.invoke(Method.java:498) ~[?:1.8.0_221]
	at org.spockframework.util.ReflectionUtil.invokeMethod(ReflectionUtil.java:200) ~[spock-core-1.2-groovy-2.4.jar:1.2]
	at org.spockframework.runtime.model.MethodInfo.invoke(MethodInfo.java:113) ~[spock-core-1.2-groovy-2.4.jar:1.2]
	at org.spockframework.runtime.BaseSpecRunner.invokeRaw(BaseSpecRunner.java:484) ~[spock-core-1.2-groovy-2.4.jar:1.2]
	at org.spockframework.runtime.BaseSpecRunner.invoke(BaseSpecRunner.java:467) ~[spock-core-1.2-groovy-2.4.jar:1.2]
	at org.spockframework.runtime.BaseSpecRunner.runFeatureMethod(BaseSpecRunner.java:408) ~[spock-core-1.2-groovy-2.4.jar:1.2]
	at org.spockframework.runtime.BaseSpecRunner.doRunIteration(BaseSpecRunner.java:322) ~[spock-core-1.2-groovy-2.4.jar:1.2]
	at org.spockframework.runtime.BaseSpecRunner$6.invoke(BaseSpecRunner.java:306) ~[spock-core-1.2-groovy-2.4.jar:1.2]
	at org.spockframework.runtime.BaseSpecRunner.invokeRaw(BaseSpecRunner.java:484) ~[spock-core-1.2-groovy-2.4.jar:1.2]
	at org.spockframework.runtime.BaseSpecRunner.invoke(BaseSpecRunner.java:467) ~[spock-core-1.2-groovy-2.4.jar:1.2]
	at org.spockframework.runtime.BaseSpecRunner.runIteration(BaseSpecRunner.java:285) ~[spock-core-1.2-groovy-2.4.jar:1.2]
	at org.spockframework.runtime.BaseSpecRunner.initializeAndRunIteration(BaseSpecRunner.java:275) ~[spock-core-1.2-groovy-2.4.jar:1.2]
	at org.spockframework.runtime.BaseSpecRunner.runSimpleFeature(BaseSpecRunner.java:266) ~[spock-core-1.2-groovy-2.4.jar:1.2]
	at org.spockframework.runtime.BaseSpecRunner.doRunFeature(BaseSpecRunner.java:260) ~[spock-core-1.2-groovy-2.4.jar:1.2]
	at org.spockframework.runtime.BaseSpecRunner$5.invoke(BaseSpecRunner.java:243) ~[spock-core-1.2-groovy-2.4.jar:1.2]
	at org.spockframework.runtime.BaseSpecRunner.invokeRaw(BaseSpecRunner.java:484) ~[spock-core-1.2-groovy-2.4.jar:1.2]
	at org.spockframework.runtime.BaseSpecRunner.invoke(BaseSpecRunner.java:467) ~[spock-core-1.2-groovy-2.4.jar:1.2]
	at org.spockframework.runtime.BaseSpecRunner.runFeature(BaseSpecRunner.java:235) ~[spock-core-1.2-groovy-2.4.jar:1.2]
	at org.spockframework.runtime.BaseSpecRunner.runFeatures(BaseSpecRunner.java:185) ~[spock-core-1.2-groovy-2.4.jar:1.2]
	at org.spockframework.runtime.BaseSpecRunner.doRunSpec(BaseSpecRunner.java:95) ~[spock-core-1.2-groovy-2.4.jar:1.2]
	at org.spockframework.runtime.BaseSpecRunner$1.invoke(BaseSpecRunner.java:81) ~[spock-core-1.2-groovy-2.4.jar:1.2]
	at org.spockframework.runtime.BaseSpecRunner.invokeRaw(BaseSpecRunner.java:484) ~[spock-core-1.2-groovy-2.4.jar:1.2]
	at org.spockframework.runtime.BaseSpecRunner.invoke(BaseSpecRunner.java:467) ~[spock-core-1.2-groovy-2.4.jar:1.2]
	at org.spockframework.runtime.BaseSpecRunner.runSpec(BaseSpecRunner.java:73) ~[spock-core-1.2-groovy-2.4.jar:1.2]
	at org.spockframework.runtime.BaseSpecRunner.run(BaseSpecRunner.java:64) ~[spock-core-1.2-groovy-2.4.jar:1.2]
	at org.spockframework.runtime.Sputnik.run(Sputnik.java:63) ~[spock-core-1.2-groovy-2.4.jar:1.2]
	at org.junit.runner.JUnitCore.run(JUnitCore.java:137) ~[junit-4.12.jar:4.12]
	at org.junit.runner.JUnitCore.run(JUnitCore.java:115) ~[junit-4.12.jar:4.12]
	at org.junit.vintage.engine.execution.RunnerExecutor.execute(RunnerExecutor.java:40) ~[junit-vintage-engine-5.5.1.jar:5.5.1]
	at java.util.stream.ForEachOps$ForEachOp$OfRef.accept(ForEachOps.java:184) ~[?:1.8.0_221]
	at java.util.stream.ReferencePipeline$3$1.accept(ReferencePipeline.java:193) ~[?:1.8.0_221]
	at java.util.Iterator.forEachRemaining(Iterator.java:116) ~[?:1.8.0_221]
	at java.util.Spliterators$IteratorSpliterator.forEachRemaining(Spliterators.java:1801) ~[?:1.8.0_221]
	at java.util.stream.AbstractPipeline.copyInto(AbstractPipeline.java:482) ~[?:1.8.0_221]
	at java.util.stream.AbstractPipeline.wrapAndCopyInto(AbstractPipeline.java:472) ~[?:1.8.0_221]
	at java.util.stream.ForEachOps$ForEachOp.evaluateSequential(ForEachOps.java:151) ~[?:1.8.0_221]
	at java.util.stream.ForEachOps$ForEachOp$OfRef.evaluateSequential(ForEachOps.java:174) ~[?:1.8.0_221]
	at java.util.stream.AbstractPipeline.evaluate(AbstractPipeline.java:234) ~[?:1.8.0_221]
	at java.util.stream.ReferencePipeline.forEach(ReferencePipeline.java:418) ~[?:1.8.0_221]
	at org.junit.vintage.engine.VintageTestEngine.executeAllChildren(VintageTestEngine.java:80) ~[junit-vintage-engine-5.5.1.jar:5.5.1]
	at org.junit.vintage.engine.VintageTestEngine.execute(VintageTestEngine.java:71) ~[junit-vintage-engine-5.5.1.jar:5.5.1]
	at org.junit.platform.launcher.core.DefaultLauncher.execute(DefaultLauncher.java:220) ~[junit-platform-launcher-1.3.1.jar:1.3.1]
	at org.junit.platform.launcher.core.DefaultLauncher.lambda$execute$6(DefaultLauncher.java:188) ~[junit-platform-launcher-1.3.1.jar:1.3.1]
	at org.junit.platform.launcher.core.DefaultLauncher.withInterceptedStreams(DefaultLauncher.java:202) [junit-platform-launcher-1.3.1.jar:1.3.1]
	at org.junit.platform.launcher.core.DefaultLauncher.execute(DefaultLauncher.java:181) [junit-platform-launcher-1.3.1.jar:1.3.1]
	at org.junit.platform.launcher.core.DefaultLauncher.execute(DefaultLauncher.java:128) [junit-platform-launcher-1.3.1.jar:1.3.1]
	at org.gradle.api.internal.tasks.testing.junitplatform.JUnitPlatformTestClassProcessor$CollectAllTestClassesExecutor.processAllTestClasses(JUnitPlatformTestClassProcessor.java:99) [gradle-testing-junit-platform-6.0.1.jar:6.0.1]
	at org.gradle.api.internal.tasks.testing.junitplatform.JUnitPlatformTestClassProcessor$CollectAllTestClassesExecutor.access$000(JUnitPlatformTestClassProcessor.java:79) [gradle-testing-junit-platform-6.0.1.jar:6.0.1]
	at org.gradle.api.internal.tasks.testing.junitplatform.JUnitPlatformTestClassProcessor.stop(JUnitPlatformTestClassProcessor.java:75) [gradle-testing-junit-platform-6.0.1.jar:6.0.1]
	at org.gradle.api.internal.tasks.testing.SuiteTestClassProcessor.stop(SuiteTestClassProcessor.java:61) [gradle-testing-base-6.0.1.jar:6.0.1]
	at sun.reflect.NativeMethodAccessorImpl.invoke0(Native Method) ~[?:1.8.0_221]
	at sun.reflect.NativeMethodAccessorImpl.invoke(NativeMethodAccessorImpl.java:62) ~[?:1.8.0_221]
	at sun.reflect.DelegatingMethodAccessorImpl.invoke(DelegatingMethodAccessorImpl.java:43) ~[?:1.8.0_221]
	at java.lang.reflect.Method.invoke(Method.java:498) ~[?:1.8.0_221]
	at org.gradle.internal.dispatch.ReflectionDispatch.dispatch(ReflectionDispatch.java:36) [gradle-messaging-6.0.1.jar:6.0.1]
	at org.gradle.internal.dispatch.ReflectionDispatch.dispatch(ReflectionDispatch.java:24) [gradle-messaging-6.0.1.jar:6.0.1]
	at org.gradle.internal.dispatch.ContextClassLoaderDispatch.dispatch(ContextClassLoaderDispatch.java:33) [gradle-messaging-6.0.1.jar:6.0.1]
	at org.gradle.internal.dispatch.ProxyDispatchAdapter$DispatchingInvocationHandler.invoke(ProxyDispatchAdapter.java:94) [gradle-messaging-6.0.1.jar:6.0.1]
	at com.sun.proxy.$Proxy2.stop(Unknown Source) [?:?]
	at org.gradle.api.internal.tasks.testing.worker.TestWorker.stop(TestWorker.java:132) [gradle-testing-base-6.0.1.jar:6.0.1]
	at sun.reflect.NativeMethodAccessorImpl.invoke0(Native Method) ~[?:1.8.0_221]
	at sun.reflect.NativeMethodAccessorImpl.invoke(NativeMethodAccessorImpl.java:62) ~[?:1.8.0_221]
	at sun.reflect.DelegatingMethodAccessorImpl.invoke(DelegatingMethodAccessorImpl.java:43) ~[?:1.8.0_221]
	at java.lang.reflect.Method.invoke(Method.java:498) ~[?:1.8.0_221]
	at org.gradle.internal.dispatch.ReflectionDispatch.dispatch(ReflectionDispatch.java:36) [gradle-messaging-6.0.1.jar:6.0.1]
	at org.gradle.internal.dispatch.ReflectionDispatch.dispatch(ReflectionDispatch.java:24) [gradle-messaging-6.0.1.jar:6.0.1]
	at org.gradle.internal.remote.internal.hub.MessageHubBackedObjectConnection$DispatchWrapper.dispatch(MessageHubBackedObjectConnection.java:182) [gradle-messaging-6.0.1.jar:6.0.1]
	at org.gradle.internal.remote.internal.hub.MessageHubBackedObjectConnection$DispatchWrapper.dispatch(MessageHubBackedObjectConnection.java:164) [gradle-messaging-6.0.1.jar:6.0.1]
	at org.gradle.internal.remote.internal.hub.MessageHub$Handler.run(MessageHub.java:412) [gradle-messaging-6.0.1.jar:6.0.1]
	at org.gradle.internal.concurrent.ExecutorPolicy$CatchAndRecordFailures.onExecute(ExecutorPolicy.java:64) [gradle-base-services-6.0.1.jar:6.0.1]
	at org.gradle.internal.concurrent.ManagedExecutorImpl$1.run(ManagedExecutorImpl.java:48) [gradle-base-services-6.0.1.jar:6.0.1]
	at java.util.concurrent.ThreadPoolExecutor.runWorker(ThreadPoolExecutor.java:1149) [?:1.8.0_221]
	at java.util.concurrent.ThreadPoolExecutor$Worker.run(ThreadPoolExecutor.java:624) [?:1.8.0_221]
	at org.gradle.internal.concurrent.ThreadFactoryImpl$ManagedThreadRunnable.run(ThreadFactoryImpl.java:56) [gradle-base-services-6.0.1.jar:6.0.1]
	at java.lang.Thread.run(Thread.java:748) [?:1.8.0_221]
